$ umask 022 && mkdir -p "/buildbot/src/android/rust-toolchain/out/package/lib/rustlib"
$ echo "3" > "/buildbot/src/android/rust-toolchain/out/package/lib/rustlib/rust-installer-version"
install: creating uninstall script at /buildbot/src/android/rust-toolchain/out/package/lib/rustlib/uninstall.sh
$ cp /buildbot/src/android/rust-toolchain/out/rustc/build/tmp/tarball/rustc/x86_64-pc-windows-gnu/rustc-1.71.0-dev-x86_64-pc-windows-gnu/install.sh /buildbot/src/android/rust-toolchain/out/package/lib/rustlib/uninstall.sh
install: installing component 'rustc'
$ echo "rustc" >> "/buildbot/src/android/rust-toolchain/out/package/lib/rustlib/components"
$ umask 022 && mkdir -p "/buildbot/src/android/rust-toolchain/out/package/bin"
install: copying file /buildbot/src/android/rust-toolchain/out/package/bin/chalk_derive-ec925355448f188e.dll
$ cp /buildbot/src/android/rust-toolchain/out/rustc/build/tmp/tarball/rustc/x86_64-pc-windows-gnu/rustc-1.71.0-dev-x86_64-pc-windows-gnu/rustc/bin/chalk_derive-ec925355448f188e.dll /buildbot/src/android/rust-toolchain/out/package/bin/chalk_derive-ec925355448f188e.dll
$ chmod 755 /buildbot/src/android/rust-toolchain/out/package/bin/chalk_derive-ec925355448f188e.dll
$ echo "file:/buildbot/src/android/rust-toolchain/out/package/bin/chalk_derive-ec925355448f188e.dll" >> "/buildbot/src/android/rust-toolchain/out/package/lib/rustlib/manifest-rustc"
$ umask 022 && mkdir -p "/buildbot/src/android/rust-toolchain/out/package/bin"
install: copying file /buildbot/src/android/rust-toolchain/out/package/bin/cstr-2746b31eefb071df.dll
$ cp /buildbot/src/android/rust-toolchain/out/rustc/build/tmp/tarball/rustc/x86_64-pc-windows-gnu/rustc-1.71.0-dev-x86_64-pc-windows-gnu/rustc/bin/cstr-2746b31eefb071df.dll /buildbot/src/android/rust-toolchain/out/package/bin/cstr-2746b31eefb071df.dll
$ chmod 755 /buildbot/src/android/rust-toolchain/out/package/bin/cstr-2746b31eefb071df.dll
$ echo "file:/buildbot/src/android/rust-toolchain/out/package/bin/cstr-2746b31eefb071df.dll" >> "/buildbot/src/android/rust-toolchain/out/package/lib/rustlib/manifest-rustc"
$ umask 022 && mkdir -p "/buildbot/src/android/rust-toolchain/out/package/bin"
install: copying file /buildbot/src/android/rust-toolchain/out/package/bin/derive_more-d4c0374719ce63f2.dll
$ cp /buildbot/src/android/rust-toolchain/out/rustc/build/tmp/tarball/rustc/x86_64-pc-windows-gnu/rustc-1.71.0-dev-x86_64-pc-windows-gnu/rustc/bin/derive_more-d4c0374719ce63f2.dll /buildbot/src/android/rust-toolchain/out/package/bin/derive_more-d4c0374719ce63f2.dll
$ chmod 755 /buildbot/src/android/rust-toolchain/out/package/bin/derive_more-d4c0374719ce63f2.dll
$ echo "file:/buildbot/src/android/rust-toolchain/out/package/bin/derive_more-d4c0374719ce63f2.dll" >> "/buildbot/src/android/rust-toolchain/out/package/lib/rustlib/manifest-rustc"
$ umask 022 && mkdir -p "/buildbot/src/android/rust-toolchain/out/package/bin"
install: copying file /buildbot/src/android/rust-toolchain/out/package/bin/displaydoc-beb1e13a4b839b0b.dll
$ cp /buildbot/src/android/rust-toolchain/out/rustc/build/tmp/tarball/rustc/x86_64-pc-windows-gnu/rustc-1.71.0-dev-x86_64-pc-windows-gnu/rustc/bin/displaydoc-beb1e13a4b839b0b.dll /buildbot/src/android/rust-toolchain/out/package/bin/displaydoc-beb1e13a4b839b0b.dll
$ chmod 755 /buildbot/src/android/rust-toolchain/out/package/bin/displaydoc-beb1e13a4b839b0b.dll
$ echo "file:/buildbot/src/android/rust-toolchain/out/package/bin/displaydoc-beb1e13a4b839b0b.dll" >> "/buildbot/src/android/rust-toolchain/out/package/lib/rustlib/manifest-rustc"
$ umask 022 && mkdir -p "/buildbot/src/android/rust-toolchain/out/package/bin"
install: copying file /buildbot/src/android/rust-toolchain/out/package/bin/icu_provider_macros-6d2f0023b6cfd1b8.dll
$ cp /buildbot/src/android/rust-toolchain/out/rustc/build/tmp/tarball/rustc/x86_64-pc-windows-gnu/rustc-1.71.0-dev-x86_64-pc-windows-gnu/rustc/bin/icu_provider_macros-6d2f0023b6cfd1b8.dll /buildbot/src/android/rust-toolchain/out/package/bin/icu_provider_macros-6d2f0023b6cfd1b8.dll
$ chmod 755 /buildbot/src/android/rust-toolchain/out/package/bin/icu_provider_macros-6d2f0023b6cfd1b8.dll
$ echo "file:/buildbot/src/android/rust-toolchain/out/package/bin/icu_provider_macros-6d2f0023b6cfd1b8.dll" >> "/buildbot/src/android/rust-toolchain/out/package/lib/rustlib/manifest-rustc"
$ umask 022 && mkdir -p "/buildbot/src/android/rust-toolchain/out/package/bin"
install: copying file /buildbot/src/android/rust-toolchain/out/package/bin/proc_macro_hack-e6927a739cd9d2cf.dll
$ cp /buildbot/src/android/rust-toolchain/out/rustc/build/tmp/tarball/rustc/x86_64-pc-windows-gnu/rustc-1.71.0-dev-x86_64-pc-windows-gnu/rustc/bin/proc_macro_hack-e6927a739cd9d2cf.dll /buildbot/src/android/rust-toolchain/out/package/bin/proc_macro_hack-e6927a739cd9d2cf.dll
$ chmod 755 /buildbot/src/android/rust-toolchain/out/package/bin/proc_macro_hack-e6927a739cd9d2cf.dll
$ echo "file:/buildbot/src/android/rust-toolchain/out/package/bin/proc_macro_hack-e6927a739cd9d2cf.dll" >> "/buildbot/src/android/rust-toolchain/out/package/lib/rustlib/manifest-rustc"
$ umask 022 && mkdir -p "/buildbot/src/android/rust-toolchain/out/package/bin"
install: copying file /buildbot/src/android/rust-toolchain/out/package/bin/rust-gdb
$ cp /buildbot/src/android/rust-toolchain/out/rustc/build/tmp/tarball/rustc/x86_64-pc-windows-gnu/rustc-1.71.0-dev-x86_64-pc-windows-gnu/rustc/bin/rust-gdb /buildbot/src/android/rust-toolchain/out/package/bin/rust-gdb
$ chmod 755 /buildbot/src/android/rust-toolchain/out/package/bin/rust-gdb
$ echo "file:/buildbot/src/android/rust-toolchain/out/package/bin/rust-gdb" >> "/buildbot/src/android/rust-toolchain/out/package/lib/rustlib/manifest-rustc"
$ umask 022 && mkdir -p "/buildbot/src/android/rust-toolchain/out/package/bin"
install: copying file /buildbot/src/android/rust-toolchain/out/package/bin/rust-gdbgui
$ cp /buildbot/src/android/rust-toolchain/out/rustc/build/tmp/tarball/rustc/x86_64-pc-windows-gnu/rustc-1.71.0-dev-x86_64-pc-windows-gnu/rustc/bin/rust-gdbgui /buildbot/src/android/rust-toolchain/out/package/bin/rust-gdbgui
$ chmod 755 /buildbot/src/android/rust-toolchain/out/package/bin/rust-gdbgui
$ echo "file:/buildbot/src/android/rust-toolchain/out/package/bin/rust-gdbgui" >> "/buildbot/src/android/rust-toolchain/out/package/lib/rustlib/manifest-rustc"
$ umask 022 && mkdir -p "/buildbot/src/android/rust-toolchain/out/package/bin"
install: copying file /buildbot/src/android/rust-toolchain/out/package/bin/rust-lldb
$ cp /buildbot/src/android/rust-toolchain/out/rustc/build/tmp/tarball/rustc/x86_64-pc-windows-gnu/rustc-1.71.0-dev-x86_64-pc-windows-gnu/rustc/bin/rust-lldb /buildbot/src/android/rust-toolchain/out/package/bin/rust-lldb
$ chmod 755 /buildbot/src/android/rust-toolchain/out/package/bin/rust-lldb
$ echo "file:/buildbot/src/android/rust-toolchain/out/package/bin/rust-lldb" >> "/buildbot/src/android/rust-toolchain/out/package/lib/rustlib/manifest-rustc"
$ umask 022 && mkdir -p "/buildbot/src/android/rust-toolchain/out/package/bin"
install: copying file /buildbot/src/android/rust-toolchain/out/package/bin/rustc.exe
$ cp /buildbot/src/android/rust-toolchain/out/rustc/build/tmp/tarball/rustc/x86_64-pc-windows-gnu/rustc-1.71.0-dev-x86_64-pc-windows-gnu/rustc/bin/rustc.exe /buildbot/src/android/rust-toolchain/out/package/bin/rustc.exe
$ chmod 755 /buildbot/src/android/rust-toolchain/out/package/bin/rustc.exe
$ echo "file:/buildbot/src/android/rust-toolchain/out/package/bin/rustc.exe" >> "/buildbot/src/android/rust-toolchain/out/package/lib/rustlib/manifest-rustc"
$ umask 022 && mkdir -p "/buildbot/src/android/rust-toolchain/out/package/bin"
install: copying file /buildbot/src/android/rust-toolchain/out/package/bin/rustc_driver-b0a3efc9759a446d.dll
$ cp /buildbot/src/android/rust-toolchain/out/rustc/build/tmp/tarball/rustc/x86_64-pc-windows-gnu/rustc-1.71.0-dev-x86_64-pc-windows-gnu/rustc/bin/rustc_driver-b0a3efc9759a446d.dll /buildbot/src/android/rust-toolchain/out/package/bin/rustc_driver-b0a3efc9759a446d.dll
$ chmod 755 /buildbot/src/android/rust-toolchain/out/package/bin/rustc_driver-b0a3efc9759a446d.dll
$ echo "file:/buildbot/src/android/rust-toolchain/out/package/bin/rustc_driver-b0a3efc9759a446d.dll" >> "/buildbot/src/android/rust-toolchain/out/package/lib/rustlib/manifest-rustc"
$ umask 022 && mkdir -p "/buildbot/src/android/rust-toolchain/out/package/bin"
install: copying file /buildbot/src/android/rust-toolchain/out/package/bin/rustc_fluent_macro-43e44a8712632167.dll
$ cp /buildbot/src/android/rust-toolchain/out/rustc/build/tmp/tarball/rustc/x86_64-pc-windows-gnu/rustc-1.71.0-dev-x86_64-pc-windows-gnu/rustc/bin/rustc_fluent_macro-43e44a8712632167.dll /buildbot/src/android/rust-toolchain/out/package/bin/rustc_fluent_macro-43e44a8712632167.dll
$ chmod 755 /buildbot/src/android/rust-toolchain/out/package/bin/rustc_fluent_macro-43e44a8712632167.dll
$ echo "file:/buildbot/src/android/rust-toolchain/out/package/bin/rustc_fluent_macro-43e44a8712632167.dll" >> "/buildbot/src/android/rust-toolchain/out/package/lib/rustlib/manifest-rustc"
$ umask 022 && mkdir -p "/buildbot/src/android/rust-toolchain/out/package/bin"
install: copying file /buildbot/src/android/rust-toolchain/out/package/bin/rustc_macros-3211c230917760c6.dll
$ cp /buildbot/src/android/rust-toolchain/out/rustc/build/tmp/tarball/rustc/x86_64-pc-windows-gnu/rustc-1.71.0-dev-x86_64-pc-windows-gnu/rustc/bin/rustc_macros-3211c230917760c6.dll /buildbot/src/android/rust-toolchain/out/package/bin/rustc_macros-3211c230917760c6.dll
$ chmod 755 /buildbot/src/android/rust-toolchain/out/package/bin/rustc_macros-3211c230917760c6.dll
$ echo "file:/buildbot/src/android/rust-toolchain/out/package/bin/rustc_macros-3211c230917760c6.dll" >> "/buildbot/src/android/rust-toolchain/out/package/lib/rustlib/manifest-rustc"
$ umask 022 && mkdir -p "/buildbot/src/android/rust-toolchain/out/package/bin"
install: copying file /buildbot/src/android/rust-toolchain/out/package/bin/rustdoc.exe
$ cp /buildbot/src/android/rust-toolchain/out/rustc/build/tmp/tarball/rustc/x86_64-pc-windows-gnu/rustc-1.71.0-dev-x86_64-pc-windows-gnu/rustc/bin/rustdoc.exe /buildbot/src/android/rust-toolchain/out/package/bin/rustdoc.exe
$ chmod 755 /buildbot/src/android/rust-toolchain/out/package/bin/rustdoc.exe
$ echo "file:/buildbot/src/android/rust-toolchain/out/package/bin/rustdoc.exe" >> "/buildbot/src/android/rust-toolchain/out/package/lib/rustlib/manifest-rustc"
$ umask 022 && mkdir -p "/buildbot/src/android/rust-toolchain/out/package/bin"
install: copying file /buildbot/src/android/rust-toolchain/out/package/bin/serde_derive-e2e280ee4176fdb1.dll
$ cp /buildbot/src/android/rust-toolchain/out/rustc/build/tmp/tarball/rustc/x86_64-pc-windows-gnu/rustc-1.71.0-dev-x86_64-pc-windows-gnu/rustc/bin/serde_derive-e2e280ee4176fdb1.dll /buildbot/src/android/rust-toolchain/out/package/bin/serde_derive-e2e280ee4176fdb1.dll
$ chmod 755 /buildbot/src/android/rust-toolchain/out/package/bin/serde_derive-e2e280ee4176fdb1.dll
$ echo "file:/buildbot/src/android/rust-toolchain/out/package/bin/serde_derive-e2e280ee4176fdb1.dll" >> "/buildbot/src/android/rust-toolchain/out/package/lib/rustlib/manifest-rustc"
$ umask 022 && mkdir -p "/buildbot/src/android/rust-toolchain/out/package/bin"
install: copying file /buildbot/src/android/rust-toolchain/out/package/bin/std-4a2bbea9e466b524.dll
$ cp /buildbot/src/android/rust-toolchain/out/rustc/build/tmp/tarball/rustc/x86_64-pc-windows-gnu/rustc-1.71.0-dev-x86_64-pc-windows-gnu/rustc/bin/std-4a2bbea9e466b524.dll /buildbot/src/android/rust-toolchain/out/package/bin/std-4a2bbea9e466b524.dll
$ chmod 755 /buildbot/src/android/rust-toolchain/out/package/bin/std-4a2bbea9e466b524.dll
$ echo "file:/buildbot/src/android/rust-toolchain/out/package/bin/std-4a2bbea9e466b524.dll" >> "/buildbot/src/android/rust-toolchain/out/package/lib/rustlib/manifest-rustc"
$ umask 022 && mkdir -p "/buildbot/src/android/rust-toolchain/out/package/bin"
install: copying file /buildbot/src/android/rust-toolchain/out/package/bin/test-a053cc0820053eb8.dll
$ cp /buildbot/src/android/rust-toolchain/out/rustc/build/tmp/tarball/rustc/x86_64-pc-windows-gnu/rustc-1.71.0-dev-x86_64-pc-windows-gnu/rustc/bin/test-a053cc0820053eb8.dll /buildbot/src/android/rust-toolchain/out/package/bin/test-a053cc0820053eb8.dll
$ chmod 755 /buildbot/src/android/rust-toolchain/out/package/bin/test-a053cc0820053eb8.dll
$ echo "file:/buildbot/src/android/rust-toolchain/out/package/bin/test-a053cc0820053eb8.dll" >> "/buildbot/src/android/rust-toolchain/out/package/lib/rustlib/manifest-rustc"
$ umask 022 && mkdir -p "/buildbot/src/android/rust-toolchain/out/package/bin"
install: copying file /buildbot/src/android/rust-toolchain/out/package/bin/thiserror_impl-c80c2866889aecf5.dll
$ cp /buildbot/src/android/rust-toolchain/out/rustc/build/tmp/tarball/rustc/x86_64-pc-windows-gnu/rustc-1.71.0-dev-x86_64-pc-windows-gnu/rustc/bin/thiserror_impl-c80c2866889aecf5.dll /buildbot/src/android/rust-toolchain/out/package/bin/thiserror_impl-c80c2866889aecf5.dll
$ chmod 755 /buildbot/src/android/rust-toolchain/out/package/bin/thiserror_impl-c80c2866889aecf5.dll
$ echo "file:/buildbot/src/android/rust-toolchain/out/package/bin/thiserror_impl-c80c2866889aecf5.dll" >> "/buildbot/src/android/rust-toolchain/out/package/lib/rustlib/manifest-rustc"
$ umask 022 && mkdir -p "/buildbot/src/android/rust-toolchain/out/package/bin"
install: copying file /buildbot/src/android/rust-toolchain/out/package/bin/tracing_attributes-b443a0b2956d34e0.dll
$ cp /buildbot/src/android/rust-toolchain/out/rustc/build/tmp/tarball/rustc/x86_64-pc-windows-gnu/rustc-1.71.0-dev-x86_64-pc-windows-gnu/rustc/bin/tracing_attributes-b443a0b2956d34e0.dll /buildbot/src/android/rust-toolchain/out/package/bin/tracing_attributes-b443a0b2956d34e0.dll
$ chmod 755 /buildbot/src/android/rust-toolchain/out/package/bin/tracing_attributes-b443a0b2956d34e0.dll
$ echo "file:/buildbot/src/android/rust-toolchain/out/package/bin/tracing_attributes-b443a0b2956d34e0.dll" >> "/buildbot/src/android/rust-toolchain/out/package/lib/rustlib/manifest-rustc"
$ umask 022 && mkdir -p "/buildbot/src/android/rust-toolchain/out/package/bin"
install: copying file /buildbot/src/android/rust-toolchain/out/package/bin/unic_langid_macros_impl-ec5b0631812e1cba.dll
$ cp /buildbot/src/android/rust-toolchain/out/rustc/build/tmp/tarball/rustc/x86_64-pc-windows-gnu/rustc-1.71.0-dev-x86_64-pc-windows-gnu/rustc/bin/unic_langid_macros_impl-ec5b0631812e1cba.dll /buildbot/src/android/rust-toolchain/out/package/bin/unic_langid_macros_impl-ec5b0631812e1cba.dll
$ chmod 755 /buildbot/src/android/rust-toolchain/out/package/bin/unic_langid_macros_impl-ec5b0631812e1cba.dll
$ echo "file:/buildbot/src/android/rust-toolchain/out/package/bin/unic_langid_macros_impl-ec5b0631812e1cba.dll" >> "/buildbot/src/android/rust-toolchain/out/package/lib/rustlib/manifest-rustc"
$ umask 022 && mkdir -p "/buildbot/src/android/rust-toolchain/out/package/bin"
install: copying file /buildbot/src/android/rust-toolchain/out/package/bin/yoke_derive-652bd537d4ddf7ea.dll
$ cp /buildbot/src/android/rust-toolchain/out/rustc/build/tmp/tarball/rustc/x86_64-pc-windows-gnu/rustc-1.71.0-dev-x86_64-pc-windows-gnu/rustc/bin/yoke_derive-652bd537d4ddf7ea.dll /buildbot/src/android/rust-toolchain/out/package/bin/yoke_derive-652bd537d4ddf7ea.dll
$ chmod 755 /buildbot/src/android/rust-toolchain/out/package/bin/yoke_derive-652bd537d4ddf7ea.dll
$ echo "file:/buildbot/src/android/rust-toolchain/out/package/bin/yoke_derive-652bd537d4ddf7ea.dll" >> "/buildbot/src/android/rust-toolchain/out/package/lib/rustlib/manifest-rustc"
$ umask 022 && mkdir -p "/buildbot/src/android/rust-toolchain/out/package/bin"
install: copying file /buildbot/src/android/rust-toolchain/out/package/bin/zerofrom_derive-6a3e85071c395f98.dll
$ cp /buildbot/src/android/rust-toolchain/out/rustc/build/tmp/tarball/rustc/x86_64-pc-windows-gnu/rustc-1.71.0-dev-x86_64-pc-windows-gnu/rustc/bin/zerofrom_derive-6a3e85071c395f98.dll /buildbot/src/android/rust-toolchain/out/package/bin/zerofrom_derive-6a3e85071c395f98.dll
$ chmod 755 /buildbot/src/android/rust-toolchain/out/package/bin/zerofrom_derive-6a3e85071c395f98.dll
$ echo "file:/buildbot/src/android/rust-toolchain/out/package/bin/zerofrom_derive-6a3e85071c395f98.dll" >> "/buildbot/src/android/rust-toolchain/out/package/lib/rustlib/manifest-rustc"
$ umask 022 && mkdir -p "/buildbot/src/android/rust-toolchain/out/package/bin"
install: copying file /buildbot/src/android/rust-toolchain/out/package/bin/zerovec_derive-36fe82b14fbe2d40.dll
$ cp /buildbot/src/android/rust-toolchain/out/rustc/build/tmp/tarball/rustc/x86_64-pc-windows-gnu/rustc-1.71.0-dev-x86_64-pc-windows-gnu/rustc/bin/zerovec_derive-36fe82b14fbe2d40.dll /buildbot/src/android/rust-toolchain/out/package/bin/zerovec_derive-36fe82b14fbe2d40.dll
$ chmod 755 /buildbot/src/android/rust-toolchain/out/package/bin/zerovec_derive-36fe82b14fbe2d40.dll
$ echo "file:/buildbot/src/android/rust-toolchain/out/package/bin/zerovec_derive-36fe82b14fbe2d40.dll" >> "/buildbot/src/android/rust-toolchain/out/package/lib/rustlib/manifest-rustc"
$ umask 022 && mkdir -p "/buildbot/src/android/rust-toolchain/out/package/lib/rustlib/etc"
install: copying file /buildbot/src/android/rust-toolchain/out/package/lib/rustlib/etc/gdb_load_rust_pretty_printers.py
$ cp /buildbot/src/android/rust-toolchain/out/rustc/build/tmp/tarball/rustc/x86_64-pc-windows-gnu/rustc-1.71.0-dev-x86_64-pc-windows-gnu/rustc/lib/rustlib/etc/gdb_load_rust_pretty_printers.py /buildbot/src/android/rust-toolchain/out/package/lib/rustlib/etc/gdb_load_rust_pretty_printers.py
$ chmod 644 /buildbot/src/android/rust-toolchain/out/package/lib/rustlib/etc/gdb_load_rust_pretty_printers.py
$ echo "file:/buildbot/src/android/rust-toolchain/out/package/lib/rustlib/etc/gdb_load_rust_pretty_printers.py" >> "/buildbot/src/android/rust-toolchain/out/package/lib/rustlib/manifest-rustc"
$ umask 022 && mkdir -p "/buildbot/src/android/rust-toolchain/out/package/lib/rustlib/etc"
install: copying file /buildbot/src/android/rust-toolchain/out/package/lib/rustlib/etc/gdb_lookup.py
$ cp /buildbot/src/android/rust-toolchain/out/rustc/build/tmp/tarball/rustc/x86_64-pc-windows-gnu/rustc-1.71.0-dev-x86_64-pc-windows-gnu/rustc/lib/rustlib/etc/gdb_lookup.py /buildbot/src/android/rust-toolchain/out/package/lib/rustlib/etc/gdb_lookup.py
$ chmod 644 /buildbot/src/android/rust-toolchain/out/package/lib/rustlib/etc/gdb_lookup.py
$ echo "file:/buildbot/src/android/rust-toolchain/out/package/lib/rustlib/etc/gdb_lookup.py" >> "/buildbot/src/android/rust-toolchain/out/package/lib/rustlib/manifest-rustc"
$ umask 022 && mkdir -p "/buildbot/src/android/rust-toolchain/out/package/lib/rustlib/etc"
install: copying file /buildbot/src/android/rust-toolchain/out/package/lib/rustlib/etc/gdb_providers.py
$ cp /buildbot/src/android/rust-toolchain/out/rustc/build/tmp/tarball/rustc/x86_64-pc-windows-gnu/rustc-1.71.0-dev-x86_64-pc-windows-gnu/rustc/lib/rustlib/etc/gdb_providers.py /buildbot/src/android/rust-toolchain/out/package/lib/rustlib/etc/gdb_providers.py
$ chmod 644 /buildbot/src/android/rust-toolchain/out/package/lib/rustlib/etc/gdb_providers.py
$ echo "file:/buildbot/src/android/rust-toolchain/out/package/lib/rustlib/etc/gdb_providers.py" >> "/buildbot/src/android/rust-toolchain/out/package/lib/rustlib/manifest-rustc"
$ umask 022 && mkdir -p "/buildbot/src/android/rust-toolchain/out/package/lib/rustlib/etc"
install: copying file /buildbot/src/android/rust-toolchain/out/package/lib/rustlib/etc/lldb_commands
$ cp /buildbot/src/android/rust-toolchain/out/rustc/build/tmp/tarball/rustc/x86_64-pc-windows-gnu/rustc-1.71.0-dev-x86_64-pc-windows-gnu/rustc/lib/rustlib/etc/lldb_commands /buildbot/src/android/rust-toolchain/out/package/lib/rustlib/etc/lldb_commands
$ chmod 644 /buildbot/src/android/rust-toolchain/out/package/lib/rustlib/etc/lldb_commands
$ echo "file:/buildbot/src/android/rust-toolchain/out/package/lib/rustlib/etc/lldb_commands" >> "/buildbot/src/android/rust-toolchain/out/package/lib/rustlib/manifest-rustc"
$ umask 022 && mkdir -p "/buildbot/src/android/rust-toolchain/out/package/lib/rustlib/etc"
install: copying file /buildbot/src/android/rust-toolchain/out/package/lib/rustlib/etc/lldb_lookup.py
$ cp /buildbot/src/android/rust-toolchain/out/rustc/build/tmp/tarball/rustc/x86_64-pc-windows-gnu/rustc-1.71.0-dev-x86_64-pc-windows-gnu/rustc/lib/rustlib/etc/lldb_lookup.py /buildbot/src/android/rust-toolchain/out/package/lib/rustlib/etc/lldb_lookup.py
$ chmod 644 /buildbot/src/android/rust-toolchain/out/package/lib/rustlib/etc/lldb_lookup.py
$ echo "file:/buildbot/src/android/rust-toolchain/out/package/lib/rustlib/etc/lldb_lookup.py" >> "/buildbot/src/android/rust-toolchain/out/package/lib/rustlib/manifest-rustc"
$ umask 022 && mkdir -p "/buildbot/src/android/rust-toolchain/out/package/lib/rustlib/etc"
install: copying file /buildbot/src/android/rust-toolchain/out/package/lib/rustlib/etc/lldb_providers.py
$ cp /buildbot/src/android/rust-toolchain/out/rustc/build/tmp/tarball/rustc/x86_64-pc-windows-gnu/rustc-1.71.0-dev-x86_64-pc-windows-gnu/rustc/lib/rustlib/etc/lldb_providers.py /buildbot/src/android/rust-toolchain/out/package/lib/rustlib/etc/lldb_providers.py
$ chmod 644 /buildbot/src/android/rust-toolchain/out/package/lib/rustlib/etc/lldb_providers.py
$ echo "file:/buildbot/src/android/rust-toolchain/out/package/lib/rustlib/etc/lldb_providers.py" >> "/buildbot/src/android/rust-toolchain/out/package/lib/rustlib/manifest-rustc"
$ umask 022 && mkdir -p "/buildbot/src/android/rust-toolchain/out/package/lib/rustlib/etc"
install: copying file /buildbot/src/android/rust-toolchain/out/package/lib/rustlib/etc/rust_types.py
$ cp /buildbot/src/android/rust-toolchain/out/rustc/build/tmp/tarball/rustc/x86_64-pc-windows-gnu/rustc-1.71.0-dev-x86_64-pc-windows-gnu/rustc/lib/rustlib/etc/rust_types.py /buildbot/src/android/rust-toolchain/out/package/lib/rustlib/etc/rust_types.py
$ chmod 644 /buildbot/src/android/rust-toolchain/out/package/lib/rustlib/etc/rust_types.py
$ echo "file:/buildbot/src/android/rust-toolchain/out/package/lib/rustlib/etc/rust_types.py" >> "/buildbot/src/android/rust-toolchain/out/package/lib/rustlib/manifest-rustc"
$ umask 022 && mkdir -p "/buildbot/src/android/rust-toolchain/out/package/libexec"
install: copying file /buildbot/src/android/rust-toolchain/out/package/libexec/rust-analyzer-proc-macro-srv.exe
$ cp /buildbot/src/android/rust-toolchain/out/rustc/build/tmp/tarball/rustc/x86_64-pc-windows-gnu/rustc-1.71.0-dev-x86_64-pc-windows-gnu/rustc/libexec/rust-analyzer-proc-macro-srv.exe /buildbot/src/android/rust-toolchain/out/package/libexec/rust-analyzer-proc-macro-srv.exe
$ chmod 755 /buildbot/src/android/rust-toolchain/out/package/libexec/rust-analyzer-proc-macro-srv.exe
$ echo "file:/buildbot/src/android/rust-toolchain/out/package/libexec/rust-analyzer-proc-macro-srv.exe" >> "/buildbot/src/android/rust-toolchain/out/package/lib/rustlib/manifest-rustc"
$ umask 022 && mkdir -p "/buildbot/src/android/rust-toolchain/out/package/share/doc/rust"
install: copying file /buildbot/src/android/rust-toolchain/out/package/share/doc/rust/COPYRIGHT
$ cp /buildbot/src/android/rust-toolchain/out/rustc/build/tmp/tarball/rustc/x86_64-pc-windows-gnu/rustc-1.71.0-dev-x86_64-pc-windows-gnu/rustc/share/doc/rust/COPYRIGHT /buildbot/src/android/rust-toolchain/out/package/share/doc/rust/COPYRIGHT
$ chmod 644 /buildbot/src/android/rust-toolchain/out/package/share/doc/rust/COPYRIGHT
$ echo "file:/buildbot/src/android/rust-toolchain/out/package/share/doc/rust/COPYRIGHT" >> "/buildbot/src/android/rust-toolchain/out/package/lib/rustlib/manifest-rustc"
$ umask 022 && mkdir -p "/buildbot/src/android/rust-toolchain/out/package/share/doc/rust"
install: copying file /buildbot/src/android/rust-toolchain/out/package/share/doc/rust/LICENSE-APACHE
install: backing up existing file at /buildbot/src/android/rust-toolchain/out/package/share/doc/rust/LICENSE-APACHE
$ mv -f /buildbot/src/android/rust-toolchain/out/package/share/doc/rust/LICENSE-APACHE /buildbot/src/android/rust-toolchain/out/package/share/doc/rust/LICENSE-APACHE.old
$ cp /buildbot/src/android/rust-toolchain/out/rustc/build/tmp/tarball/rustc/x86_64-pc-windows-gnu/rustc-1.71.0-dev-x86_64-pc-windows-gnu/rustc/share/doc/rust/LICENSE-APACHE /buildbot/src/android/rust-toolchain/out/package/share/doc/rust/LICENSE-APACHE
$ chmod 644 /buildbot/src/android/rust-toolchain/out/package/share/doc/rust/LICENSE-APACHE
$ echo "file:/buildbot/src/android/rust-toolchain/out/package/share/doc/rust/LICENSE-APACHE" >> "/buildbot/src/android/rust-toolchain/out/package/lib/rustlib/manifest-rustc"
$ umask 022 && mkdir -p "/buildbot/src/android/rust-toolchain/out/package/share/doc/rust"
install: copying file /buildbot/src/android/rust-toolchain/out/package/share/doc/rust/LICENSE-MIT
install: backing up existing file at /buildbot/src/android/rust-toolchain/out/package/share/doc/rust/LICENSE-MIT
$ mv -f /buildbot/src/android/rust-toolchain/out/package/share/doc/rust/LICENSE-MIT /buildbot/src/android/rust-toolchain/out/package/share/doc/rust/LICENSE-MIT.old
$ cp /buildbot/src/android/rust-toolchain/out/rustc/build/tmp/tarball/rustc/x86_64-pc-windows-gnu/rustc-1.71.0-dev-x86_64-pc-windows-gnu/rustc/share/doc/rust/LICENSE-MIT /buildbot/src/android/rust-toolchain/out/package/share/doc/rust/LICENSE-MIT
$ chmod 644 /buildbot/src/android/rust-toolchain/out/package/share/doc/rust/LICENSE-MIT
$ echo "file:/buildbot/src/android/rust-toolchain/out/package/share/doc/rust/LICENSE-MIT" >> "/buildbot/src/android/rust-toolchain/out/package/lib/rustlib/manifest-rustc"
$ umask 022 && mkdir -p "/buildbot/src/android/rust-toolchain/out/package/share/doc/rust"
install: copying file /buildbot/src/android/rust-toolchain/out/package/share/doc/rust/README.md
install: backing up existing file at /buildbot/src/android/rust-toolchain/out/package/share/doc/rust/README.md
$ mv -f /buildbot/src/android/rust-toolchain/out/package/share/doc/rust/README.md /buildbot/src/android/rust-toolchain/out/package/share/doc/rust/README.md.old
$ cp /buildbot/src/android/rust-toolchain/out/rustc/build/tmp/tarball/rustc/x86_64-pc-windows-gnu/rustc-1.71.0-dev-x86_64-pc-windows-gnu/rustc/share/doc/rust/README.md /buildbot/src/android/rust-toolchain/out/package/share/doc/rust/README.md
$ chmod 644 /buildbot/src/android/rust-toolchain/out/package/share/doc/rust/README.md
$ echo "file:/buildbot/src/android/rust-toolchain/out/package/share/doc/rust/README.md" >> "/buildbot/src/android/rust-toolchain/out/package/lib/rustlib/manifest-rustc"
$ umask 022 && mkdir -p "/buildbot/src/android/rust-toolchain/out/package/share/man/man1"
install: copying file /buildbot/src/android/rust-toolchain/out/package/share/man/man1/rustc.1
$ cp /buildbot/src/android/rust-toolchain/out/rustc/build/tmp/tarball/rustc/x86_64-pc-windows-gnu/rustc-1.71.0-dev-x86_64-pc-windows-gnu/rustc/share/man/man1/rustc.1 /buildbot/src/android/rust-toolchain/out/package/share/man/man1/rustc.1
$ chmod 644 /buildbot/src/android/rust-toolchain/out/package/share/man/man1/rustc.1
$ echo "file:/buildbot/src/android/rust-toolchain/out/package/share/man/man1/rustc.1" >> "/buildbot/src/android/rust-toolchain/out/package/lib/rustlib/manifest-rustc"
$ umask 022 && mkdir -p "/buildbot/src/android/rust-toolchain/out/package/share/man/man1"
install: copying file /buildbot/src/android/rust-toolchain/out/package/share/man/man1/rustdoc.1
$ cp /buildbot/src/android/rust-toolchain/out/rustc/build/tmp/tarball/rustc/x86_64-pc-windows-gnu/rustc-1.71.0-dev-x86_64-pc-windows-gnu/rustc/share/man/man1/rustdoc.1 /buildbot/src/android/rust-toolchain/out/package/share/man/man1/rustdoc.1
$ chmod 644 /buildbot/src/android/rust-toolchain/out/package/share/man/man1/rustdoc.1
$ echo "file:/buildbot/src/android/rust-toolchain/out/package/share/man/man1/rustdoc.1" >> "/buildbot/src/android/rust-toolchain/out/package/lib/rustlib/manifest-rustc"
