$ umask 022 && mkdir -p "/usr/local/google/buildbot/src/android/rust-toolchain/out/lib/rustlib"
$ echo "3" > "/usr/local/google/buildbot/src/android/rust-toolchain/out/lib/rustlib/rust-installer-version"
install: creating uninstall script at /usr/local/google/buildbot/src/android/rust-toolchain/out/lib/rustlib/uninstall.sh
$ cp /usr/local/google/buildbot/src/android/rust-toolchain/toolchain/rustc/build/tmp/dist/rustc-1.36.0-dev-x86_64-unknown-linux-gnu/install.sh /usr/local/google/buildbot/src/android/rust-toolchain/out/lib/rustlib/uninstall.sh
install: installing component 'rustc'
$ echo "rustc" >> "/usr/local/google/buildbot/src/android/rust-toolchain/out/lib/rustlib/components"
$ umask 022 && mkdir -p "/usr/local/google/buildbot/src/android/rust-toolchain/out/share/doc/rust"
install: copying file /usr/local/google/buildbot/src/android/rust-toolchain/out/share/doc/rust/LICENSE-APACHE
install: backing up existing file at /usr/local/google/buildbot/src/android/rust-toolchain/out/share/doc/rust/LICENSE-APACHE
$ mv -f /usr/local/google/buildbot/src/android/rust-toolchain/out/share/doc/rust/LICENSE-APACHE /usr/local/google/buildbot/src/android/rust-toolchain/out/share/doc/rust/LICENSE-APACHE.old
$ cp /usr/local/google/buildbot/src/android/rust-toolchain/toolchain/rustc/build/tmp/dist/rustc-1.36.0-dev-x86_64-unknown-linux-gnu/rustc/share/doc/rust/LICENSE-APACHE /usr/local/google/buildbot/src/android/rust-toolchain/out/share/doc/rust/LICENSE-APACHE
$ chmod 644 /usr/local/google/buildbot/src/android/rust-toolchain/out/share/doc/rust/LICENSE-APACHE
$ echo "file:/usr/local/google/buildbot/src/android/rust-toolchain/out/share/doc/rust/LICENSE-APACHE" >> "/usr/local/google/buildbot/src/android/rust-toolchain/out/lib/rustlib/manifest-rustc"
$ umask 022 && mkdir -p "/usr/local/google/buildbot/src/android/rust-toolchain/out/share/doc/rust"
install: copying file /usr/local/google/buildbot/src/android/rust-toolchain/out/share/doc/rust/COPYRIGHT
$ cp /usr/local/google/buildbot/src/android/rust-toolchain/toolchain/rustc/build/tmp/dist/rustc-1.36.0-dev-x86_64-unknown-linux-gnu/rustc/share/doc/rust/COPYRIGHT /usr/local/google/buildbot/src/android/rust-toolchain/out/share/doc/rust/COPYRIGHT
$ chmod 644 /usr/local/google/buildbot/src/android/rust-toolchain/out/share/doc/rust/COPYRIGHT
$ echo "file:/usr/local/google/buildbot/src/android/rust-toolchain/out/share/doc/rust/COPYRIGHT" >> "/usr/local/google/buildbot/src/android/rust-toolchain/out/lib/rustlib/manifest-rustc"
$ umask 022 && mkdir -p "/usr/local/google/buildbot/src/android/rust-toolchain/out/share/doc/rust"
install: copying file /usr/local/google/buildbot/src/android/rust-toolchain/out/share/doc/rust/LICENSE-MIT
install: backing up existing file at /usr/local/google/buildbot/src/android/rust-toolchain/out/share/doc/rust/LICENSE-MIT
$ mv -f /usr/local/google/buildbot/src/android/rust-toolchain/out/share/doc/rust/LICENSE-MIT /usr/local/google/buildbot/src/android/rust-toolchain/out/share/doc/rust/LICENSE-MIT.old
$ cp /usr/local/google/buildbot/src/android/rust-toolchain/toolchain/rustc/build/tmp/dist/rustc-1.36.0-dev-x86_64-unknown-linux-gnu/rustc/share/doc/rust/LICENSE-MIT /usr/local/google/buildbot/src/android/rust-toolchain/out/share/doc/rust/LICENSE-MIT
$ chmod 644 /usr/local/google/buildbot/src/android/rust-toolchain/out/share/doc/rust/LICENSE-MIT
$ echo "file:/usr/local/google/buildbot/src/android/rust-toolchain/out/share/doc/rust/LICENSE-MIT" >> "/usr/local/google/buildbot/src/android/rust-toolchain/out/lib/rustlib/manifest-rustc"
$ umask 022 && mkdir -p "/usr/local/google/buildbot/src/android/rust-toolchain/out/share/doc/rust"
install: copying file /usr/local/google/buildbot/src/android/rust-toolchain/out/share/doc/rust/README.md
install: backing up existing file at /usr/local/google/buildbot/src/android/rust-toolchain/out/share/doc/rust/README.md
$ mv -f /usr/local/google/buildbot/src/android/rust-toolchain/out/share/doc/rust/README.md /usr/local/google/buildbot/src/android/rust-toolchain/out/share/doc/rust/README.md.old
$ cp /usr/local/google/buildbot/src/android/rust-toolchain/toolchain/rustc/build/tmp/dist/rustc-1.36.0-dev-x86_64-unknown-linux-gnu/rustc/share/doc/rust/README.md /usr/local/google/buildbot/src/android/rust-toolchain/out/share/doc/rust/README.md
$ chmod 644 /usr/local/google/buildbot/src/android/rust-toolchain/out/share/doc/rust/README.md
$ echo "file:/usr/local/google/buildbot/src/android/rust-toolchain/out/share/doc/rust/README.md" >> "/usr/local/google/buildbot/src/android/rust-toolchain/out/lib/rustlib/manifest-rustc"
$ umask 022 && mkdir -p "/usr/local/google/buildbot/src/android/rust-toolchain/out/share/man/man1"
install: copying file /usr/local/google/buildbot/src/android/rust-toolchain/out/share/man/man1/rustc.1
$ cp /usr/local/google/buildbot/src/android/rust-toolchain/toolchain/rustc/build/tmp/dist/rustc-1.36.0-dev-x86_64-unknown-linux-gnu/rustc/share/man/man1/rustc.1 /usr/local/google/buildbot/src/android/rust-toolchain/out/share/man/man1/rustc.1
$ chmod 644 /usr/local/google/buildbot/src/android/rust-toolchain/out/share/man/man1/rustc.1
$ echo "file:/usr/local/google/buildbot/src/android/rust-toolchain/out/share/man/man1/rustc.1" >> "/usr/local/google/buildbot/src/android/rust-toolchain/out/lib/rustlib/manifest-rustc"
$ umask 022 && mkdir -p "/usr/local/google/buildbot/src/android/rust-toolchain/out/share/man/man1"
install: copying file /usr/local/google/buildbot/src/android/rust-toolchain/out/share/man/man1/rustdoc.1
$ cp /usr/local/google/buildbot/src/android/rust-toolchain/toolchain/rustc/build/tmp/dist/rustc-1.36.0-dev-x86_64-unknown-linux-gnu/rustc/share/man/man1/rustdoc.1 /usr/local/google/buildbot/src/android/rust-toolchain/out/share/man/man1/rustdoc.1
$ chmod 644 /usr/local/google/buildbot/src/android/rust-toolchain/out/share/man/man1/rustdoc.1
$ echo "file:/usr/local/google/buildbot/src/android/rust-toolchain/out/share/man/man1/rustdoc.1" >> "/usr/local/google/buildbot/src/android/rust-toolchain/out/lib/rustlib/manifest-rustc"
$ umask 022 && mkdir -p "/usr/local/google/buildbot/src/android/rust-toolchain/out/lib"
install: copying file /usr/local/google/buildbot/src/android/rust-toolchain/out/lib/libgraphviz-f246a4e4ae7648c6.so
$ cp /usr/local/google/buildbot/src/android/rust-toolchain/toolchain/rustc/build/tmp/dist/rustc-1.36.0-dev-x86_64-unknown-linux-gnu/rustc/lib/libgraphviz-f246a4e4ae7648c6.so /usr/local/google/buildbot/src/android/rust-toolchain/out/lib/libgraphviz-f246a4e4ae7648c6.so
$ chmod 644 /usr/local/google/buildbot/src/android/rust-toolchain/out/lib/libgraphviz-f246a4e4ae7648c6.so
$ echo "file:/usr/local/google/buildbot/src/android/rust-toolchain/out/lib/libgraphviz-f246a4e4ae7648c6.so" >> "/usr/local/google/buildbot/src/android/rust-toolchain/out/lib/rustlib/manifest-rustc"
$ umask 022 && mkdir -p "/usr/local/google/buildbot/src/android/rust-toolchain/out/lib"
install: copying file /usr/local/google/buildbot/src/android/rust-toolchain/out/lib/librustc_interface-c039b1a1b4c709b9.so
$ cp /usr/local/google/buildbot/src/android/rust-toolchain/toolchain/rustc/build/tmp/dist/rustc-1.36.0-dev-x86_64-unknown-linux-gnu/rustc/lib/librustc_interface-c039b1a1b4c709b9.so /usr/local/google/buildbot/src/android/rust-toolchain/out/lib/librustc_interface-c039b1a1b4c709b9.so
$ chmod 644 /usr/local/google/buildbot/src/android/rust-toolchain/out/lib/librustc_interface-c039b1a1b4c709b9.so
$ echo "file:/usr/local/google/buildbot/src/android/rust-toolchain/out/lib/librustc_interface-c039b1a1b4c709b9.so" >> "/usr/local/google/buildbot/src/android/rust-toolchain/out/lib/rustlib/manifest-rustc"
$ umask 022 && mkdir -p "/usr/local/google/buildbot/src/android/rust-toolchain/out/lib"
install: copying file /usr/local/google/buildbot/src/android/rust-toolchain/out/lib/libtest-e12b97740bbe44df.so
$ cp /usr/local/google/buildbot/src/android/rust-toolchain/toolchain/rustc/build/tmp/dist/rustc-1.36.0-dev-x86_64-unknown-linux-gnu/rustc/lib/libtest-e12b97740bbe44df.so /usr/local/google/buildbot/src/android/rust-toolchain/out/lib/libtest-e12b97740bbe44df.so
$ chmod 644 /usr/local/google/buildbot/src/android/rust-toolchain/out/lib/libtest-e12b97740bbe44df.so
$ echo "file:/usr/local/google/buildbot/src/android/rust-toolchain/out/lib/libtest-e12b97740bbe44df.so" >> "/usr/local/google/buildbot/src/android/rust-toolchain/out/lib/rustlib/manifest-rustc"
$ umask 022 && mkdir -p "/usr/local/google/buildbot/src/android/rust-toolchain/out/lib"
install: copying file /usr/local/google/buildbot/src/android/rust-toolchain/out/lib/librustc_fs_util-fb70fd313a88f5eb.so
$ cp /usr/local/google/buildbot/src/android/rust-toolchain/toolchain/rustc/build/tmp/dist/rustc-1.36.0-dev-x86_64-unknown-linux-gnu/rustc/lib/librustc_fs_util-fb70fd313a88f5eb.so /usr/local/google/buildbot/src/android/rust-toolchain/out/lib/librustc_fs_util-fb70fd313a88f5eb.so
$ chmod 644 /usr/local/google/buildbot/src/android/rust-toolchain/out/lib/librustc_fs_util-fb70fd313a88f5eb.so
$ echo "file:/usr/local/google/buildbot/src/android/rust-toolchain/out/lib/librustc_fs_util-fb70fd313a88f5eb.so" >> "/usr/local/google/buildbot/src/android/rust-toolchain/out/lib/rustlib/manifest-rustc"
$ umask 022 && mkdir -p "/usr/local/google/buildbot/src/android/rust-toolchain/out/lib"
install: copying file /usr/local/google/buildbot/src/android/rust-toolchain/out/lib/librustc_codegen_utils-4aefae014d544759.so
$ cp /usr/local/google/buildbot/src/android/rust-toolchain/toolchain/rustc/build/tmp/dist/rustc-1.36.0-dev-x86_64-unknown-linux-gnu/rustc/lib/librustc_codegen_utils-4aefae014d544759.so /usr/local/google/buildbot/src/android/rust-toolchain/out/lib/librustc_codegen_utils-4aefae014d544759.so
$ chmod 644 /usr/local/google/buildbot/src/android/rust-toolchain/out/lib/librustc_codegen_utils-4aefae014d544759.so
$ echo "file:/usr/local/google/buildbot/src/android/rust-toolchain/out/lib/librustc_codegen_utils-4aefae014d544759.so" >> "/usr/local/google/buildbot/src/android/rust-toolchain/out/lib/rustlib/manifest-rustc"
$ umask 022 && mkdir -p "/usr/local/google/buildbot/src/android/rust-toolchain/out/lib"
install: copying file /usr/local/google/buildbot/src/android/rust-toolchain/out/lib/librustc_cratesio_shim-2dbcd6bcbc099574.so
$ cp /usr/local/google/buildbot/src/android/rust-toolchain/toolchain/rustc/build/tmp/dist/rustc-1.36.0-dev-x86_64-unknown-linux-gnu/rustc/lib/librustc_cratesio_shim-2dbcd6bcbc099574.so /usr/local/google/buildbot/src/android/rust-toolchain/out/lib/librustc_cratesio_shim-2dbcd6bcbc099574.so
$ chmod 644 /usr/local/google/buildbot/src/android/rust-toolchain/out/lib/librustc_cratesio_shim-2dbcd6bcbc099574.so
$ echo "file:/usr/local/google/buildbot/src/android/rust-toolchain/out/lib/librustc_cratesio_shim-2dbcd6bcbc099574.so" >> "/usr/local/google/buildbot/src/android/rust-toolchain/out/lib/rustlib/manifest-rustc"
$ umask 022 && mkdir -p "/usr/local/google/buildbot/src/android/rust-toolchain/out/lib"
install: copying file /usr/local/google/buildbot/src/android/rust-toolchain/out/lib/libterm-c1dbb00662fc9c94.so
$ cp /usr/local/google/buildbot/src/android/rust-toolchain/toolchain/rustc/build/tmp/dist/rustc-1.36.0-dev-x86_64-unknown-linux-gnu/rustc/lib/libterm-c1dbb00662fc9c94.so /usr/local/google/buildbot/src/android/rust-toolchain/out/lib/libterm-c1dbb00662fc9c94.so
$ chmod 644 /usr/local/google/buildbot/src/android/rust-toolchain/out/lib/libterm-c1dbb00662fc9c94.so
$ echo "file:/usr/local/google/buildbot/src/android/rust-toolchain/out/lib/libterm-c1dbb00662fc9c94.so" >> "/usr/local/google/buildbot/src/android/rust-toolchain/out/lib/rustlib/manifest-rustc"
$ umask 022 && mkdir -p "/usr/local/google/buildbot/src/android/rust-toolchain/out/lib"
install: copying file /usr/local/google/buildbot/src/android/rust-toolchain/out/lib/librustc-3300e8e198113593.so
$ cp /usr/local/google/buildbot/src/android/rust-toolchain/toolchain/rustc/build/tmp/dist/rustc-1.36.0-dev-x86_64-unknown-linux-gnu/rustc/lib/librustc-3300e8e198113593.so /usr/local/google/buildbot/src/android/rust-toolchain/out/lib/librustc-3300e8e198113593.so
$ chmod 644 /usr/local/google/buildbot/src/android/rust-toolchain/out/lib/librustc-3300e8e198113593.so
$ echo "file:/usr/local/google/buildbot/src/android/rust-toolchain/out/lib/librustc-3300e8e198113593.so" >> "/usr/local/google/buildbot/src/android/rust-toolchain/out/lib/rustlib/manifest-rustc"
$ umask 022 && mkdir -p "/usr/local/google/buildbot/src/android/rust-toolchain/out/lib"
install: copying file /usr/local/google/buildbot/src/android/rust-toolchain/out/lib/librustc_lint-abbc7529ae1f7ec8.so
$ cp /usr/local/google/buildbot/src/android/rust-toolchain/toolchain/rustc/build/tmp/dist/rustc-1.36.0-dev-x86_64-unknown-linux-gnu/rustc/lib/librustc_lint-abbc7529ae1f7ec8.so /usr/local/google/buildbot/src/android/rust-toolchain/out/lib/librustc_lint-abbc7529ae1f7ec8.so
$ chmod 644 /usr/local/google/buildbot/src/android/rust-toolchain/out/lib/librustc_lint-abbc7529ae1f7ec8.so
$ echo "file:/usr/local/google/buildbot/src/android/rust-toolchain/out/lib/librustc_lint-abbc7529ae1f7ec8.so" >> "/usr/local/google/buildbot/src/android/rust-toolchain/out/lib/rustlib/manifest-rustc"
$ umask 022 && mkdir -p "/usr/local/google/buildbot/src/android/rust-toolchain/out/lib"
install: copying file /usr/local/google/buildbot/src/android/rust-toolchain/out/lib/librustc_errors-7f34485564358c7d.so
$ cp /usr/local/google/buildbot/src/android/rust-toolchain/toolchain/rustc/build/tmp/dist/rustc-1.36.0-dev-x86_64-unknown-linux-gnu/rustc/lib/librustc_errors-7f34485564358c7d.so /usr/local/google/buildbot/src/android/rust-toolchain/out/lib/librustc_errors-7f34485564358c7d.so
$ chmod 644 /usr/local/google/buildbot/src/android/rust-toolchain/out/lib/librustc_errors-7f34485564358c7d.so
$ echo "file:/usr/local/google/buildbot/src/android/rust-toolchain/out/lib/librustc_errors-7f34485564358c7d.so" >> "/usr/local/google/buildbot/src/android/rust-toolchain/out/lib/rustlib/manifest-rustc"
$ umask 022 && mkdir -p "/usr/local/google/buildbot/src/android/rust-toolchain/out/lib"
install: copying file /usr/local/google/buildbot/src/android/rust-toolchain/out/lib/librustc_borrowck-3c766a6adca9d997.so
$ cp /usr/local/google/buildbot/src/android/rust-toolchain/toolchain/rustc/build/tmp/dist/rustc-1.36.0-dev-x86_64-unknown-linux-gnu/rustc/lib/librustc_borrowck-3c766a6adca9d997.so /usr/local/google/buildbot/src/android/rust-toolchain/out/lib/librustc_borrowck-3c766a6adca9d997.so
$ chmod 644 /usr/local/google/buildbot/src/android/rust-toolchain/out/lib/librustc_borrowck-3c766a6adca9d997.so
$ echo "file:/usr/local/google/buildbot/src/android/rust-toolchain/out/lib/librustc_borrowck-3c766a6adca9d997.so" >> "/usr/local/google/buildbot/src/android/rust-toolchain/out/lib/rustlib/manifest-rustc"
$ umask 022 && mkdir -p "/usr/local/google/buildbot/src/android/rust-toolchain/out/lib"
install: copying file /usr/local/google/buildbot/src/android/rust-toolchain/out/lib/librustc_macros-cbdde55a5f6f5849.so
$ cp /usr/local/google/buildbot/src/android/rust-toolchain/toolchain/rustc/build/tmp/dist/rustc-1.36.0-dev-x86_64-unknown-linux-gnu/rustc/lib/librustc_macros-cbdde55a5f6f5849.so /usr/local/google/buildbot/src/android/rust-toolchain/out/lib/librustc_macros-cbdde55a5f6f5849.so
$ chmod 644 /usr/local/google/buildbot/src/android/rust-toolchain/out/lib/librustc_macros-cbdde55a5f6f5849.so
$ echo "file:/usr/local/google/buildbot/src/android/rust-toolchain/out/lib/librustc_macros-cbdde55a5f6f5849.so" >> "/usr/local/google/buildbot/src/android/rust-toolchain/out/lib/rustlib/manifest-rustc"
$ umask 022 && mkdir -p "/usr/local/google/buildbot/src/android/rust-toolchain/out/lib"
install: copying file /usr/local/google/buildbot/src/android/rust-toolchain/out/lib/librustc_allocator-abe85bca310bc21d.so
$ cp /usr/local/google/buildbot/src/android/rust-toolchain/toolchain/rustc/build/tmp/dist/rustc-1.36.0-dev-x86_64-unknown-linux-gnu/rustc/lib/librustc_allocator-abe85bca310bc21d.so /usr/local/google/buildbot/src/android/rust-toolchain/out/lib/librustc_allocator-abe85bca310bc21d.so
$ chmod 644 /usr/local/google/buildbot/src/android/rust-toolchain/out/lib/librustc_allocator-abe85bca310bc21d.so
$ echo "file:/usr/local/google/buildbot/src/android/rust-toolchain/out/lib/librustc_allocator-abe85bca310bc21d.so" >> "/usr/local/google/buildbot/src/android/rust-toolchain/out/lib/rustlib/manifest-rustc"
$ umask 022 && mkdir -p "/usr/local/google/buildbot/src/android/rust-toolchain/out/lib"
install: copying file /usr/local/google/buildbot/src/android/rust-toolchain/out/lib/librustc_typeck-4fe67c0fc753abdc.so
$ cp /usr/local/google/buildbot/src/android/rust-toolchain/toolchain/rustc/build/tmp/dist/rustc-1.36.0-dev-x86_64-unknown-linux-gnu/rustc/lib/librustc_typeck-4fe67c0fc753abdc.so /usr/local/google/buildbot/src/android/rust-toolchain/out/lib/librustc_typeck-4fe67c0fc753abdc.so
$ chmod 644 /usr/local/google/buildbot/src/android/rust-toolchain/out/lib/librustc_typeck-4fe67c0fc753abdc.so
$ echo "file:/usr/local/google/buildbot/src/android/rust-toolchain/out/lib/librustc_typeck-4fe67c0fc753abdc.so" >> "/usr/local/google/buildbot/src/android/rust-toolchain/out/lib/rustlib/manifest-rustc"
$ umask 022 && mkdir -p "/usr/local/google/buildbot/src/android/rust-toolchain/out/lib"
install: copying file /usr/local/google/buildbot/src/android/rust-toolchain/out/lib/librustc_incremental-d6b93b07cb2f71e0.so
$ cp /usr/local/google/buildbot/src/android/rust-toolchain/toolchain/rustc/build/tmp/dist/rustc-1.36.0-dev-x86_64-unknown-linux-gnu/rustc/lib/librustc_incremental-d6b93b07cb2f71e0.so /usr/local/google/buildbot/src/android/rust-toolchain/out/lib/librustc_incremental-d6b93b07cb2f71e0.so
$ chmod 644 /usr/local/google/buildbot/src/android/rust-toolchain/out/lib/librustc_incremental-d6b93b07cb2f71e0.so
$ echo "file:/usr/local/google/buildbot/src/android/rust-toolchain/out/lib/librustc_incremental-d6b93b07cb2f71e0.so" >> "/usr/local/google/buildbot/src/android/rust-toolchain/out/lib/rustlib/manifest-rustc"
$ umask 022 && mkdir -p "/usr/local/google/buildbot/src/android/rust-toolchain/out/lib"
install: copying file /usr/local/google/buildbot/src/android/rust-toolchain/out/lib/libLLVM-8-rust-1.36.0-dev.so
$ cp /usr/local/google/buildbot/src/android/rust-toolchain/toolchain/rustc/build/tmp/dist/rustc-1.36.0-dev-x86_64-unknown-linux-gnu/rustc/lib/libLLVM-8-rust-1.36.0-dev.so /usr/local/google/buildbot/src/android/rust-toolchain/out/lib/libLLVM-8-rust-1.36.0-dev.so
$ chmod 644 /usr/local/google/buildbot/src/android/rust-toolchain/out/lib/libLLVM-8-rust-1.36.0-dev.so
$ echo "file:/usr/local/google/buildbot/src/android/rust-toolchain/out/lib/libLLVM-8-rust-1.36.0-dev.so" >> "/usr/local/google/buildbot/src/android/rust-toolchain/out/lib/rustlib/manifest-rustc"
$ umask 022 && mkdir -p "/usr/local/google/buildbot/src/android/rust-toolchain/out/lib"
install: copying file /usr/local/google/buildbot/src/android/rust-toolchain/out/lib/librustc_driver-497048fa9308ab62.so
$ cp /usr/local/google/buildbot/src/android/rust-toolchain/toolchain/rustc/build/tmp/dist/rustc-1.36.0-dev-x86_64-unknown-linux-gnu/rustc/lib/librustc_driver-497048fa9308ab62.so /usr/local/google/buildbot/src/android/rust-toolchain/out/lib/librustc_driver-497048fa9308ab62.so
$ chmod 644 /usr/local/google/buildbot/src/android/rust-toolchain/out/lib/librustc_driver-497048fa9308ab62.so
$ echo "file:/usr/local/google/buildbot/src/android/rust-toolchain/out/lib/librustc_driver-497048fa9308ab62.so" >> "/usr/local/google/buildbot/src/android/rust-toolchain/out/lib/rustlib/manifest-rustc"
$ umask 022 && mkdir -p "/usr/local/google/buildbot/src/android/rust-toolchain/out/lib"
install: copying file /usr/local/google/buildbot/src/android/rust-toolchain/out/lib/librustc_traits-ff3ef7222101b30b.so
$ cp /usr/local/google/buildbot/src/android/rust-toolchain/toolchain/rustc/build/tmp/dist/rustc-1.36.0-dev-x86_64-unknown-linux-gnu/rustc/lib/librustc_traits-ff3ef7222101b30b.so /usr/local/google/buildbot/src/android/rust-toolchain/out/lib/librustc_traits-ff3ef7222101b30b.so
$ chmod 644 /usr/local/google/buildbot/src/android/rust-toolchain/out/lib/librustc_traits-ff3ef7222101b30b.so
$ echo "file:/usr/local/google/buildbot/src/android/rust-toolchain/out/lib/librustc_traits-ff3ef7222101b30b.so" >> "/usr/local/google/buildbot/src/android/rust-toolchain/out/lib/rustlib/manifest-rustc"
$ umask 022 && mkdir -p "/usr/local/google/buildbot/src/android/rust-toolchain/out/lib"
install: copying file /usr/local/google/buildbot/src/android/rust-toolchain/out/lib/librustc_data_structures-6334ac37df3ad4d0.so
$ cp /usr/local/google/buildbot/src/android/rust-toolchain/toolchain/rustc/build/tmp/dist/rustc-1.36.0-dev-x86_64-unknown-linux-gnu/rustc/lib/librustc_data_structures-6334ac37df3ad4d0.so /usr/local/google/buildbot/src/android/rust-toolchain/out/lib/librustc_data_structures-6334ac37df3ad4d0.so
$ chmod 644 /usr/local/google/buildbot/src/android/rust-toolchain/out/lib/librustc_data_structures-6334ac37df3ad4d0.so
$ echo "file:/usr/local/google/buildbot/src/android/rust-toolchain/out/lib/librustc_data_structures-6334ac37df3ad4d0.so" >> "/usr/local/google/buildbot/src/android/rust-toolchain/out/lib/rustlib/manifest-rustc"
$ umask 022 && mkdir -p "/usr/local/google/buildbot/src/android/rust-toolchain/out/lib"
install: copying file /usr/local/google/buildbot/src/android/rust-toolchain/out/lib/librustc_passes-d689cb1c3dd3a92e.so
$ cp /usr/local/google/buildbot/src/android/rust-toolchain/toolchain/rustc/build/tmp/dist/rustc-1.36.0-dev-x86_64-unknown-linux-gnu/rustc/lib/librustc_passes-d689cb1c3dd3a92e.so /usr/local/google/buildbot/src/android/rust-toolchain/out/lib/librustc_passes-d689cb1c3dd3a92e.so
$ chmod 644 /usr/local/google/buildbot/src/android/rust-toolchain/out/lib/librustc_passes-d689cb1c3dd3a92e.so
$ echo "file:/usr/local/google/buildbot/src/android/rust-toolchain/out/lib/librustc_passes-d689cb1c3dd3a92e.so" >> "/usr/local/google/buildbot/src/android/rust-toolchain/out/lib/rustlib/manifest-rustc"
$ umask 022 && mkdir -p "/usr/local/google/buildbot/src/android/rust-toolchain/out/lib"
install: copying file /usr/local/google/buildbot/src/android/rust-toolchain/out/lib/librustc_plugin-1153e370d3785b58.so
$ cp /usr/local/google/buildbot/src/android/rust-toolchain/toolchain/rustc/build/tmp/dist/rustc-1.36.0-dev-x86_64-unknown-linux-gnu/rustc/lib/librustc_plugin-1153e370d3785b58.so /usr/local/google/buildbot/src/android/rust-toolchain/out/lib/librustc_plugin-1153e370d3785b58.so
$ chmod 644 /usr/local/google/buildbot/src/android/rust-toolchain/out/lib/librustc_plugin-1153e370d3785b58.so
$ echo "file:/usr/local/google/buildbot/src/android/rust-toolchain/out/lib/librustc_plugin-1153e370d3785b58.so" >> "/usr/local/google/buildbot/src/android/rust-toolchain/out/lib/rustlib/manifest-rustc"
$ umask 022 && mkdir -p "/usr/local/google/buildbot/src/android/rust-toolchain/out/lib"
install: copying file /usr/local/google/buildbot/src/android/rust-toolchain/out/lib/librustc_resolve-236b80197c0dddd3.so
$ cp /usr/local/google/buildbot/src/android/rust-toolchain/toolchain/rustc/build/tmp/dist/rustc-1.36.0-dev-x86_64-unknown-linux-gnu/rustc/lib/librustc_resolve-236b80197c0dddd3.so /usr/local/google/buildbot/src/android/rust-toolchain/out/lib/librustc_resolve-236b80197c0dddd3.so
$ chmod 644 /usr/local/google/buildbot/src/android/rust-toolchain/out/lib/librustc_resolve-236b80197c0dddd3.so
$ echo "file:/usr/local/google/buildbot/src/android/rust-toolchain/out/lib/librustc_resolve-236b80197c0dddd3.so" >> "/usr/local/google/buildbot/src/android/rust-toolchain/out/lib/rustlib/manifest-rustc"
$ umask 022 && mkdir -p "/usr/local/google/buildbot/src/android/rust-toolchain/out/lib"
install: copying file /usr/local/google/buildbot/src/android/rust-toolchain/out/lib/libstd-71500d2f6a24a380.so
$ cp /usr/local/google/buildbot/src/android/rust-toolchain/toolchain/rustc/build/tmp/dist/rustc-1.36.0-dev-x86_64-unknown-linux-gnu/rustc/lib/libstd-71500d2f6a24a380.so /usr/local/google/buildbot/src/android/rust-toolchain/out/lib/libstd-71500d2f6a24a380.so
$ chmod 644 /usr/local/google/buildbot/src/android/rust-toolchain/out/lib/libstd-71500d2f6a24a380.so
$ echo "file:/usr/local/google/buildbot/src/android/rust-toolchain/out/lib/libstd-71500d2f6a24a380.so" >> "/usr/local/google/buildbot/src/android/rust-toolchain/out/lib/rustlib/manifest-rustc"
$ umask 022 && mkdir -p "/usr/local/google/buildbot/src/android/rust-toolchain/out/lib"
install: copying file /usr/local/google/buildbot/src/android/rust-toolchain/out/lib/libfmt_macros-52aee68cff723c5f.so
$ cp /usr/local/google/buildbot/src/android/rust-toolchain/toolchain/rustc/build/tmp/dist/rustc-1.36.0-dev-x86_64-unknown-linux-gnu/rustc/lib/libfmt_macros-52aee68cff723c5f.so /usr/local/google/buildbot/src/android/rust-toolchain/out/lib/libfmt_macros-52aee68cff723c5f.so
$ chmod 644 /usr/local/google/buildbot/src/android/rust-toolchain/out/lib/libfmt_macros-52aee68cff723c5f.so
$ echo "file:/usr/local/google/buildbot/src/android/rust-toolchain/out/lib/libfmt_macros-52aee68cff723c5f.so" >> "/usr/local/google/buildbot/src/android/rust-toolchain/out/lib/rustlib/manifest-rustc"
$ umask 022 && mkdir -p "/usr/local/google/buildbot/src/android/rust-toolchain/out/lib"
install: copying file /usr/local/google/buildbot/src/android/rust-toolchain/out/lib/librustc_metadata-e725f90b480b86c2.so
$ cp /usr/local/google/buildbot/src/android/rust-toolchain/toolchain/rustc/build/tmp/dist/rustc-1.36.0-dev-x86_64-unknown-linux-gnu/rustc/lib/librustc_metadata-e725f90b480b86c2.so /usr/local/google/buildbot/src/android/rust-toolchain/out/lib/librustc_metadata-e725f90b480b86c2.so
$ chmod 644 /usr/local/google/buildbot/src/android/rust-toolchain/out/lib/librustc_metadata-e725f90b480b86c2.so
$ echo "file:/usr/local/google/buildbot/src/android/rust-toolchain/out/lib/librustc_metadata-e725f90b480b86c2.so" >> "/usr/local/google/buildbot/src/android/rust-toolchain/out/lib/rustlib/manifest-rustc"
$ umask 022 && mkdir -p "/usr/local/google/buildbot/src/android/rust-toolchain/out/lib"
install: copying file /usr/local/google/buildbot/src/android/rust-toolchain/out/lib/libsyntax-d8dc76a7a18f8f1e.so
$ cp /usr/local/google/buildbot/src/android/rust-toolchain/toolchain/rustc/build/tmp/dist/rustc-1.36.0-dev-x86_64-unknown-linux-gnu/rustc/lib/libsyntax-d8dc76a7a18f8f1e.so /usr/local/google/buildbot/src/android/rust-toolchain/out/lib/libsyntax-d8dc76a7a18f8f1e.so
$ chmod 644 /usr/local/google/buildbot/src/android/rust-toolchain/out/lib/libsyntax-d8dc76a7a18f8f1e.so
$ echo "file:/usr/local/google/buildbot/src/android/rust-toolchain/out/lib/libsyntax-d8dc76a7a18f8f1e.so" >> "/usr/local/google/buildbot/src/android/rust-toolchain/out/lib/rustlib/manifest-rustc"
$ umask 022 && mkdir -p "/usr/local/google/buildbot/src/android/rust-toolchain/out/lib"
install: copying file /usr/local/google/buildbot/src/android/rust-toolchain/out/lib/librustc_save_analysis-463771dbc9817d4e.so
$ cp /usr/local/google/buildbot/src/android/rust-toolchain/toolchain/rustc/build/tmp/dist/rustc-1.36.0-dev-x86_64-unknown-linux-gnu/rustc/lib/librustc_save_analysis-463771dbc9817d4e.so /usr/local/google/buildbot/src/android/rust-toolchain/out/lib/librustc_save_analysis-463771dbc9817d4e.so
$ chmod 644 /usr/local/google/buildbot/src/android/rust-toolchain/out/lib/librustc_save_analysis-463771dbc9817d4e.so
$ echo "file:/usr/local/google/buildbot/src/android/rust-toolchain/out/lib/librustc_save_analysis-463771dbc9817d4e.so" >> "/usr/local/google/buildbot/src/android/rust-toolchain/out/lib/rustlib/manifest-rustc"
$ umask 022 && mkdir -p "/usr/local/google/buildbot/src/android/rust-toolchain/out/lib"
install: copying file /usr/local/google/buildbot/src/android/rust-toolchain/out/lib/librustc_target-0770aec96e330b62.so
$ cp /usr/local/google/buildbot/src/android/rust-toolchain/toolchain/rustc/build/tmp/dist/rustc-1.36.0-dev-x86_64-unknown-linux-gnu/rustc/lib/librustc_target-0770aec96e330b62.so /usr/local/google/buildbot/src/android/rust-toolchain/out/lib/librustc_target-0770aec96e330b62.so
$ chmod 644 /usr/local/google/buildbot/src/android/rust-toolchain/out/lib/librustc_target-0770aec96e330b62.so
$ echo "file:/usr/local/google/buildbot/src/android/rust-toolchain/out/lib/librustc_target-0770aec96e330b62.so" >> "/usr/local/google/buildbot/src/android/rust-toolchain/out/lib/rustlib/manifest-rustc"
$ umask 022 && mkdir -p "/usr/local/google/buildbot/src/android/rust-toolchain/out/lib"
install: copying file /usr/local/google/buildbot/src/android/rust-toolchain/out/lib/librustc_codegen_ssa-07d1cc36fe3fdfcb.so
$ cp /usr/local/google/buildbot/src/android/rust-toolchain/toolchain/rustc/build/tmp/dist/rustc-1.36.0-dev-x86_64-unknown-linux-gnu/rustc/lib/librustc_codegen_ssa-07d1cc36fe3fdfcb.so /usr/local/google/buildbot/src/android/rust-toolchain/out/lib/librustc_codegen_ssa-07d1cc36fe3fdfcb.so
$ chmod 644 /usr/local/google/buildbot/src/android/rust-toolchain/out/lib/librustc_codegen_ssa-07d1cc36fe3fdfcb.so
$ echo "file:/usr/local/google/buildbot/src/android/rust-toolchain/out/lib/librustc_codegen_ssa-07d1cc36fe3fdfcb.so" >> "/usr/local/google/buildbot/src/android/rust-toolchain/out/lib/rustlib/manifest-rustc"
$ umask 022 && mkdir -p "/usr/local/google/buildbot/src/android/rust-toolchain/out/lib"
install: copying file /usr/local/google/buildbot/src/android/rust-toolchain/out/lib/librustc_privacy-46f29c0760f20fc7.so
$ cp /usr/local/google/buildbot/src/android/rust-toolchain/toolchain/rustc/build/tmp/dist/rustc-1.36.0-dev-x86_64-unknown-linux-gnu/rustc/lib/librustc_privacy-46f29c0760f20fc7.so /usr/local/google/buildbot/src/android/rust-toolchain/out/lib/librustc_privacy-46f29c0760f20fc7.so
$ chmod 644 /usr/local/google/buildbot/src/android/rust-toolchain/out/lib/librustc_privacy-46f29c0760f20fc7.so
$ echo "file:/usr/local/google/buildbot/src/android/rust-toolchain/out/lib/librustc_privacy-46f29c0760f20fc7.so" >> "/usr/local/google/buildbot/src/android/rust-toolchain/out/lib/rustlib/manifest-rustc"
$ umask 022 && mkdir -p "/usr/local/google/buildbot/src/android/rust-toolchain/out/lib"
install: copying file /usr/local/google/buildbot/src/android/rust-toolchain/out/lib/libserialize-43fdcd250d11ff59.so
$ cp /usr/local/google/buildbot/src/android/rust-toolchain/toolchain/rustc/build/tmp/dist/rustc-1.36.0-dev-x86_64-unknown-linux-gnu/rustc/lib/libserialize-43fdcd250d11ff59.so /usr/local/google/buildbot/src/android/rust-toolchain/out/lib/libserialize-43fdcd250d11ff59.so
$ chmod 644 /usr/local/google/buildbot/src/android/rust-toolchain/out/lib/libserialize-43fdcd250d11ff59.so
$ echo "file:/usr/local/google/buildbot/src/android/rust-toolchain/out/lib/libserialize-43fdcd250d11ff59.so" >> "/usr/local/google/buildbot/src/android/rust-toolchain/out/lib/rustlib/manifest-rustc"
$ umask 022 && mkdir -p "/usr/local/google/buildbot/src/android/rust-toolchain/out/lib"
install: copying file /usr/local/google/buildbot/src/android/rust-toolchain/out/lib/libarena-15b8108102fe7b6c.so
$ cp /usr/local/google/buildbot/src/android/rust-toolchain/toolchain/rustc/build/tmp/dist/rustc-1.36.0-dev-x86_64-unknown-linux-gnu/rustc/lib/libarena-15b8108102fe7b6c.so /usr/local/google/buildbot/src/android/rust-toolchain/out/lib/libarena-15b8108102fe7b6c.so
$ chmod 644 /usr/local/google/buildbot/src/android/rust-toolchain/out/lib/libarena-15b8108102fe7b6c.so
$ echo "file:/usr/local/google/buildbot/src/android/rust-toolchain/out/lib/libarena-15b8108102fe7b6c.so" >> "/usr/local/google/buildbot/src/android/rust-toolchain/out/lib/rustlib/manifest-rustc"
$ umask 022 && mkdir -p "/usr/local/google/buildbot/src/android/rust-toolchain/out/lib"
install: copying file /usr/local/google/buildbot/src/android/rust-toolchain/out/lib/librustc_mir-6132102e5483a753.so
$ cp /usr/local/google/buildbot/src/android/rust-toolchain/toolchain/rustc/build/tmp/dist/rustc-1.36.0-dev-x86_64-unknown-linux-gnu/rustc/lib/librustc_mir-6132102e5483a753.so /usr/local/google/buildbot/src/android/rust-toolchain/out/lib/librustc_mir-6132102e5483a753.so
$ chmod 644 /usr/local/google/buildbot/src/android/rust-toolchain/out/lib/librustc_mir-6132102e5483a753.so
$ echo "file:/usr/local/google/buildbot/src/android/rust-toolchain/out/lib/librustc_mir-6132102e5483a753.so" >> "/usr/local/google/buildbot/src/android/rust-toolchain/out/lib/rustlib/manifest-rustc"
$ umask 022 && mkdir -p "/usr/local/google/buildbot/src/android/rust-toolchain/out/lib"
install: copying file /usr/local/google/buildbot/src/android/rust-toolchain/out/lib/libsyntax_pos-b50e75edc77b635b.so
$ cp /usr/local/google/buildbot/src/android/rust-toolchain/toolchain/rustc/build/tmp/dist/rustc-1.36.0-dev-x86_64-unknown-linux-gnu/rustc/lib/libsyntax_pos-b50e75edc77b635b.so /usr/local/google/buildbot/src/android/rust-toolchain/out/lib/libsyntax_pos-b50e75edc77b635b.so
$ chmod 644 /usr/local/google/buildbot/src/android/rust-toolchain/out/lib/libsyntax_pos-b50e75edc77b635b.so
$ echo "file:/usr/local/google/buildbot/src/android/rust-toolchain/out/lib/libsyntax_pos-b50e75edc77b635b.so" >> "/usr/local/google/buildbot/src/android/rust-toolchain/out/lib/rustlib/manifest-rustc"
$ umask 022 && mkdir -p "/usr/local/google/buildbot/src/android/rust-toolchain/out/lib/rustlib/etc"
install: copying file /usr/local/google/buildbot/src/android/rust-toolchain/out/lib/rustlib/etc/debugger_pretty_printers_common.py
$ cp /usr/local/google/buildbot/src/android/rust-toolchain/toolchain/rustc/build/tmp/dist/rustc-1.36.0-dev-x86_64-unknown-linux-gnu/rustc/lib/rustlib/etc/debugger_pretty_printers_common.py /usr/local/google/buildbot/src/android/rust-toolchain/out/lib/rustlib/etc/debugger_pretty_printers_common.py
$ chmod 644 /usr/local/google/buildbot/src/android/rust-toolchain/out/lib/rustlib/etc/debugger_pretty_printers_common.py
$ echo "file:/usr/local/google/buildbot/src/android/rust-toolchain/out/lib/rustlib/etc/debugger_pretty_printers_common.py" >> "/usr/local/google/buildbot/src/android/rust-toolchain/out/lib/rustlib/manifest-rustc"
$ umask 022 && mkdir -p "/usr/local/google/buildbot/src/android/rust-toolchain/out/lib/rustlib/etc"
install: copying file /usr/local/google/buildbot/src/android/rust-toolchain/out/lib/rustlib/etc/gdb_rust_pretty_printing.py
$ cp /usr/local/google/buildbot/src/android/rust-toolchain/toolchain/rustc/build/tmp/dist/rustc-1.36.0-dev-x86_64-unknown-linux-gnu/rustc/lib/rustlib/etc/gdb_rust_pretty_printing.py /usr/local/google/buildbot/src/android/rust-toolchain/out/lib/rustlib/etc/gdb_rust_pretty_printing.py
$ chmod 644 /usr/local/google/buildbot/src/android/rust-toolchain/out/lib/rustlib/etc/gdb_rust_pretty_printing.py
$ echo "file:/usr/local/google/buildbot/src/android/rust-toolchain/out/lib/rustlib/etc/gdb_rust_pretty_printing.py" >> "/usr/local/google/buildbot/src/android/rust-toolchain/out/lib/rustlib/manifest-rustc"
$ umask 022 && mkdir -p "/usr/local/google/buildbot/src/android/rust-toolchain/out/lib/rustlib/etc"
install: copying file /usr/local/google/buildbot/src/android/rust-toolchain/out/lib/rustlib/etc/gdb_load_rust_pretty_printers.py
$ cp /usr/local/google/buildbot/src/android/rust-toolchain/toolchain/rustc/build/tmp/dist/rustc-1.36.0-dev-x86_64-unknown-linux-gnu/rustc/lib/rustlib/etc/gdb_load_rust_pretty_printers.py /usr/local/google/buildbot/src/android/rust-toolchain/out/lib/rustlib/etc/gdb_load_rust_pretty_printers.py
$ chmod 644 /usr/local/google/buildbot/src/android/rust-toolchain/out/lib/rustlib/etc/gdb_load_rust_pretty_printers.py
$ echo "file:/usr/local/google/buildbot/src/android/rust-toolchain/out/lib/rustlib/etc/gdb_load_rust_pretty_printers.py" >> "/usr/local/google/buildbot/src/android/rust-toolchain/out/lib/rustlib/manifest-rustc"
$ umask 022 && mkdir -p "/usr/local/google/buildbot/src/android/rust-toolchain/out/lib/rustlib/etc"
install: copying file /usr/local/google/buildbot/src/android/rust-toolchain/out/lib/rustlib/etc/lldb_rust_formatters.py
$ cp /usr/local/google/buildbot/src/android/rust-toolchain/toolchain/rustc/build/tmp/dist/rustc-1.36.0-dev-x86_64-unknown-linux-gnu/rustc/lib/rustlib/etc/lldb_rust_formatters.py /usr/local/google/buildbot/src/android/rust-toolchain/out/lib/rustlib/etc/lldb_rust_formatters.py
$ chmod 644 /usr/local/google/buildbot/src/android/rust-toolchain/out/lib/rustlib/etc/lldb_rust_formatters.py
$ echo "file:/usr/local/google/buildbot/src/android/rust-toolchain/out/lib/rustlib/etc/lldb_rust_formatters.py" >> "/usr/local/google/buildbot/src/android/rust-toolchain/out/lib/rustlib/manifest-rustc"
$ umask 022 && mkdir -p "/usr/local/google/buildbot/src/android/rust-toolchain/out/lib/rustlib/x86_64-unknown-linux-gnu/codegen-backends"
install: copying file /usr/local/google/buildbot/src/android/rust-toolchain/out/lib/rustlib/x86_64-unknown-linux-gnu/codegen-backends/librustc_codegen_llvm-llvm.so
$ cp /usr/local/google/buildbot/src/android/rust-toolchain/toolchain/rustc/build/tmp/dist/rustc-1.36.0-dev-x86_64-unknown-linux-gnu/rustc/lib/rustlib/x86_64-unknown-linux-gnu/codegen-backends/librustc_codegen_llvm-llvm.so /usr/local/google/buildbot/src/android/rust-toolchain/out/lib/rustlib/x86_64-unknown-linux-gnu/codegen-backends/librustc_codegen_llvm-llvm.so
$ chmod 755 /usr/local/google/buildbot/src/android/rust-toolchain/out/lib/rustlib/x86_64-unknown-linux-gnu/codegen-backends/librustc_codegen_llvm-llvm.so
$ echo "file:/usr/local/google/buildbot/src/android/rust-toolchain/out/lib/rustlib/x86_64-unknown-linux-gnu/codegen-backends/librustc_codegen_llvm-llvm.so" >> "/usr/local/google/buildbot/src/android/rust-toolchain/out/lib/rustlib/manifest-rustc"
$ umask 022 && mkdir -p "/usr/local/google/buildbot/src/android/rust-toolchain/out/lib/rustlib/x86_64-unknown-linux-gnu/lib"
install: copying file /usr/local/google/buildbot/src/android/rust-toolchain/out/lib/rustlib/x86_64-unknown-linux-gnu/lib/libLLVM-8-rust-1.36.0-dev.so
$ cp /usr/local/google/buildbot/src/android/rust-toolchain/toolchain/rustc/build/tmp/dist/rustc-1.36.0-dev-x86_64-unknown-linux-gnu/rustc/lib/rustlib/x86_64-unknown-linux-gnu/lib/libLLVM-8-rust-1.36.0-dev.so /usr/local/google/buildbot/src/android/rust-toolchain/out/lib/rustlib/x86_64-unknown-linux-gnu/lib/libLLVM-8-rust-1.36.0-dev.so
$ chmod 644 /usr/local/google/buildbot/src/android/rust-toolchain/out/lib/rustlib/x86_64-unknown-linux-gnu/lib/libLLVM-8-rust-1.36.0-dev.so
$ echo "file:/usr/local/google/buildbot/src/android/rust-toolchain/out/lib/rustlib/x86_64-unknown-linux-gnu/lib/libLLVM-8-rust-1.36.0-dev.so" >> "/usr/local/google/buildbot/src/android/rust-toolchain/out/lib/rustlib/manifest-rustc"
$ umask 022 && mkdir -p "/usr/local/google/buildbot/src/android/rust-toolchain/out/lib"
install: copying file /usr/local/google/buildbot/src/android/rust-toolchain/out/lib/libsyntax_ext-5c124e15bc9737c8.so
$ cp /usr/local/google/buildbot/src/android/rust-toolchain/toolchain/rustc/build/tmp/dist/rustc-1.36.0-dev-x86_64-unknown-linux-gnu/rustc/lib/libsyntax_ext-5c124e15bc9737c8.so /usr/local/google/buildbot/src/android/rust-toolchain/out/lib/libsyntax_ext-5c124e15bc9737c8.so
$ chmod 644 /usr/local/google/buildbot/src/android/rust-toolchain/out/lib/libsyntax_ext-5c124e15bc9737c8.so
$ echo "file:/usr/local/google/buildbot/src/android/rust-toolchain/out/lib/libsyntax_ext-5c124e15bc9737c8.so" >> "/usr/local/google/buildbot/src/android/rust-toolchain/out/lib/rustlib/manifest-rustc"
$ umask 022 && mkdir -p "/usr/local/google/buildbot/src/android/rust-toolchain/out/bin"
install: copying file /usr/local/google/buildbot/src/android/rust-toolchain/out/bin/rust-lldb
$ cp /usr/local/google/buildbot/src/android/rust-toolchain/toolchain/rustc/build/tmp/dist/rustc-1.36.0-dev-x86_64-unknown-linux-gnu/rustc/bin/rust-lldb /usr/local/google/buildbot/src/android/rust-toolchain/out/bin/rust-lldb
$ chmod 755 /usr/local/google/buildbot/src/android/rust-toolchain/out/bin/rust-lldb
$ echo "file:/usr/local/google/buildbot/src/android/rust-toolchain/out/bin/rust-lldb" >> "/usr/local/google/buildbot/src/android/rust-toolchain/out/lib/rustlib/manifest-rustc"
$ umask 022 && mkdir -p "/usr/local/google/buildbot/src/android/rust-toolchain/out/bin"
install: copying file /usr/local/google/buildbot/src/android/rust-toolchain/out/bin/rustc
$ cp /usr/local/google/buildbot/src/android/rust-toolchain/toolchain/rustc/build/tmp/dist/rustc-1.36.0-dev-x86_64-unknown-linux-gnu/rustc/bin/rustc /usr/local/google/buildbot/src/android/rust-toolchain/out/bin/rustc
$ chmod 755 /usr/local/google/buildbot/src/android/rust-toolchain/out/bin/rustc
$ echo "file:/usr/local/google/buildbot/src/android/rust-toolchain/out/bin/rustc" >> "/usr/local/google/buildbot/src/android/rust-toolchain/out/lib/rustlib/manifest-rustc"
$ umask 022 && mkdir -p "/usr/local/google/buildbot/src/android/rust-toolchain/out/bin"
install: copying file /usr/local/google/buildbot/src/android/rust-toolchain/out/bin/rust-gdbgui
$ cp /usr/local/google/buildbot/src/android/rust-toolchain/toolchain/rustc/build/tmp/dist/rustc-1.36.0-dev-x86_64-unknown-linux-gnu/rustc/bin/rust-gdbgui /usr/local/google/buildbot/src/android/rust-toolchain/out/bin/rust-gdbgui
$ chmod 755 /usr/local/google/buildbot/src/android/rust-toolchain/out/bin/rust-gdbgui
$ echo "file:/usr/local/google/buildbot/src/android/rust-toolchain/out/bin/rust-gdbgui" >> "/usr/local/google/buildbot/src/android/rust-toolchain/out/lib/rustlib/manifest-rustc"
$ umask 022 && mkdir -p "/usr/local/google/buildbot/src/android/rust-toolchain/out/bin"
install: copying file /usr/local/google/buildbot/src/android/rust-toolchain/out/bin/rust-gdb
$ cp /usr/local/google/buildbot/src/android/rust-toolchain/toolchain/rustc/build/tmp/dist/rustc-1.36.0-dev-x86_64-unknown-linux-gnu/rustc/bin/rust-gdb /usr/local/google/buildbot/src/android/rust-toolchain/out/bin/rust-gdb
$ chmod 755 /usr/local/google/buildbot/src/android/rust-toolchain/out/bin/rust-gdb
$ echo "file:/usr/local/google/buildbot/src/android/rust-toolchain/out/bin/rust-gdb" >> "/usr/local/google/buildbot/src/android/rust-toolchain/out/lib/rustlib/manifest-rustc"
$ umask 022 && mkdir -p "/usr/local/google/buildbot/src/android/rust-toolchain/out/bin"
install: copying file /usr/local/google/buildbot/src/android/rust-toolchain/out/bin/rustdoc
$ cp /usr/local/google/buildbot/src/android/rust-toolchain/toolchain/rustc/build/tmp/dist/rustc-1.36.0-dev-x86_64-unknown-linux-gnu/rustc/bin/rustdoc /usr/local/google/buildbot/src/android/rust-toolchain/out/bin/rustdoc
$ chmod 755 /usr/local/google/buildbot/src/android/rust-toolchain/out/bin/rustdoc
$ echo "file:/usr/local/google/buildbot/src/android/rust-toolchain/out/bin/rustdoc" >> "/usr/local/google/buildbot/src/android/rust-toolchain/out/lib/rustlib/manifest-rustc"
