$ umask 022 && mkdir -p "/buildbot/src/android/rust-toolchain/out/lib/rustlib"
$ echo "3" > "/buildbot/src/android/rust-toolchain/out/lib/rustlib/rust-installer-version"
install: creating uninstall script at /buildbot/src/android/rust-toolchain/out/lib/rustlib/uninstall.sh
$ cp /buildbot/src/android/rust-toolchain/toolchain/rustc/build/tmp/dist/rustc-1.42.0-dev-x86_64-unknown-linux-gnu/install.sh /buildbot/src/android/rust-toolchain/out/lib/rustlib/uninstall.sh
install: installing component 'rustc'
$ echo "rustc" >> "/buildbot/src/android/rust-toolchain/out/lib/rustlib/components"
$ umask 022 && mkdir -p "/buildbot/src/android/rust-toolchain/out/bin"
install: copying file /buildbot/src/android/rust-toolchain/out/bin/rustdoc
$ cp /buildbot/src/android/rust-toolchain/toolchain/rustc/build/tmp/dist/rustc-1.42.0-dev-x86_64-unknown-linux-gnu/rustc/bin/rustdoc /buildbot/src/android/rust-toolchain/out/bin/rustdoc
$ chmod 755 /buildbot/src/android/rust-toolchain/out/bin/rustdoc
$ echo "file:/buildbot/src/android/rust-toolchain/out/bin/rustdoc" >> "/buildbot/src/android/rust-toolchain/out/lib/rustlib/manifest-rustc"
$ umask 022 && mkdir -p "/buildbot/src/android/rust-toolchain/out/bin"
install: copying file /buildbot/src/android/rust-toolchain/out/bin/rust-lldb
$ cp /buildbot/src/android/rust-toolchain/toolchain/rustc/build/tmp/dist/rustc-1.42.0-dev-x86_64-unknown-linux-gnu/rustc/bin/rust-lldb /buildbot/src/android/rust-toolchain/out/bin/rust-lldb
$ chmod 755 /buildbot/src/android/rust-toolchain/out/bin/rust-lldb
$ echo "file:/buildbot/src/android/rust-toolchain/out/bin/rust-lldb" >> "/buildbot/src/android/rust-toolchain/out/lib/rustlib/manifest-rustc"
$ umask 022 && mkdir -p "/buildbot/src/android/rust-toolchain/out/bin"
install: copying file /buildbot/src/android/rust-toolchain/out/bin/rust-gdb
$ cp /buildbot/src/android/rust-toolchain/toolchain/rustc/build/tmp/dist/rustc-1.42.0-dev-x86_64-unknown-linux-gnu/rustc/bin/rust-gdb /buildbot/src/android/rust-toolchain/out/bin/rust-gdb
$ chmod 755 /buildbot/src/android/rust-toolchain/out/bin/rust-gdb
$ echo "file:/buildbot/src/android/rust-toolchain/out/bin/rust-gdb" >> "/buildbot/src/android/rust-toolchain/out/lib/rustlib/manifest-rustc"
$ umask 022 && mkdir -p "/buildbot/src/android/rust-toolchain/out/bin"
install: copying file /buildbot/src/android/rust-toolchain/out/bin/rust-gdbgui
$ cp /buildbot/src/android/rust-toolchain/toolchain/rustc/build/tmp/dist/rustc-1.42.0-dev-x86_64-unknown-linux-gnu/rustc/bin/rust-gdbgui /buildbot/src/android/rust-toolchain/out/bin/rust-gdbgui
$ chmod 755 /buildbot/src/android/rust-toolchain/out/bin/rust-gdbgui
$ echo "file:/buildbot/src/android/rust-toolchain/out/bin/rust-gdbgui" >> "/buildbot/src/android/rust-toolchain/out/lib/rustlib/manifest-rustc"
$ umask 022 && mkdir -p "/buildbot/src/android/rust-toolchain/out/bin"
install: copying file /buildbot/src/android/rust-toolchain/out/bin/rustc
$ cp /buildbot/src/android/rust-toolchain/toolchain/rustc/build/tmp/dist/rustc-1.42.0-dev-x86_64-unknown-linux-gnu/rustc/bin/rustc /buildbot/src/android/rust-toolchain/out/bin/rustc
$ chmod 755 /buildbot/src/android/rust-toolchain/out/bin/rustc
$ echo "file:/buildbot/src/android/rust-toolchain/out/bin/rustc" >> "/buildbot/src/android/rust-toolchain/out/lib/rustlib/manifest-rustc"
$ umask 022 && mkdir -p "/buildbot/src/android/rust-toolchain/out/share/man/man1"
install: copying file /buildbot/src/android/rust-toolchain/out/share/man/man1/rustdoc.1
$ cp /buildbot/src/android/rust-toolchain/toolchain/rustc/build/tmp/dist/rustc-1.42.0-dev-x86_64-unknown-linux-gnu/rustc/share/man/man1/rustdoc.1 /buildbot/src/android/rust-toolchain/out/share/man/man1/rustdoc.1
$ chmod 644 /buildbot/src/android/rust-toolchain/out/share/man/man1/rustdoc.1
$ echo "file:/buildbot/src/android/rust-toolchain/out/share/man/man1/rustdoc.1" >> "/buildbot/src/android/rust-toolchain/out/lib/rustlib/manifest-rustc"
$ umask 022 && mkdir -p "/buildbot/src/android/rust-toolchain/out/share/man/man1"
install: copying file /buildbot/src/android/rust-toolchain/out/share/man/man1/rustc.1
$ cp /buildbot/src/android/rust-toolchain/toolchain/rustc/build/tmp/dist/rustc-1.42.0-dev-x86_64-unknown-linux-gnu/rustc/share/man/man1/rustc.1 /buildbot/src/android/rust-toolchain/out/share/man/man1/rustc.1
$ chmod 644 /buildbot/src/android/rust-toolchain/out/share/man/man1/rustc.1
$ echo "file:/buildbot/src/android/rust-toolchain/out/share/man/man1/rustc.1" >> "/buildbot/src/android/rust-toolchain/out/lib/rustlib/manifest-rustc"
$ umask 022 && mkdir -p "/buildbot/src/android/rust-toolchain/out/share/doc/rust"
install: copying file /buildbot/src/android/rust-toolchain/out/share/doc/rust/COPYRIGHT
$ cp /buildbot/src/android/rust-toolchain/toolchain/rustc/build/tmp/dist/rustc-1.42.0-dev-x86_64-unknown-linux-gnu/rustc/share/doc/rust/COPYRIGHT /buildbot/src/android/rust-toolchain/out/share/doc/rust/COPYRIGHT
$ chmod 644 /buildbot/src/android/rust-toolchain/out/share/doc/rust/COPYRIGHT
$ echo "file:/buildbot/src/android/rust-toolchain/out/share/doc/rust/COPYRIGHT" >> "/buildbot/src/android/rust-toolchain/out/lib/rustlib/manifest-rustc"
$ umask 022 && mkdir -p "/buildbot/src/android/rust-toolchain/out/share/doc/rust"
install: copying file /buildbot/src/android/rust-toolchain/out/share/doc/rust/LICENSE-MIT
install: backing up existing file at /buildbot/src/android/rust-toolchain/out/share/doc/rust/LICENSE-MIT
$ mv -f /buildbot/src/android/rust-toolchain/out/share/doc/rust/LICENSE-MIT /buildbot/src/android/rust-toolchain/out/share/doc/rust/LICENSE-MIT.old
$ cp /buildbot/src/android/rust-toolchain/toolchain/rustc/build/tmp/dist/rustc-1.42.0-dev-x86_64-unknown-linux-gnu/rustc/share/doc/rust/LICENSE-MIT /buildbot/src/android/rust-toolchain/out/share/doc/rust/LICENSE-MIT
$ chmod 644 /buildbot/src/android/rust-toolchain/out/share/doc/rust/LICENSE-MIT
$ echo "file:/buildbot/src/android/rust-toolchain/out/share/doc/rust/LICENSE-MIT" >> "/buildbot/src/android/rust-toolchain/out/lib/rustlib/manifest-rustc"
$ umask 022 && mkdir -p "/buildbot/src/android/rust-toolchain/out/share/doc/rust"
install: copying file /buildbot/src/android/rust-toolchain/out/share/doc/rust/LICENSE-APACHE
install: backing up existing file at /buildbot/src/android/rust-toolchain/out/share/doc/rust/LICENSE-APACHE
$ mv -f /buildbot/src/android/rust-toolchain/out/share/doc/rust/LICENSE-APACHE /buildbot/src/android/rust-toolchain/out/share/doc/rust/LICENSE-APACHE.old
$ cp /buildbot/src/android/rust-toolchain/toolchain/rustc/build/tmp/dist/rustc-1.42.0-dev-x86_64-unknown-linux-gnu/rustc/share/doc/rust/LICENSE-APACHE /buildbot/src/android/rust-toolchain/out/share/doc/rust/LICENSE-APACHE
$ chmod 644 /buildbot/src/android/rust-toolchain/out/share/doc/rust/LICENSE-APACHE
$ echo "file:/buildbot/src/android/rust-toolchain/out/share/doc/rust/LICENSE-APACHE" >> "/buildbot/src/android/rust-toolchain/out/lib/rustlib/manifest-rustc"
$ umask 022 && mkdir -p "/buildbot/src/android/rust-toolchain/out/share/doc/rust"
install: copying file /buildbot/src/android/rust-toolchain/out/share/doc/rust/README.md
install: backing up existing file at /buildbot/src/android/rust-toolchain/out/share/doc/rust/README.md
$ mv -f /buildbot/src/android/rust-toolchain/out/share/doc/rust/README.md /buildbot/src/android/rust-toolchain/out/share/doc/rust/README.md.old
$ cp /buildbot/src/android/rust-toolchain/toolchain/rustc/build/tmp/dist/rustc-1.42.0-dev-x86_64-unknown-linux-gnu/rustc/share/doc/rust/README.md /buildbot/src/android/rust-toolchain/out/share/doc/rust/README.md
$ chmod 644 /buildbot/src/android/rust-toolchain/out/share/doc/rust/README.md
$ echo "file:/buildbot/src/android/rust-toolchain/out/share/doc/rust/README.md" >> "/buildbot/src/android/rust-toolchain/out/lib/rustlib/manifest-rustc"
$ umask 022 && mkdir -p "/buildbot/src/android/rust-toolchain/out/lib"
install: copying file /buildbot/src/android/rust-toolchain/out/lib/librustc_driver-ad10d19d9d76fd0a.so
$ cp /buildbot/src/android/rust-toolchain/toolchain/rustc/build/tmp/dist/rustc-1.42.0-dev-x86_64-unknown-linux-gnu/rustc/lib/librustc_driver-ad10d19d9d76fd0a.so /buildbot/src/android/rust-toolchain/out/lib/librustc_driver-ad10d19d9d76fd0a.so
$ chmod 644 /buildbot/src/android/rust-toolchain/out/lib/librustc_driver-ad10d19d9d76fd0a.so
$ echo "file:/buildbot/src/android/rust-toolchain/out/lib/librustc_driver-ad10d19d9d76fd0a.so" >> "/buildbot/src/android/rust-toolchain/out/lib/rustlib/manifest-rustc"
$ umask 022 && mkdir -p "/buildbot/src/android/rust-toolchain/out/lib"
install: copying file /buildbot/src/android/rust-toolchain/out/lib/librustc_macros-f90e089979a6541d.so
$ cp /buildbot/src/android/rust-toolchain/toolchain/rustc/build/tmp/dist/rustc-1.42.0-dev-x86_64-unknown-linux-gnu/rustc/lib/librustc_macros-f90e089979a6541d.so /buildbot/src/android/rust-toolchain/out/lib/librustc_macros-f90e089979a6541d.so
$ chmod 644 /buildbot/src/android/rust-toolchain/out/lib/librustc_macros-f90e089979a6541d.so
$ echo "file:/buildbot/src/android/rust-toolchain/out/lib/librustc_macros-f90e089979a6541d.so" >> "/buildbot/src/android/rust-toolchain/out/lib/rustlib/manifest-rustc"
$ umask 022 && mkdir -p "/buildbot/src/android/rust-toolchain/out/lib/rustlib/etc"
install: copying file /buildbot/src/android/rust-toolchain/out/lib/rustlib/etc/gdb_rust_pretty_printing.py
$ cp /buildbot/src/android/rust-toolchain/toolchain/rustc/build/tmp/dist/rustc-1.42.0-dev-x86_64-unknown-linux-gnu/rustc/lib/rustlib/etc/gdb_rust_pretty_printing.py /buildbot/src/android/rust-toolchain/out/lib/rustlib/etc/gdb_rust_pretty_printing.py
$ chmod 644 /buildbot/src/android/rust-toolchain/out/lib/rustlib/etc/gdb_rust_pretty_printing.py
$ echo "file:/buildbot/src/android/rust-toolchain/out/lib/rustlib/etc/gdb_rust_pretty_printing.py" >> "/buildbot/src/android/rust-toolchain/out/lib/rustlib/manifest-rustc"
$ umask 022 && mkdir -p "/buildbot/src/android/rust-toolchain/out/lib/rustlib/etc"
install: copying file /buildbot/src/android/rust-toolchain/out/lib/rustlib/etc/lldb_rust_formatters.py
$ cp /buildbot/src/android/rust-toolchain/toolchain/rustc/build/tmp/dist/rustc-1.42.0-dev-x86_64-unknown-linux-gnu/rustc/lib/rustlib/etc/lldb_rust_formatters.py /buildbot/src/android/rust-toolchain/out/lib/rustlib/etc/lldb_rust_formatters.py
$ chmod 644 /buildbot/src/android/rust-toolchain/out/lib/rustlib/etc/lldb_rust_formatters.py
$ echo "file:/buildbot/src/android/rust-toolchain/out/lib/rustlib/etc/lldb_rust_formatters.py" >> "/buildbot/src/android/rust-toolchain/out/lib/rustlib/manifest-rustc"
$ umask 022 && mkdir -p "/buildbot/src/android/rust-toolchain/out/lib/rustlib/etc"
install: copying file /buildbot/src/android/rust-toolchain/out/lib/rustlib/etc/gdb_load_rust_pretty_printers.py
$ cp /buildbot/src/android/rust-toolchain/toolchain/rustc/build/tmp/dist/rustc-1.42.0-dev-x86_64-unknown-linux-gnu/rustc/lib/rustlib/etc/gdb_load_rust_pretty_printers.py /buildbot/src/android/rust-toolchain/out/lib/rustlib/etc/gdb_load_rust_pretty_printers.py
$ chmod 644 /buildbot/src/android/rust-toolchain/out/lib/rustlib/etc/gdb_load_rust_pretty_printers.py
$ echo "file:/buildbot/src/android/rust-toolchain/out/lib/rustlib/etc/gdb_load_rust_pretty_printers.py" >> "/buildbot/src/android/rust-toolchain/out/lib/rustlib/manifest-rustc"
$ umask 022 && mkdir -p "/buildbot/src/android/rust-toolchain/out/lib/rustlib/etc"
install: copying file /buildbot/src/android/rust-toolchain/out/lib/rustlib/etc/debugger_pretty_printers_common.py
$ cp /buildbot/src/android/rust-toolchain/toolchain/rustc/build/tmp/dist/rustc-1.42.0-dev-x86_64-unknown-linux-gnu/rustc/lib/rustlib/etc/debugger_pretty_printers_common.py /buildbot/src/android/rust-toolchain/out/lib/rustlib/etc/debugger_pretty_printers_common.py
$ chmod 644 /buildbot/src/android/rust-toolchain/out/lib/rustlib/etc/debugger_pretty_printers_common.py
$ echo "file:/buildbot/src/android/rust-toolchain/out/lib/rustlib/etc/debugger_pretty_printers_common.py" >> "/buildbot/src/android/rust-toolchain/out/lib/rustlib/manifest-rustc"
$ umask 022 && mkdir -p "/buildbot/src/android/rust-toolchain/out/lib"
install: copying file /buildbot/src/android/rust-toolchain/out/lib/libstd-2614b10992dd60bb.so
$ cp /buildbot/src/android/rust-toolchain/toolchain/rustc/build/tmp/dist/rustc-1.42.0-dev-x86_64-unknown-linux-gnu/rustc/lib/libstd-2614b10992dd60bb.so /buildbot/src/android/rust-toolchain/out/lib/libstd-2614b10992dd60bb.so
$ chmod 644 /buildbot/src/android/rust-toolchain/out/lib/libstd-2614b10992dd60bb.so
$ echo "file:/buildbot/src/android/rust-toolchain/out/lib/libstd-2614b10992dd60bb.so" >> "/buildbot/src/android/rust-toolchain/out/lib/rustlib/manifest-rustc"
$ umask 022 && mkdir -p "/buildbot/src/android/rust-toolchain/out/lib"
install: copying file /buildbot/src/android/rust-toolchain/out/lib/libtest-b0220ba8b6a91a2a.so
$ cp /buildbot/src/android/rust-toolchain/toolchain/rustc/build/tmp/dist/rustc-1.42.0-dev-x86_64-unknown-linux-gnu/rustc/lib/libtest-b0220ba8b6a91a2a.so /buildbot/src/android/rust-toolchain/out/lib/libtest-b0220ba8b6a91a2a.so
$ chmod 644 /buildbot/src/android/rust-toolchain/out/lib/libtest-b0220ba8b6a91a2a.so
$ echo "file:/buildbot/src/android/rust-toolchain/out/lib/libtest-b0220ba8b6a91a2a.so" >> "/buildbot/src/android/rust-toolchain/out/lib/rustlib/manifest-rustc"
