$ umask 022 && mkdir -p "/buildbot/src/android/rust-toolchain/out/lib/rustlib"
$ echo "3" > "/buildbot/src/android/rust-toolchain/out/lib/rustlib/rust-installer-version"
install: creating uninstall script at /buildbot/src/android/rust-toolchain/out/lib/rustlib/uninstall.sh
$ cp /buildbot/src/android/rust-toolchain/toolchain/rustc/build/tmp/dist/rustc-1.37.0-dev-x86_64-unknown-linux-gnu/install.sh /buildbot/src/android/rust-toolchain/out/lib/rustlib/uninstall.sh
install: installing component 'rustc'
$ echo "rustc" >> "/buildbot/src/android/rust-toolchain/out/lib/rustlib/components"
$ umask 022 && mkdir -p "/buildbot/src/android/rust-toolchain/out/bin"
install: copying file /buildbot/src/android/rust-toolchain/out/bin/rustdoc
$ cp /buildbot/src/android/rust-toolchain/toolchain/rustc/build/tmp/dist/rustc-1.37.0-dev-x86_64-unknown-linux-gnu/rustc/bin/rustdoc /buildbot/src/android/rust-toolchain/out/bin/rustdoc
$ chmod 755 /buildbot/src/android/rust-toolchain/out/bin/rustdoc
$ echo "file:/buildbot/src/android/rust-toolchain/out/bin/rustdoc" >> "/buildbot/src/android/rust-toolchain/out/lib/rustlib/manifest-rustc"
$ umask 022 && mkdir -p "/buildbot/src/android/rust-toolchain/out/bin"
install: copying file /buildbot/src/android/rust-toolchain/out/bin/rust-lldb
$ cp /buildbot/src/android/rust-toolchain/toolchain/rustc/build/tmp/dist/rustc-1.37.0-dev-x86_64-unknown-linux-gnu/rustc/bin/rust-lldb /buildbot/src/android/rust-toolchain/out/bin/rust-lldb
$ chmod 755 /buildbot/src/android/rust-toolchain/out/bin/rust-lldb
$ echo "file:/buildbot/src/android/rust-toolchain/out/bin/rust-lldb" >> "/buildbot/src/android/rust-toolchain/out/lib/rustlib/manifest-rustc"
$ umask 022 && mkdir -p "/buildbot/src/android/rust-toolchain/out/bin"
install: copying file /buildbot/src/android/rust-toolchain/out/bin/rust-gdb
$ cp /buildbot/src/android/rust-toolchain/toolchain/rustc/build/tmp/dist/rustc-1.37.0-dev-x86_64-unknown-linux-gnu/rustc/bin/rust-gdb /buildbot/src/android/rust-toolchain/out/bin/rust-gdb
$ chmod 755 /buildbot/src/android/rust-toolchain/out/bin/rust-gdb
$ echo "file:/buildbot/src/android/rust-toolchain/out/bin/rust-gdb" >> "/buildbot/src/android/rust-toolchain/out/lib/rustlib/manifest-rustc"
$ umask 022 && mkdir -p "/buildbot/src/android/rust-toolchain/out/bin"
install: copying file /buildbot/src/android/rust-toolchain/out/bin/rust-gdbgui
$ cp /buildbot/src/android/rust-toolchain/toolchain/rustc/build/tmp/dist/rustc-1.37.0-dev-x86_64-unknown-linux-gnu/rustc/bin/rust-gdbgui /buildbot/src/android/rust-toolchain/out/bin/rust-gdbgui
$ chmod 755 /buildbot/src/android/rust-toolchain/out/bin/rust-gdbgui
$ echo "file:/buildbot/src/android/rust-toolchain/out/bin/rust-gdbgui" >> "/buildbot/src/android/rust-toolchain/out/lib/rustlib/manifest-rustc"
$ umask 022 && mkdir -p "/buildbot/src/android/rust-toolchain/out/bin"
install: copying file /buildbot/src/android/rust-toolchain/out/bin/rustc
$ cp /buildbot/src/android/rust-toolchain/toolchain/rustc/build/tmp/dist/rustc-1.37.0-dev-x86_64-unknown-linux-gnu/rustc/bin/rustc /buildbot/src/android/rust-toolchain/out/bin/rustc
$ chmod 755 /buildbot/src/android/rust-toolchain/out/bin/rustc
$ echo "file:/buildbot/src/android/rust-toolchain/out/bin/rustc" >> "/buildbot/src/android/rust-toolchain/out/lib/rustlib/manifest-rustc"
$ umask 022 && mkdir -p "/buildbot/src/android/rust-toolchain/out/share/man/man1"
install: copying file /buildbot/src/android/rust-toolchain/out/share/man/man1/rustdoc.1
$ cp /buildbot/src/android/rust-toolchain/toolchain/rustc/build/tmp/dist/rustc-1.37.0-dev-x86_64-unknown-linux-gnu/rustc/share/man/man1/rustdoc.1 /buildbot/src/android/rust-toolchain/out/share/man/man1/rustdoc.1
$ chmod 644 /buildbot/src/android/rust-toolchain/out/share/man/man1/rustdoc.1
$ echo "file:/buildbot/src/android/rust-toolchain/out/share/man/man1/rustdoc.1" >> "/buildbot/src/android/rust-toolchain/out/lib/rustlib/manifest-rustc"
$ umask 022 && mkdir -p "/buildbot/src/android/rust-toolchain/out/share/man/man1"
install: copying file /buildbot/src/android/rust-toolchain/out/share/man/man1/rustc.1
$ cp /buildbot/src/android/rust-toolchain/toolchain/rustc/build/tmp/dist/rustc-1.37.0-dev-x86_64-unknown-linux-gnu/rustc/share/man/man1/rustc.1 /buildbot/src/android/rust-toolchain/out/share/man/man1/rustc.1
$ chmod 644 /buildbot/src/android/rust-toolchain/out/share/man/man1/rustc.1
$ echo "file:/buildbot/src/android/rust-toolchain/out/share/man/man1/rustc.1" >> "/buildbot/src/android/rust-toolchain/out/lib/rustlib/manifest-rustc"
$ umask 022 && mkdir -p "/buildbot/src/android/rust-toolchain/out/share/doc/rust"
install: copying file /buildbot/src/android/rust-toolchain/out/share/doc/rust/COPYRIGHT
$ cp /buildbot/src/android/rust-toolchain/toolchain/rustc/build/tmp/dist/rustc-1.37.0-dev-x86_64-unknown-linux-gnu/rustc/share/doc/rust/COPYRIGHT /buildbot/src/android/rust-toolchain/out/share/doc/rust/COPYRIGHT
$ chmod 644 /buildbot/src/android/rust-toolchain/out/share/doc/rust/COPYRIGHT
$ echo "file:/buildbot/src/android/rust-toolchain/out/share/doc/rust/COPYRIGHT" >> "/buildbot/src/android/rust-toolchain/out/lib/rustlib/manifest-rustc"
$ umask 022 && mkdir -p "/buildbot/src/android/rust-toolchain/out/share/doc/rust"
install: copying file /buildbot/src/android/rust-toolchain/out/share/doc/rust/LICENSE-MIT
install: backing up existing file at /buildbot/src/android/rust-toolchain/out/share/doc/rust/LICENSE-MIT
$ mv -f /buildbot/src/android/rust-toolchain/out/share/doc/rust/LICENSE-MIT /buildbot/src/android/rust-toolchain/out/share/doc/rust/LICENSE-MIT.old
$ cp /buildbot/src/android/rust-toolchain/toolchain/rustc/build/tmp/dist/rustc-1.37.0-dev-x86_64-unknown-linux-gnu/rustc/share/doc/rust/LICENSE-MIT /buildbot/src/android/rust-toolchain/out/share/doc/rust/LICENSE-MIT
$ chmod 644 /buildbot/src/android/rust-toolchain/out/share/doc/rust/LICENSE-MIT
$ echo "file:/buildbot/src/android/rust-toolchain/out/share/doc/rust/LICENSE-MIT" >> "/buildbot/src/android/rust-toolchain/out/lib/rustlib/manifest-rustc"
$ umask 022 && mkdir -p "/buildbot/src/android/rust-toolchain/out/share/doc/rust"
install: copying file /buildbot/src/android/rust-toolchain/out/share/doc/rust/LICENSE-APACHE
install: backing up existing file at /buildbot/src/android/rust-toolchain/out/share/doc/rust/LICENSE-APACHE
$ mv -f /buildbot/src/android/rust-toolchain/out/share/doc/rust/LICENSE-APACHE /buildbot/src/android/rust-toolchain/out/share/doc/rust/LICENSE-APACHE.old
$ cp /buildbot/src/android/rust-toolchain/toolchain/rustc/build/tmp/dist/rustc-1.37.0-dev-x86_64-unknown-linux-gnu/rustc/share/doc/rust/LICENSE-APACHE /buildbot/src/android/rust-toolchain/out/share/doc/rust/LICENSE-APACHE
$ chmod 644 /buildbot/src/android/rust-toolchain/out/share/doc/rust/LICENSE-APACHE
$ echo "file:/buildbot/src/android/rust-toolchain/out/share/doc/rust/LICENSE-APACHE" >> "/buildbot/src/android/rust-toolchain/out/lib/rustlib/manifest-rustc"
$ umask 022 && mkdir -p "/buildbot/src/android/rust-toolchain/out/share/doc/rust"
install: copying file /buildbot/src/android/rust-toolchain/out/share/doc/rust/README.md
install: backing up existing file at /buildbot/src/android/rust-toolchain/out/share/doc/rust/README.md
$ mv -f /buildbot/src/android/rust-toolchain/out/share/doc/rust/README.md /buildbot/src/android/rust-toolchain/out/share/doc/rust/README.md.old
$ cp /buildbot/src/android/rust-toolchain/toolchain/rustc/build/tmp/dist/rustc-1.37.0-dev-x86_64-unknown-linux-gnu/rustc/share/doc/rust/README.md /buildbot/src/android/rust-toolchain/out/share/doc/rust/README.md
$ chmod 644 /buildbot/src/android/rust-toolchain/out/share/doc/rust/README.md
$ echo "file:/buildbot/src/android/rust-toolchain/out/share/doc/rust/README.md" >> "/buildbot/src/android/rust-toolchain/out/lib/rustlib/manifest-rustc"
$ umask 022 && mkdir -p "/buildbot/src/android/rust-toolchain/out/lib"
install: copying file /buildbot/src/android/rust-toolchain/out/lib/librustc_codegen_ssa-99f840bd703e324a.so
$ cp /buildbot/src/android/rust-toolchain/toolchain/rustc/build/tmp/dist/rustc-1.37.0-dev-x86_64-unknown-linux-gnu/rustc/lib/librustc_codegen_ssa-99f840bd703e324a.so /buildbot/src/android/rust-toolchain/out/lib/librustc_codegen_ssa-99f840bd703e324a.so
$ chmod 644 /buildbot/src/android/rust-toolchain/out/lib/librustc_codegen_ssa-99f840bd703e324a.so
$ echo "file:/buildbot/src/android/rust-toolchain/out/lib/librustc_codegen_ssa-99f840bd703e324a.so" >> "/buildbot/src/android/rust-toolchain/out/lib/rustlib/manifest-rustc"
$ umask 022 && mkdir -p "/buildbot/src/android/rust-toolchain/out/lib"
install: copying file /buildbot/src/android/rust-toolchain/out/lib/librustc_resolve-7e50abb637cd206a.so
$ cp /buildbot/src/android/rust-toolchain/toolchain/rustc/build/tmp/dist/rustc-1.37.0-dev-x86_64-unknown-linux-gnu/rustc/lib/librustc_resolve-7e50abb637cd206a.so /buildbot/src/android/rust-toolchain/out/lib/librustc_resolve-7e50abb637cd206a.so
$ chmod 644 /buildbot/src/android/rust-toolchain/out/lib/librustc_resolve-7e50abb637cd206a.so
$ echo "file:/buildbot/src/android/rust-toolchain/out/lib/librustc_resolve-7e50abb637cd206a.so" >> "/buildbot/src/android/rust-toolchain/out/lib/rustlib/manifest-rustc"
$ umask 022 && mkdir -p "/buildbot/src/android/rust-toolchain/out/lib"
install: copying file /buildbot/src/android/rust-toolchain/out/lib/libserialize-d46391970601c231.so
$ cp /buildbot/src/android/rust-toolchain/toolchain/rustc/build/tmp/dist/rustc-1.37.0-dev-x86_64-unknown-linux-gnu/rustc/lib/libserialize-d46391970601c231.so /buildbot/src/android/rust-toolchain/out/lib/libserialize-d46391970601c231.so
$ chmod 644 /buildbot/src/android/rust-toolchain/out/lib/libserialize-d46391970601c231.so
$ echo "file:/buildbot/src/android/rust-toolchain/out/lib/libserialize-d46391970601c231.so" >> "/buildbot/src/android/rust-toolchain/out/lib/rustlib/manifest-rustc"
$ umask 022 && mkdir -p "/buildbot/src/android/rust-toolchain/out/lib"
install: copying file /buildbot/src/android/rust-toolchain/out/lib/librustc_errors-7afb9a6f71058603.so
$ cp /buildbot/src/android/rust-toolchain/toolchain/rustc/build/tmp/dist/rustc-1.37.0-dev-x86_64-unknown-linux-gnu/rustc/lib/librustc_errors-7afb9a6f71058603.so /buildbot/src/android/rust-toolchain/out/lib/librustc_errors-7afb9a6f71058603.so
$ chmod 644 /buildbot/src/android/rust-toolchain/out/lib/librustc_errors-7afb9a6f71058603.so
$ echo "file:/buildbot/src/android/rust-toolchain/out/lib/librustc_errors-7afb9a6f71058603.so" >> "/buildbot/src/android/rust-toolchain/out/lib/rustlib/manifest-rustc"
$ umask 022 && mkdir -p "/buildbot/src/android/rust-toolchain/out/lib"
install: copying file /buildbot/src/android/rust-toolchain/out/lib/librustc_driver-d05c823f6138adea.so
$ cp /buildbot/src/android/rust-toolchain/toolchain/rustc/build/tmp/dist/rustc-1.37.0-dev-x86_64-unknown-linux-gnu/rustc/lib/librustc_driver-d05c823f6138adea.so /buildbot/src/android/rust-toolchain/out/lib/librustc_driver-d05c823f6138adea.so
$ chmod 644 /buildbot/src/android/rust-toolchain/out/lib/librustc_driver-d05c823f6138adea.so
$ echo "file:/buildbot/src/android/rust-toolchain/out/lib/librustc_driver-d05c823f6138adea.so" >> "/buildbot/src/android/rust-toolchain/out/lib/rustlib/manifest-rustc"
$ umask 022 && mkdir -p "/buildbot/src/android/rust-toolchain/out/lib"
install: copying file /buildbot/src/android/rust-toolchain/out/lib/librustc_save_analysis-7f82341b3453a15c.so
$ cp /buildbot/src/android/rust-toolchain/toolchain/rustc/build/tmp/dist/rustc-1.37.0-dev-x86_64-unknown-linux-gnu/rustc/lib/librustc_save_analysis-7f82341b3453a15c.so /buildbot/src/android/rust-toolchain/out/lib/librustc_save_analysis-7f82341b3453a15c.so
$ chmod 644 /buildbot/src/android/rust-toolchain/out/lib/librustc_save_analysis-7f82341b3453a15c.so
$ echo "file:/buildbot/src/android/rust-toolchain/out/lib/librustc_save_analysis-7f82341b3453a15c.so" >> "/buildbot/src/android/rust-toolchain/out/lib/rustlib/manifest-rustc"
$ umask 022 && mkdir -p "/buildbot/src/android/rust-toolchain/out/lib"
install: copying file /buildbot/src/android/rust-toolchain/out/lib/libsyntax_ext-1b3d0f819cea6445.so
$ cp /buildbot/src/android/rust-toolchain/toolchain/rustc/build/tmp/dist/rustc-1.37.0-dev-x86_64-unknown-linux-gnu/rustc/lib/libsyntax_ext-1b3d0f819cea6445.so /buildbot/src/android/rust-toolchain/out/lib/libsyntax_ext-1b3d0f819cea6445.so
$ chmod 644 /buildbot/src/android/rust-toolchain/out/lib/libsyntax_ext-1b3d0f819cea6445.so
$ echo "file:/buildbot/src/android/rust-toolchain/out/lib/libsyntax_ext-1b3d0f819cea6445.so" >> "/buildbot/src/android/rust-toolchain/out/lib/rustlib/manifest-rustc"
$ umask 022 && mkdir -p "/buildbot/src/android/rust-toolchain/out/lib"
install: copying file /buildbot/src/android/rust-toolchain/out/lib/librustc_metadata-9f3426fbb3ce7622.so
$ cp /buildbot/src/android/rust-toolchain/toolchain/rustc/build/tmp/dist/rustc-1.37.0-dev-x86_64-unknown-linux-gnu/rustc/lib/librustc_metadata-9f3426fbb3ce7622.so /buildbot/src/android/rust-toolchain/out/lib/librustc_metadata-9f3426fbb3ce7622.so
$ chmod 644 /buildbot/src/android/rust-toolchain/out/lib/librustc_metadata-9f3426fbb3ce7622.so
$ echo "file:/buildbot/src/android/rust-toolchain/out/lib/librustc_metadata-9f3426fbb3ce7622.so" >> "/buildbot/src/android/rust-toolchain/out/lib/rustlib/manifest-rustc"
$ umask 022 && mkdir -p "/buildbot/src/android/rust-toolchain/out/lib"
install: copying file /buildbot/src/android/rust-toolchain/out/lib/libgraphviz-c246c000d9b35056.so
$ cp /buildbot/src/android/rust-toolchain/toolchain/rustc/build/tmp/dist/rustc-1.37.0-dev-x86_64-unknown-linux-gnu/rustc/lib/libgraphviz-c246c000d9b35056.so /buildbot/src/android/rust-toolchain/out/lib/libgraphviz-c246c000d9b35056.so
$ chmod 644 /buildbot/src/android/rust-toolchain/out/lib/libgraphviz-c246c000d9b35056.so
$ echo "file:/buildbot/src/android/rust-toolchain/out/lib/libgraphviz-c246c000d9b35056.so" >> "/buildbot/src/android/rust-toolchain/out/lib/rustlib/manifest-rustc"
$ umask 022 && mkdir -p "/buildbot/src/android/rust-toolchain/out/lib"
install: copying file /buildbot/src/android/rust-toolchain/out/lib/libsyntax-a20adaff99a8aee8.so
$ cp /buildbot/src/android/rust-toolchain/toolchain/rustc/build/tmp/dist/rustc-1.37.0-dev-x86_64-unknown-linux-gnu/rustc/lib/libsyntax-a20adaff99a8aee8.so /buildbot/src/android/rust-toolchain/out/lib/libsyntax-a20adaff99a8aee8.so
$ chmod 644 /buildbot/src/android/rust-toolchain/out/lib/libsyntax-a20adaff99a8aee8.so
$ echo "file:/buildbot/src/android/rust-toolchain/out/lib/libsyntax-a20adaff99a8aee8.so" >> "/buildbot/src/android/rust-toolchain/out/lib/rustlib/manifest-rustc"
$ umask 022 && mkdir -p "/buildbot/src/android/rust-toolchain/out/lib"
install: copying file /buildbot/src/android/rust-toolchain/out/lib/libsyntax_pos-d657915c554c910f.so
$ cp /buildbot/src/android/rust-toolchain/toolchain/rustc/build/tmp/dist/rustc-1.37.0-dev-x86_64-unknown-linux-gnu/rustc/lib/libsyntax_pos-d657915c554c910f.so /buildbot/src/android/rust-toolchain/out/lib/libsyntax_pos-d657915c554c910f.so
$ chmod 644 /buildbot/src/android/rust-toolchain/out/lib/libsyntax_pos-d657915c554c910f.so
$ echo "file:/buildbot/src/android/rust-toolchain/out/lib/libsyntax_pos-d657915c554c910f.so" >> "/buildbot/src/android/rust-toolchain/out/lib/rustlib/manifest-rustc"
$ umask 022 && mkdir -p "/buildbot/src/android/rust-toolchain/out/lib"
install: copying file /buildbot/src/android/rust-toolchain/out/lib/librustc_typeck-7628a756ffc08231.so
$ cp /buildbot/src/android/rust-toolchain/toolchain/rustc/build/tmp/dist/rustc-1.37.0-dev-x86_64-unknown-linux-gnu/rustc/lib/librustc_typeck-7628a756ffc08231.so /buildbot/src/android/rust-toolchain/out/lib/librustc_typeck-7628a756ffc08231.so
$ chmod 644 /buildbot/src/android/rust-toolchain/out/lib/librustc_typeck-7628a756ffc08231.so
$ echo "file:/buildbot/src/android/rust-toolchain/out/lib/librustc_typeck-7628a756ffc08231.so" >> "/buildbot/src/android/rust-toolchain/out/lib/rustlib/manifest-rustc"
$ umask 022 && mkdir -p "/buildbot/src/android/rust-toolchain/out/lib"
install: copying file /buildbot/src/android/rust-toolchain/out/lib/librustc_allocator-e131f8aef333eca5.so
$ cp /buildbot/src/android/rust-toolchain/toolchain/rustc/build/tmp/dist/rustc-1.37.0-dev-x86_64-unknown-linux-gnu/rustc/lib/librustc_allocator-e131f8aef333eca5.so /buildbot/src/android/rust-toolchain/out/lib/librustc_allocator-e131f8aef333eca5.so
$ chmod 644 /buildbot/src/android/rust-toolchain/out/lib/librustc_allocator-e131f8aef333eca5.so
$ echo "file:/buildbot/src/android/rust-toolchain/out/lib/librustc_allocator-e131f8aef333eca5.so" >> "/buildbot/src/android/rust-toolchain/out/lib/rustlib/manifest-rustc"
$ umask 022 && mkdir -p "/buildbot/src/android/rust-toolchain/out/lib"
install: copying file /buildbot/src/android/rust-toolchain/out/lib/libstd-d00fe5b0df1921ae.so
$ cp /buildbot/src/android/rust-toolchain/toolchain/rustc/build/tmp/dist/rustc-1.37.0-dev-x86_64-unknown-linux-gnu/rustc/lib/libstd-d00fe5b0df1921ae.so /buildbot/src/android/rust-toolchain/out/lib/libstd-d00fe5b0df1921ae.so
$ chmod 644 /buildbot/src/android/rust-toolchain/out/lib/libstd-d00fe5b0df1921ae.so
$ echo "file:/buildbot/src/android/rust-toolchain/out/lib/libstd-d00fe5b0df1921ae.so" >> "/buildbot/src/android/rust-toolchain/out/lib/rustlib/manifest-rustc"
$ umask 022 && mkdir -p "/buildbot/src/android/rust-toolchain/out/lib"
install: copying file /buildbot/src/android/rust-toolchain/out/lib/librustc_mir-5b82b627777a8a3a.so
$ cp /buildbot/src/android/rust-toolchain/toolchain/rustc/build/tmp/dist/rustc-1.37.0-dev-x86_64-unknown-linux-gnu/rustc/lib/librustc_mir-5b82b627777a8a3a.so /buildbot/src/android/rust-toolchain/out/lib/librustc_mir-5b82b627777a8a3a.so
$ chmod 644 /buildbot/src/android/rust-toolchain/out/lib/librustc_mir-5b82b627777a8a3a.so
$ echo "file:/buildbot/src/android/rust-toolchain/out/lib/librustc_mir-5b82b627777a8a3a.so" >> "/buildbot/src/android/rust-toolchain/out/lib/rustlib/manifest-rustc"
$ umask 022 && mkdir -p "/buildbot/src/android/rust-toolchain/out/lib"
install: copying file /buildbot/src/android/rust-toolchain/out/lib/libtest-566799a50c9eabaf.so
$ cp /buildbot/src/android/rust-toolchain/toolchain/rustc/build/tmp/dist/rustc-1.37.0-dev-x86_64-unknown-linux-gnu/rustc/lib/libtest-566799a50c9eabaf.so /buildbot/src/android/rust-toolchain/out/lib/libtest-566799a50c9eabaf.so
$ chmod 644 /buildbot/src/android/rust-toolchain/out/lib/libtest-566799a50c9eabaf.so
$ echo "file:/buildbot/src/android/rust-toolchain/out/lib/libtest-566799a50c9eabaf.so" >> "/buildbot/src/android/rust-toolchain/out/lib/rustlib/manifest-rustc"
$ umask 022 && mkdir -p "/buildbot/src/android/rust-toolchain/out/lib"
install: copying file /buildbot/src/android/rust-toolchain/out/lib/librustc_target-19a7a6e1ccd242ca.so
$ cp /buildbot/src/android/rust-toolchain/toolchain/rustc/build/tmp/dist/rustc-1.37.0-dev-x86_64-unknown-linux-gnu/rustc/lib/librustc_target-19a7a6e1ccd242ca.so /buildbot/src/android/rust-toolchain/out/lib/librustc_target-19a7a6e1ccd242ca.so
$ chmod 644 /buildbot/src/android/rust-toolchain/out/lib/librustc_target-19a7a6e1ccd242ca.so
$ echo "file:/buildbot/src/android/rust-toolchain/out/lib/librustc_target-19a7a6e1ccd242ca.so" >> "/buildbot/src/android/rust-toolchain/out/lib/rustlib/manifest-rustc"
$ umask 022 && mkdir -p "/buildbot/src/android/rust-toolchain/out/lib"
install: copying file /buildbot/src/android/rust-toolchain/out/lib/librustc_incremental-d1ee30ce1d908d94.so
$ cp /buildbot/src/android/rust-toolchain/toolchain/rustc/build/tmp/dist/rustc-1.37.0-dev-x86_64-unknown-linux-gnu/rustc/lib/librustc_incremental-d1ee30ce1d908d94.so /buildbot/src/android/rust-toolchain/out/lib/librustc_incremental-d1ee30ce1d908d94.so
$ chmod 644 /buildbot/src/android/rust-toolchain/out/lib/librustc_incremental-d1ee30ce1d908d94.so
$ echo "file:/buildbot/src/android/rust-toolchain/out/lib/librustc_incremental-d1ee30ce1d908d94.so" >> "/buildbot/src/android/rust-toolchain/out/lib/rustlib/manifest-rustc"
$ umask 022 && mkdir -p "/buildbot/src/android/rust-toolchain/out/lib/rustlib/x86_64-unknown-linux-gnu/codegen-backends"
install: copying file /buildbot/src/android/rust-toolchain/out/lib/rustlib/x86_64-unknown-linux-gnu/codegen-backends/librustc_codegen_llvm-llvm.so
$ cp /buildbot/src/android/rust-toolchain/toolchain/rustc/build/tmp/dist/rustc-1.37.0-dev-x86_64-unknown-linux-gnu/rustc/lib/rustlib/x86_64-unknown-linux-gnu/codegen-backends/librustc_codegen_llvm-llvm.so /buildbot/src/android/rust-toolchain/out/lib/rustlib/x86_64-unknown-linux-gnu/codegen-backends/librustc_codegen_llvm-llvm.so
$ chmod 755 /buildbot/src/android/rust-toolchain/out/lib/rustlib/x86_64-unknown-linux-gnu/codegen-backends/librustc_codegen_llvm-llvm.so
$ echo "file:/buildbot/src/android/rust-toolchain/out/lib/rustlib/x86_64-unknown-linux-gnu/codegen-backends/librustc_codegen_llvm-llvm.so" >> "/buildbot/src/android/rust-toolchain/out/lib/rustlib/manifest-rustc"
$ umask 022 && mkdir -p "/buildbot/src/android/rust-toolchain/out/lib/rustlib/x86_64-unknown-linux-gnu/lib"
install: copying file /buildbot/src/android/rust-toolchain/out/lib/rustlib/x86_64-unknown-linux-gnu/lib/libLLVM-8-rust-1.37.0-dev.so
$ cp /buildbot/src/android/rust-toolchain/toolchain/rustc/build/tmp/dist/rustc-1.37.0-dev-x86_64-unknown-linux-gnu/rustc/lib/rustlib/x86_64-unknown-linux-gnu/lib/libLLVM-8-rust-1.37.0-dev.so /buildbot/src/android/rust-toolchain/out/lib/rustlib/x86_64-unknown-linux-gnu/lib/libLLVM-8-rust-1.37.0-dev.so
$ chmod 644 /buildbot/src/android/rust-toolchain/out/lib/rustlib/x86_64-unknown-linux-gnu/lib/libLLVM-8-rust-1.37.0-dev.so
$ echo "file:/buildbot/src/android/rust-toolchain/out/lib/rustlib/x86_64-unknown-linux-gnu/lib/libLLVM-8-rust-1.37.0-dev.so" >> "/buildbot/src/android/rust-toolchain/out/lib/rustlib/manifest-rustc"
$ umask 022 && mkdir -p "/buildbot/src/android/rust-toolchain/out/lib/rustlib/etc"
install: copying file /buildbot/src/android/rust-toolchain/out/lib/rustlib/etc/gdb_rust_pretty_printing.py
$ cp /buildbot/src/android/rust-toolchain/toolchain/rustc/build/tmp/dist/rustc-1.37.0-dev-x86_64-unknown-linux-gnu/rustc/lib/rustlib/etc/gdb_rust_pretty_printing.py /buildbot/src/android/rust-toolchain/out/lib/rustlib/etc/gdb_rust_pretty_printing.py
$ chmod 644 /buildbot/src/android/rust-toolchain/out/lib/rustlib/etc/gdb_rust_pretty_printing.py
$ echo "file:/buildbot/src/android/rust-toolchain/out/lib/rustlib/etc/gdb_rust_pretty_printing.py" >> "/buildbot/src/android/rust-toolchain/out/lib/rustlib/manifest-rustc"
$ umask 022 && mkdir -p "/buildbot/src/android/rust-toolchain/out/lib/rustlib/etc"
install: copying file /buildbot/src/android/rust-toolchain/out/lib/rustlib/etc/lldb_rust_formatters.py
$ cp /buildbot/src/android/rust-toolchain/toolchain/rustc/build/tmp/dist/rustc-1.37.0-dev-x86_64-unknown-linux-gnu/rustc/lib/rustlib/etc/lldb_rust_formatters.py /buildbot/src/android/rust-toolchain/out/lib/rustlib/etc/lldb_rust_formatters.py
$ chmod 644 /buildbot/src/android/rust-toolchain/out/lib/rustlib/etc/lldb_rust_formatters.py
$ echo "file:/buildbot/src/android/rust-toolchain/out/lib/rustlib/etc/lldb_rust_formatters.py" >> "/buildbot/src/android/rust-toolchain/out/lib/rustlib/manifest-rustc"
$ umask 022 && mkdir -p "/buildbot/src/android/rust-toolchain/out/lib/rustlib/etc"
install: copying file /buildbot/src/android/rust-toolchain/out/lib/rustlib/etc/gdb_load_rust_pretty_printers.py
$ cp /buildbot/src/android/rust-toolchain/toolchain/rustc/build/tmp/dist/rustc-1.37.0-dev-x86_64-unknown-linux-gnu/rustc/lib/rustlib/etc/gdb_load_rust_pretty_printers.py /buildbot/src/android/rust-toolchain/out/lib/rustlib/etc/gdb_load_rust_pretty_printers.py
$ chmod 644 /buildbot/src/android/rust-toolchain/out/lib/rustlib/etc/gdb_load_rust_pretty_printers.py
$ echo "file:/buildbot/src/android/rust-toolchain/out/lib/rustlib/etc/gdb_load_rust_pretty_printers.py" >> "/buildbot/src/android/rust-toolchain/out/lib/rustlib/manifest-rustc"
$ umask 022 && mkdir -p "/buildbot/src/android/rust-toolchain/out/lib/rustlib/etc"
install: copying file /buildbot/src/android/rust-toolchain/out/lib/rustlib/etc/debugger_pretty_printers_common.py
$ cp /buildbot/src/android/rust-toolchain/toolchain/rustc/build/tmp/dist/rustc-1.37.0-dev-x86_64-unknown-linux-gnu/rustc/lib/rustlib/etc/debugger_pretty_printers_common.py /buildbot/src/android/rust-toolchain/out/lib/rustlib/etc/debugger_pretty_printers_common.py
$ chmod 644 /buildbot/src/android/rust-toolchain/out/lib/rustlib/etc/debugger_pretty_printers_common.py
$ echo "file:/buildbot/src/android/rust-toolchain/out/lib/rustlib/etc/debugger_pretty_printers_common.py" >> "/buildbot/src/android/rust-toolchain/out/lib/rustlib/manifest-rustc"
$ umask 022 && mkdir -p "/buildbot/src/android/rust-toolchain/out/lib"
install: copying file /buildbot/src/android/rust-toolchain/out/lib/librustc_lint-02e6c2a198940c84.so
$ cp /buildbot/src/android/rust-toolchain/toolchain/rustc/build/tmp/dist/rustc-1.37.0-dev-x86_64-unknown-linux-gnu/rustc/lib/librustc_lint-02e6c2a198940c84.so /buildbot/src/android/rust-toolchain/out/lib/librustc_lint-02e6c2a198940c84.so
$ chmod 644 /buildbot/src/android/rust-toolchain/out/lib/librustc_lint-02e6c2a198940c84.so
$ echo "file:/buildbot/src/android/rust-toolchain/out/lib/librustc_lint-02e6c2a198940c84.so" >> "/buildbot/src/android/rust-toolchain/out/lib/rustlib/manifest-rustc"
$ umask 022 && mkdir -p "/buildbot/src/android/rust-toolchain/out/lib"
install: copying file /buildbot/src/android/rust-toolchain/out/lib/libarena-295bf9aa2de5cbc8.so
$ cp /buildbot/src/android/rust-toolchain/toolchain/rustc/build/tmp/dist/rustc-1.37.0-dev-x86_64-unknown-linux-gnu/rustc/lib/libarena-295bf9aa2de5cbc8.so /buildbot/src/android/rust-toolchain/out/lib/libarena-295bf9aa2de5cbc8.so
$ chmod 644 /buildbot/src/android/rust-toolchain/out/lib/libarena-295bf9aa2de5cbc8.so
$ echo "file:/buildbot/src/android/rust-toolchain/out/lib/libarena-295bf9aa2de5cbc8.so" >> "/buildbot/src/android/rust-toolchain/out/lib/rustlib/manifest-rustc"
$ umask 022 && mkdir -p "/buildbot/src/android/rust-toolchain/out/lib"
install: copying file /buildbot/src/android/rust-toolchain/out/lib/librustc-090b2780a7a7491b.so
$ cp /buildbot/src/android/rust-toolchain/toolchain/rustc/build/tmp/dist/rustc-1.37.0-dev-x86_64-unknown-linux-gnu/rustc/lib/librustc-090b2780a7a7491b.so /buildbot/src/android/rust-toolchain/out/lib/librustc-090b2780a7a7491b.so
$ chmod 644 /buildbot/src/android/rust-toolchain/out/lib/librustc-090b2780a7a7491b.so
$ echo "file:/buildbot/src/android/rust-toolchain/out/lib/librustc-090b2780a7a7491b.so" >> "/buildbot/src/android/rust-toolchain/out/lib/rustlib/manifest-rustc"
$ umask 022 && mkdir -p "/buildbot/src/android/rust-toolchain/out/lib"
install: copying file /buildbot/src/android/rust-toolchain/out/lib/librustc_codegen_utils-2da68276cad19a9b.so
$ cp /buildbot/src/android/rust-toolchain/toolchain/rustc/build/tmp/dist/rustc-1.37.0-dev-x86_64-unknown-linux-gnu/rustc/lib/librustc_codegen_utils-2da68276cad19a9b.so /buildbot/src/android/rust-toolchain/out/lib/librustc_codegen_utils-2da68276cad19a9b.so
$ chmod 644 /buildbot/src/android/rust-toolchain/out/lib/librustc_codegen_utils-2da68276cad19a9b.so
$ echo "file:/buildbot/src/android/rust-toolchain/out/lib/librustc_codegen_utils-2da68276cad19a9b.so" >> "/buildbot/src/android/rust-toolchain/out/lib/rustlib/manifest-rustc"
$ umask 022 && mkdir -p "/buildbot/src/android/rust-toolchain/out/lib"
install: copying file /buildbot/src/android/rust-toolchain/out/lib/librustc_cratesio_shim-0596d146fe737d70.so
$ cp /buildbot/src/android/rust-toolchain/toolchain/rustc/build/tmp/dist/rustc-1.37.0-dev-x86_64-unknown-linux-gnu/rustc/lib/librustc_cratesio_shim-0596d146fe737d70.so /buildbot/src/android/rust-toolchain/out/lib/librustc_cratesio_shim-0596d146fe737d70.so
$ chmod 644 /buildbot/src/android/rust-toolchain/out/lib/librustc_cratesio_shim-0596d146fe737d70.so
$ echo "file:/buildbot/src/android/rust-toolchain/out/lib/librustc_cratesio_shim-0596d146fe737d70.so" >> "/buildbot/src/android/rust-toolchain/out/lib/rustlib/manifest-rustc"
$ umask 022 && mkdir -p "/buildbot/src/android/rust-toolchain/out/lib"
install: copying file /buildbot/src/android/rust-toolchain/out/lib/librustc_privacy-8e63d3a35e5dfd51.so
$ cp /buildbot/src/android/rust-toolchain/toolchain/rustc/build/tmp/dist/rustc-1.37.0-dev-x86_64-unknown-linux-gnu/rustc/lib/librustc_privacy-8e63d3a35e5dfd51.so /buildbot/src/android/rust-toolchain/out/lib/librustc_privacy-8e63d3a35e5dfd51.so
$ chmod 644 /buildbot/src/android/rust-toolchain/out/lib/librustc_privacy-8e63d3a35e5dfd51.so
$ echo "file:/buildbot/src/android/rust-toolchain/out/lib/librustc_privacy-8e63d3a35e5dfd51.so" >> "/buildbot/src/android/rust-toolchain/out/lib/rustlib/manifest-rustc"
$ umask 022 && mkdir -p "/buildbot/src/android/rust-toolchain/out/lib"
install: copying file /buildbot/src/android/rust-toolchain/out/lib/librustc_traits-207753651206c4ee.so
$ cp /buildbot/src/android/rust-toolchain/toolchain/rustc/build/tmp/dist/rustc-1.37.0-dev-x86_64-unknown-linux-gnu/rustc/lib/librustc_traits-207753651206c4ee.so /buildbot/src/android/rust-toolchain/out/lib/librustc_traits-207753651206c4ee.so
$ chmod 644 /buildbot/src/android/rust-toolchain/out/lib/librustc_traits-207753651206c4ee.so
$ echo "file:/buildbot/src/android/rust-toolchain/out/lib/librustc_traits-207753651206c4ee.so" >> "/buildbot/src/android/rust-toolchain/out/lib/rustlib/manifest-rustc"
$ umask 022 && mkdir -p "/buildbot/src/android/rust-toolchain/out/lib"
install: copying file /buildbot/src/android/rust-toolchain/out/lib/librustc_borrowck-959c08420c5e4015.so
$ cp /buildbot/src/android/rust-toolchain/toolchain/rustc/build/tmp/dist/rustc-1.37.0-dev-x86_64-unknown-linux-gnu/rustc/lib/librustc_borrowck-959c08420c5e4015.so /buildbot/src/android/rust-toolchain/out/lib/librustc_borrowck-959c08420c5e4015.so
$ chmod 644 /buildbot/src/android/rust-toolchain/out/lib/librustc_borrowck-959c08420c5e4015.so
$ echo "file:/buildbot/src/android/rust-toolchain/out/lib/librustc_borrowck-959c08420c5e4015.so" >> "/buildbot/src/android/rust-toolchain/out/lib/rustlib/manifest-rustc"
$ umask 022 && mkdir -p "/buildbot/src/android/rust-toolchain/out/lib"
install: copying file /buildbot/src/android/rust-toolchain/out/lib/librustc_data_structures-4107394424cf5e0a.so
$ cp /buildbot/src/android/rust-toolchain/toolchain/rustc/build/tmp/dist/rustc-1.37.0-dev-x86_64-unknown-linux-gnu/rustc/lib/librustc_data_structures-4107394424cf5e0a.so /buildbot/src/android/rust-toolchain/out/lib/librustc_data_structures-4107394424cf5e0a.so
$ chmod 644 /buildbot/src/android/rust-toolchain/out/lib/librustc_data_structures-4107394424cf5e0a.so
$ echo "file:/buildbot/src/android/rust-toolchain/out/lib/librustc_data_structures-4107394424cf5e0a.so" >> "/buildbot/src/android/rust-toolchain/out/lib/rustlib/manifest-rustc"
$ umask 022 && mkdir -p "/buildbot/src/android/rust-toolchain/out/lib"
install: copying file /buildbot/src/android/rust-toolchain/out/lib/libterm-bfa24614affeb0e2.so
$ cp /buildbot/src/android/rust-toolchain/toolchain/rustc/build/tmp/dist/rustc-1.37.0-dev-x86_64-unknown-linux-gnu/rustc/lib/libterm-bfa24614affeb0e2.so /buildbot/src/android/rust-toolchain/out/lib/libterm-bfa24614affeb0e2.so
$ chmod 644 /buildbot/src/android/rust-toolchain/out/lib/libterm-bfa24614affeb0e2.so
$ echo "file:/buildbot/src/android/rust-toolchain/out/lib/libterm-bfa24614affeb0e2.so" >> "/buildbot/src/android/rust-toolchain/out/lib/rustlib/manifest-rustc"
$ umask 022 && mkdir -p "/buildbot/src/android/rust-toolchain/out/lib"
install: copying file /buildbot/src/android/rust-toolchain/out/lib/libLLVM-8-rust-1.37.0-dev.so
$ cp /buildbot/src/android/rust-toolchain/toolchain/rustc/build/tmp/dist/rustc-1.37.0-dev-x86_64-unknown-linux-gnu/rustc/lib/libLLVM-8-rust-1.37.0-dev.so /buildbot/src/android/rust-toolchain/out/lib/libLLVM-8-rust-1.37.0-dev.so
$ chmod 644 /buildbot/src/android/rust-toolchain/out/lib/libLLVM-8-rust-1.37.0-dev.so
$ echo "file:/buildbot/src/android/rust-toolchain/out/lib/libLLVM-8-rust-1.37.0-dev.so" >> "/buildbot/src/android/rust-toolchain/out/lib/rustlib/manifest-rustc"
$ umask 022 && mkdir -p "/buildbot/src/android/rust-toolchain/out/lib"
install: copying file /buildbot/src/android/rust-toolchain/out/lib/librustc_macros-052efc4ef00915bb.so
$ cp /buildbot/src/android/rust-toolchain/toolchain/rustc/build/tmp/dist/rustc-1.37.0-dev-x86_64-unknown-linux-gnu/rustc/lib/librustc_macros-052efc4ef00915bb.so /buildbot/src/android/rust-toolchain/out/lib/librustc_macros-052efc4ef00915bb.so
$ chmod 644 /buildbot/src/android/rust-toolchain/out/lib/librustc_macros-052efc4ef00915bb.so
$ echo "file:/buildbot/src/android/rust-toolchain/out/lib/librustc_macros-052efc4ef00915bb.so" >> "/buildbot/src/android/rust-toolchain/out/lib/rustlib/manifest-rustc"
$ umask 022 && mkdir -p "/buildbot/src/android/rust-toolchain/out/lib"
install: copying file /buildbot/src/android/rust-toolchain/out/lib/librustc_interface-d75e576bdc74a78a.so
$ cp /buildbot/src/android/rust-toolchain/toolchain/rustc/build/tmp/dist/rustc-1.37.0-dev-x86_64-unknown-linux-gnu/rustc/lib/librustc_interface-d75e576bdc74a78a.so /buildbot/src/android/rust-toolchain/out/lib/librustc_interface-d75e576bdc74a78a.so
$ chmod 644 /buildbot/src/android/rust-toolchain/out/lib/librustc_interface-d75e576bdc74a78a.so
$ echo "file:/buildbot/src/android/rust-toolchain/out/lib/librustc_interface-d75e576bdc74a78a.so" >> "/buildbot/src/android/rust-toolchain/out/lib/rustlib/manifest-rustc"
$ umask 022 && mkdir -p "/buildbot/src/android/rust-toolchain/out/lib"
install: copying file /buildbot/src/android/rust-toolchain/out/lib/librustc_plugin-8867d702e76ead54.so
$ cp /buildbot/src/android/rust-toolchain/toolchain/rustc/build/tmp/dist/rustc-1.37.0-dev-x86_64-unknown-linux-gnu/rustc/lib/librustc_plugin-8867d702e76ead54.so /buildbot/src/android/rust-toolchain/out/lib/librustc_plugin-8867d702e76ead54.so
$ chmod 644 /buildbot/src/android/rust-toolchain/out/lib/librustc_plugin-8867d702e76ead54.so
$ echo "file:/buildbot/src/android/rust-toolchain/out/lib/librustc_plugin-8867d702e76ead54.so" >> "/buildbot/src/android/rust-toolchain/out/lib/rustlib/manifest-rustc"
$ umask 022 && mkdir -p "/buildbot/src/android/rust-toolchain/out/lib"
install: copying file /buildbot/src/android/rust-toolchain/out/lib/libfmt_macros-7368b0367008d6cb.so
$ cp /buildbot/src/android/rust-toolchain/toolchain/rustc/build/tmp/dist/rustc-1.37.0-dev-x86_64-unknown-linux-gnu/rustc/lib/libfmt_macros-7368b0367008d6cb.so /buildbot/src/android/rust-toolchain/out/lib/libfmt_macros-7368b0367008d6cb.so
$ chmod 644 /buildbot/src/android/rust-toolchain/out/lib/libfmt_macros-7368b0367008d6cb.so
$ echo "file:/buildbot/src/android/rust-toolchain/out/lib/libfmt_macros-7368b0367008d6cb.so" >> "/buildbot/src/android/rust-toolchain/out/lib/rustlib/manifest-rustc"
$ umask 022 && mkdir -p "/buildbot/src/android/rust-toolchain/out/lib"
install: copying file /buildbot/src/android/rust-toolchain/out/lib/librustc_passes-3a5c3b6edcc5d762.so
$ cp /buildbot/src/android/rust-toolchain/toolchain/rustc/build/tmp/dist/rustc-1.37.0-dev-x86_64-unknown-linux-gnu/rustc/lib/librustc_passes-3a5c3b6edcc5d762.so /buildbot/src/android/rust-toolchain/out/lib/librustc_passes-3a5c3b6edcc5d762.so
$ chmod 644 /buildbot/src/android/rust-toolchain/out/lib/librustc_passes-3a5c3b6edcc5d762.so
$ echo "file:/buildbot/src/android/rust-toolchain/out/lib/librustc_passes-3a5c3b6edcc5d762.so" >> "/buildbot/src/android/rust-toolchain/out/lib/rustlib/manifest-rustc"
$ umask 022 && mkdir -p "/buildbot/src/android/rust-toolchain/out/lib"
install: copying file /buildbot/src/android/rust-toolchain/out/lib/librustc_fs_util-745ea75f32ea52fb.so
$ cp /buildbot/src/android/rust-toolchain/toolchain/rustc/build/tmp/dist/rustc-1.37.0-dev-x86_64-unknown-linux-gnu/rustc/lib/librustc_fs_util-745ea75f32ea52fb.so /buildbot/src/android/rust-toolchain/out/lib/librustc_fs_util-745ea75f32ea52fb.so
$ chmod 644 /buildbot/src/android/rust-toolchain/out/lib/librustc_fs_util-745ea75f32ea52fb.so
$ echo "file:/buildbot/src/android/rust-toolchain/out/lib/librustc_fs_util-745ea75f32ea52fb.so" >> "/buildbot/src/android/rust-toolchain/out/lib/rustlib/manifest-rustc"
