$ umask 022 && mkdir -p "/usr/local/google/buildbot/src/android/rust-toolchain/out/lib/rustlib"
$ echo "3" > "/usr/local/google/buildbot/src/android/rust-toolchain/out/lib/rustlib/rust-installer-version"
install: creating uninstall script at /usr/local/google/buildbot/src/android/rust-toolchain/out/lib/rustlib/uninstall.sh
$ cp /usr/local/google/buildbot/src/android/rust-toolchain/toolchain/rustc/build/tmp/dist/rustc-1.40.0-dev-x86_64-unknown-linux-gnu/install.sh /usr/local/google/buildbot/src/android/rust-toolchain/out/lib/rustlib/uninstall.sh
install: installing component 'rustc'
$ echo "rustc" >> "/usr/local/google/buildbot/src/android/rust-toolchain/out/lib/rustlib/components"
$ umask 022 && mkdir -p "/usr/local/google/buildbot/src/android/rust-toolchain/out/share/man/man1"
install: copying file /usr/local/google/buildbot/src/android/rust-toolchain/out/share/man/man1/rustc.1
$ cp /usr/local/google/buildbot/src/android/rust-toolchain/toolchain/rustc/build/tmp/dist/rustc-1.40.0-dev-x86_64-unknown-linux-gnu/rustc/share/man/man1/rustc.1 /usr/local/google/buildbot/src/android/rust-toolchain/out/share/man/man1/rustc.1
$ chmod 644 /usr/local/google/buildbot/src/android/rust-toolchain/out/share/man/man1/rustc.1
$ echo "file:/usr/local/google/buildbot/src/android/rust-toolchain/out/share/man/man1/rustc.1" >> "/usr/local/google/buildbot/src/android/rust-toolchain/out/lib/rustlib/manifest-rustc"
$ umask 022 && mkdir -p "/usr/local/google/buildbot/src/android/rust-toolchain/out/share/man/man1"
install: copying file /usr/local/google/buildbot/src/android/rust-toolchain/out/share/man/man1/rustdoc.1
$ cp /usr/local/google/buildbot/src/android/rust-toolchain/toolchain/rustc/build/tmp/dist/rustc-1.40.0-dev-x86_64-unknown-linux-gnu/rustc/share/man/man1/rustdoc.1 /usr/local/google/buildbot/src/android/rust-toolchain/out/share/man/man1/rustdoc.1
$ chmod 644 /usr/local/google/buildbot/src/android/rust-toolchain/out/share/man/man1/rustdoc.1
$ echo "file:/usr/local/google/buildbot/src/android/rust-toolchain/out/share/man/man1/rustdoc.1" >> "/usr/local/google/buildbot/src/android/rust-toolchain/out/lib/rustlib/manifest-rustc"
$ umask 022 && mkdir -p "/usr/local/google/buildbot/src/android/rust-toolchain/out/share/doc/rust"
install: copying file /usr/local/google/buildbot/src/android/rust-toolchain/out/share/doc/rust/LICENSE-APACHE
install: backing up existing file at /usr/local/google/buildbot/src/android/rust-toolchain/out/share/doc/rust/LICENSE-APACHE
$ mv -f /usr/local/google/buildbot/src/android/rust-toolchain/out/share/doc/rust/LICENSE-APACHE /usr/local/google/buildbot/src/android/rust-toolchain/out/share/doc/rust/LICENSE-APACHE.old
$ cp /usr/local/google/buildbot/src/android/rust-toolchain/toolchain/rustc/build/tmp/dist/rustc-1.40.0-dev-x86_64-unknown-linux-gnu/rustc/share/doc/rust/LICENSE-APACHE /usr/local/google/buildbot/src/android/rust-toolchain/out/share/doc/rust/LICENSE-APACHE
$ chmod 644 /usr/local/google/buildbot/src/android/rust-toolchain/out/share/doc/rust/LICENSE-APACHE
$ echo "file:/usr/local/google/buildbot/src/android/rust-toolchain/out/share/doc/rust/LICENSE-APACHE" >> "/usr/local/google/buildbot/src/android/rust-toolchain/out/lib/rustlib/manifest-rustc"
$ umask 022 && mkdir -p "/usr/local/google/buildbot/src/android/rust-toolchain/out/share/doc/rust"
install: copying file /usr/local/google/buildbot/src/android/rust-toolchain/out/share/doc/rust/README.md
install: backing up existing file at /usr/local/google/buildbot/src/android/rust-toolchain/out/share/doc/rust/README.md
$ mv -f /usr/local/google/buildbot/src/android/rust-toolchain/out/share/doc/rust/README.md /usr/local/google/buildbot/src/android/rust-toolchain/out/share/doc/rust/README.md.old
$ cp /usr/local/google/buildbot/src/android/rust-toolchain/toolchain/rustc/build/tmp/dist/rustc-1.40.0-dev-x86_64-unknown-linux-gnu/rustc/share/doc/rust/README.md /usr/local/google/buildbot/src/android/rust-toolchain/out/share/doc/rust/README.md
$ chmod 644 /usr/local/google/buildbot/src/android/rust-toolchain/out/share/doc/rust/README.md
$ echo "file:/usr/local/google/buildbot/src/android/rust-toolchain/out/share/doc/rust/README.md" >> "/usr/local/google/buildbot/src/android/rust-toolchain/out/lib/rustlib/manifest-rustc"
$ umask 022 && mkdir -p "/usr/local/google/buildbot/src/android/rust-toolchain/out/share/doc/rust"
install: copying file /usr/local/google/buildbot/src/android/rust-toolchain/out/share/doc/rust/COPYRIGHT
$ cp /usr/local/google/buildbot/src/android/rust-toolchain/toolchain/rustc/build/tmp/dist/rustc-1.40.0-dev-x86_64-unknown-linux-gnu/rustc/share/doc/rust/COPYRIGHT /usr/local/google/buildbot/src/android/rust-toolchain/out/share/doc/rust/COPYRIGHT
$ chmod 644 /usr/local/google/buildbot/src/android/rust-toolchain/out/share/doc/rust/COPYRIGHT
$ echo "file:/usr/local/google/buildbot/src/android/rust-toolchain/out/share/doc/rust/COPYRIGHT" >> "/usr/local/google/buildbot/src/android/rust-toolchain/out/lib/rustlib/manifest-rustc"
$ umask 022 && mkdir -p "/usr/local/google/buildbot/src/android/rust-toolchain/out/share/doc/rust"
install: copying file /usr/local/google/buildbot/src/android/rust-toolchain/out/share/doc/rust/LICENSE-MIT
install: backing up existing file at /usr/local/google/buildbot/src/android/rust-toolchain/out/share/doc/rust/LICENSE-MIT
$ mv -f /usr/local/google/buildbot/src/android/rust-toolchain/out/share/doc/rust/LICENSE-MIT /usr/local/google/buildbot/src/android/rust-toolchain/out/share/doc/rust/LICENSE-MIT.old
$ cp /usr/local/google/buildbot/src/android/rust-toolchain/toolchain/rustc/build/tmp/dist/rustc-1.40.0-dev-x86_64-unknown-linux-gnu/rustc/share/doc/rust/LICENSE-MIT /usr/local/google/buildbot/src/android/rust-toolchain/out/share/doc/rust/LICENSE-MIT
$ chmod 644 /usr/local/google/buildbot/src/android/rust-toolchain/out/share/doc/rust/LICENSE-MIT
$ echo "file:/usr/local/google/buildbot/src/android/rust-toolchain/out/share/doc/rust/LICENSE-MIT" >> "/usr/local/google/buildbot/src/android/rust-toolchain/out/lib/rustlib/manifest-rustc"
$ umask 022 && mkdir -p "/usr/local/google/buildbot/src/android/rust-toolchain/out/lib"
install: copying file /usr/local/google/buildbot/src/android/rust-toolchain/out/lib/librustc_macros-9c2fa425de55cf5a.so
$ cp /usr/local/google/buildbot/src/android/rust-toolchain/toolchain/rustc/build/tmp/dist/rustc-1.40.0-dev-x86_64-unknown-linux-gnu/rustc/lib/librustc_macros-9c2fa425de55cf5a.so /usr/local/google/buildbot/src/android/rust-toolchain/out/lib/librustc_macros-9c2fa425de55cf5a.so
$ chmod 644 /usr/local/google/buildbot/src/android/rust-toolchain/out/lib/librustc_macros-9c2fa425de55cf5a.so
$ echo "file:/usr/local/google/buildbot/src/android/rust-toolchain/out/lib/librustc_macros-9c2fa425de55cf5a.so" >> "/usr/local/google/buildbot/src/android/rust-toolchain/out/lib/rustlib/manifest-rustc"
$ umask 022 && mkdir -p "/usr/local/google/buildbot/src/android/rust-toolchain/out/lib"
install: copying file /usr/local/google/buildbot/src/android/rust-toolchain/out/lib/librustc_driver-f40affb80d7f2ffb.so
$ cp /usr/local/google/buildbot/src/android/rust-toolchain/toolchain/rustc/build/tmp/dist/rustc-1.40.0-dev-x86_64-unknown-linux-gnu/rustc/lib/librustc_driver-f40affb80d7f2ffb.so /usr/local/google/buildbot/src/android/rust-toolchain/out/lib/librustc_driver-f40affb80d7f2ffb.so
$ chmod 644 /usr/local/google/buildbot/src/android/rust-toolchain/out/lib/librustc_driver-f40affb80d7f2ffb.so
$ echo "file:/usr/local/google/buildbot/src/android/rust-toolchain/out/lib/librustc_driver-f40affb80d7f2ffb.so" >> "/usr/local/google/buildbot/src/android/rust-toolchain/out/lib/rustlib/manifest-rustc"
$ umask 022 && mkdir -p "/usr/local/google/buildbot/src/android/rust-toolchain/out/lib"
install: copying file /usr/local/google/buildbot/src/android/rust-toolchain/out/lib/libtest-22a32942dbf4660b.so
$ cp /usr/local/google/buildbot/src/android/rust-toolchain/toolchain/rustc/build/tmp/dist/rustc-1.40.0-dev-x86_64-unknown-linux-gnu/rustc/lib/libtest-22a32942dbf4660b.so /usr/local/google/buildbot/src/android/rust-toolchain/out/lib/libtest-22a32942dbf4660b.so
$ chmod 644 /usr/local/google/buildbot/src/android/rust-toolchain/out/lib/libtest-22a32942dbf4660b.so
$ echo "file:/usr/local/google/buildbot/src/android/rust-toolchain/out/lib/libtest-22a32942dbf4660b.so" >> "/usr/local/google/buildbot/src/android/rust-toolchain/out/lib/rustlib/manifest-rustc"
$ umask 022 && mkdir -p "/usr/local/google/buildbot/src/android/rust-toolchain/out/lib"
install: copying file /usr/local/google/buildbot/src/android/rust-toolchain/out/lib/libstd-f70818e4c7c6b13a.so
$ cp /usr/local/google/buildbot/src/android/rust-toolchain/toolchain/rustc/build/tmp/dist/rustc-1.40.0-dev-x86_64-unknown-linux-gnu/rustc/lib/libstd-f70818e4c7c6b13a.so /usr/local/google/buildbot/src/android/rust-toolchain/out/lib/libstd-f70818e4c7c6b13a.so
$ chmod 644 /usr/local/google/buildbot/src/android/rust-toolchain/out/lib/libstd-f70818e4c7c6b13a.so
$ echo "file:/usr/local/google/buildbot/src/android/rust-toolchain/out/lib/libstd-f70818e4c7c6b13a.so" >> "/usr/local/google/buildbot/src/android/rust-toolchain/out/lib/rustlib/manifest-rustc"
$ umask 022 && mkdir -p "/usr/local/google/buildbot/src/android/rust-toolchain/out/lib/rustlib/etc"
install: copying file /usr/local/google/buildbot/src/android/rust-toolchain/out/lib/rustlib/etc/gdb_rust_pretty_printing.py
$ cp /usr/local/google/buildbot/src/android/rust-toolchain/toolchain/rustc/build/tmp/dist/rustc-1.40.0-dev-x86_64-unknown-linux-gnu/rustc/lib/rustlib/etc/gdb_rust_pretty_printing.py /usr/local/google/buildbot/src/android/rust-toolchain/out/lib/rustlib/etc/gdb_rust_pretty_printing.py
$ chmod 644 /usr/local/google/buildbot/src/android/rust-toolchain/out/lib/rustlib/etc/gdb_rust_pretty_printing.py
$ echo "file:/usr/local/google/buildbot/src/android/rust-toolchain/out/lib/rustlib/etc/gdb_rust_pretty_printing.py" >> "/usr/local/google/buildbot/src/android/rust-toolchain/out/lib/rustlib/manifest-rustc"
$ umask 022 && mkdir -p "/usr/local/google/buildbot/src/android/rust-toolchain/out/lib/rustlib/etc"
install: copying file /usr/local/google/buildbot/src/android/rust-toolchain/out/lib/rustlib/etc/debugger_pretty_printers_common.py
$ cp /usr/local/google/buildbot/src/android/rust-toolchain/toolchain/rustc/build/tmp/dist/rustc-1.40.0-dev-x86_64-unknown-linux-gnu/rustc/lib/rustlib/etc/debugger_pretty_printers_common.py /usr/local/google/buildbot/src/android/rust-toolchain/out/lib/rustlib/etc/debugger_pretty_printers_common.py
$ chmod 644 /usr/local/google/buildbot/src/android/rust-toolchain/out/lib/rustlib/etc/debugger_pretty_printers_common.py
$ echo "file:/usr/local/google/buildbot/src/android/rust-toolchain/out/lib/rustlib/etc/debugger_pretty_printers_common.py" >> "/usr/local/google/buildbot/src/android/rust-toolchain/out/lib/rustlib/manifest-rustc"
$ umask 022 && mkdir -p "/usr/local/google/buildbot/src/android/rust-toolchain/out/lib/rustlib/etc"
install: copying file /usr/local/google/buildbot/src/android/rust-toolchain/out/lib/rustlib/etc/gdb_load_rust_pretty_printers.py
$ cp /usr/local/google/buildbot/src/android/rust-toolchain/toolchain/rustc/build/tmp/dist/rustc-1.40.0-dev-x86_64-unknown-linux-gnu/rustc/lib/rustlib/etc/gdb_load_rust_pretty_printers.py /usr/local/google/buildbot/src/android/rust-toolchain/out/lib/rustlib/etc/gdb_load_rust_pretty_printers.py
$ chmod 644 /usr/local/google/buildbot/src/android/rust-toolchain/out/lib/rustlib/etc/gdb_load_rust_pretty_printers.py
$ echo "file:/usr/local/google/buildbot/src/android/rust-toolchain/out/lib/rustlib/etc/gdb_load_rust_pretty_printers.py" >> "/usr/local/google/buildbot/src/android/rust-toolchain/out/lib/rustlib/manifest-rustc"
$ umask 022 && mkdir -p "/usr/local/google/buildbot/src/android/rust-toolchain/out/lib/rustlib/etc"
install: copying file /usr/local/google/buildbot/src/android/rust-toolchain/out/lib/rustlib/etc/lldb_rust_formatters.py
$ cp /usr/local/google/buildbot/src/android/rust-toolchain/toolchain/rustc/build/tmp/dist/rustc-1.40.0-dev-x86_64-unknown-linux-gnu/rustc/lib/rustlib/etc/lldb_rust_formatters.py /usr/local/google/buildbot/src/android/rust-toolchain/out/lib/rustlib/etc/lldb_rust_formatters.py
$ chmod 644 /usr/local/google/buildbot/src/android/rust-toolchain/out/lib/rustlib/etc/lldb_rust_formatters.py
$ echo "file:/usr/local/google/buildbot/src/android/rust-toolchain/out/lib/rustlib/etc/lldb_rust_formatters.py" >> "/usr/local/google/buildbot/src/android/rust-toolchain/out/lib/rustlib/manifest-rustc"
$ umask 022 && mkdir -p "/usr/local/google/buildbot/src/android/rust-toolchain/out/lib/rustlib/x86_64-unknown-linux-gnu/codegen-backends"
install: copying file /usr/local/google/buildbot/src/android/rust-toolchain/out/lib/rustlib/x86_64-unknown-linux-gnu/codegen-backends/librustc_codegen_llvm-llvm.so
$ cp /usr/local/google/buildbot/src/android/rust-toolchain/toolchain/rustc/build/tmp/dist/rustc-1.40.0-dev-x86_64-unknown-linux-gnu/rustc/lib/rustlib/x86_64-unknown-linux-gnu/codegen-backends/librustc_codegen_llvm-llvm.so /usr/local/google/buildbot/src/android/rust-toolchain/out/lib/rustlib/x86_64-unknown-linux-gnu/codegen-backends/librustc_codegen_llvm-llvm.so
$ chmod 755 /usr/local/google/buildbot/src/android/rust-toolchain/out/lib/rustlib/x86_64-unknown-linux-gnu/codegen-backends/librustc_codegen_llvm-llvm.so
$ echo "file:/usr/local/google/buildbot/src/android/rust-toolchain/out/lib/rustlib/x86_64-unknown-linux-gnu/codegen-backends/librustc_codegen_llvm-llvm.so" >> "/usr/local/google/buildbot/src/android/rust-toolchain/out/lib/rustlib/manifest-rustc"
$ umask 022 && mkdir -p "/usr/local/google/buildbot/src/android/rust-toolchain/out/bin"
install: copying file /usr/local/google/buildbot/src/android/rust-toolchain/out/bin/rust-gdb
$ cp /usr/local/google/buildbot/src/android/rust-toolchain/toolchain/rustc/build/tmp/dist/rustc-1.40.0-dev-x86_64-unknown-linux-gnu/rustc/bin/rust-gdb /usr/local/google/buildbot/src/android/rust-toolchain/out/bin/rust-gdb
$ chmod 755 /usr/local/google/buildbot/src/android/rust-toolchain/out/bin/rust-gdb
$ echo "file:/usr/local/google/buildbot/src/android/rust-toolchain/out/bin/rust-gdb" >> "/usr/local/google/buildbot/src/android/rust-toolchain/out/lib/rustlib/manifest-rustc"
$ umask 022 && mkdir -p "/usr/local/google/buildbot/src/android/rust-toolchain/out/bin"
install: copying file /usr/local/google/buildbot/src/android/rust-toolchain/out/bin/rust-gdbgui
$ cp /usr/local/google/buildbot/src/android/rust-toolchain/toolchain/rustc/build/tmp/dist/rustc-1.40.0-dev-x86_64-unknown-linux-gnu/rustc/bin/rust-gdbgui /usr/local/google/buildbot/src/android/rust-toolchain/out/bin/rust-gdbgui
$ chmod 755 /usr/local/google/buildbot/src/android/rust-toolchain/out/bin/rust-gdbgui
$ echo "file:/usr/local/google/buildbot/src/android/rust-toolchain/out/bin/rust-gdbgui" >> "/usr/local/google/buildbot/src/android/rust-toolchain/out/lib/rustlib/manifest-rustc"
$ umask 022 && mkdir -p "/usr/local/google/buildbot/src/android/rust-toolchain/out/bin"
install: copying file /usr/local/google/buildbot/src/android/rust-toolchain/out/bin/rust-lldb
$ cp /usr/local/google/buildbot/src/android/rust-toolchain/toolchain/rustc/build/tmp/dist/rustc-1.40.0-dev-x86_64-unknown-linux-gnu/rustc/bin/rust-lldb /usr/local/google/buildbot/src/android/rust-toolchain/out/bin/rust-lldb
$ chmod 755 /usr/local/google/buildbot/src/android/rust-toolchain/out/bin/rust-lldb
$ echo "file:/usr/local/google/buildbot/src/android/rust-toolchain/out/bin/rust-lldb" >> "/usr/local/google/buildbot/src/android/rust-toolchain/out/lib/rustlib/manifest-rustc"
$ umask 022 && mkdir -p "/usr/local/google/buildbot/src/android/rust-toolchain/out/bin"
install: copying file /usr/local/google/buildbot/src/android/rust-toolchain/out/bin/rustc
$ cp /usr/local/google/buildbot/src/android/rust-toolchain/toolchain/rustc/build/tmp/dist/rustc-1.40.0-dev-x86_64-unknown-linux-gnu/rustc/bin/rustc /usr/local/google/buildbot/src/android/rust-toolchain/out/bin/rustc
$ chmod 755 /usr/local/google/buildbot/src/android/rust-toolchain/out/bin/rustc
$ echo "file:/usr/local/google/buildbot/src/android/rust-toolchain/out/bin/rustc" >> "/usr/local/google/buildbot/src/android/rust-toolchain/out/lib/rustlib/manifest-rustc"
$ umask 022 && mkdir -p "/usr/local/google/buildbot/src/android/rust-toolchain/out/bin"
install: copying file /usr/local/google/buildbot/src/android/rust-toolchain/out/bin/rustdoc
$ cp /usr/local/google/buildbot/src/android/rust-toolchain/toolchain/rustc/build/tmp/dist/rustc-1.40.0-dev-x86_64-unknown-linux-gnu/rustc/bin/rustdoc /usr/local/google/buildbot/src/android/rust-toolchain/out/bin/rustdoc
$ chmod 755 /usr/local/google/buildbot/src/android/rust-toolchain/out/bin/rustdoc
$ echo "file:/usr/local/google/buildbot/src/android/rust-toolchain/out/bin/rustdoc" >> "/usr/local/google/buildbot/src/android/rust-toolchain/out/lib/rustlib/manifest-rustc"
