$ umask 022 && mkdir -p "/buildbot/src/android/rust-toolchain/out/package/lib/rustlib"
$ echo "3" > "/buildbot/src/android/rust-toolchain/out/package/lib/rustlib/rust-installer-version"
install: creating uninstall script at /buildbot/src/android/rust-toolchain/out/package/lib/rustlib/uninstall.sh
$ cp /buildbot/src/android/rust-toolchain/out/rustc/build/tmp/tarball/rustc/x86_64-unknown-linux-musl/rustc-1.69.0-dev-x86_64-unknown-linux-musl/install.sh /buildbot/src/android/rust-toolchain/out/package/lib/rustlib/uninstall.sh
install: installing component 'rustc'
$ echo "rustc" >> "/buildbot/src/android/rust-toolchain/out/package/lib/rustlib/components"
$ umask 022 && mkdir -p "/buildbot/src/android/rust-toolchain/out/package/bin"
install: copying file /buildbot/src/android/rust-toolchain/out/package/bin/rust-gdb
$ cp /buildbot/src/android/rust-toolchain/out/rustc/build/tmp/tarball/rustc/x86_64-unknown-linux-musl/rustc-1.69.0-dev-x86_64-unknown-linux-musl/rustc/bin/rust-gdb /buildbot/src/android/rust-toolchain/out/package/bin/rust-gdb
$ chmod 755 /buildbot/src/android/rust-toolchain/out/package/bin/rust-gdb
$ echo "file:/buildbot/src/android/rust-toolchain/out/package/bin/rust-gdb" >> "/buildbot/src/android/rust-toolchain/out/package/lib/rustlib/manifest-rustc"
$ umask 022 && mkdir -p "/buildbot/src/android/rust-toolchain/out/package/bin"
install: copying file /buildbot/src/android/rust-toolchain/out/package/bin/rust-gdbgui
$ cp /buildbot/src/android/rust-toolchain/out/rustc/build/tmp/tarball/rustc/x86_64-unknown-linux-musl/rustc-1.69.0-dev-x86_64-unknown-linux-musl/rustc/bin/rust-gdbgui /buildbot/src/android/rust-toolchain/out/package/bin/rust-gdbgui
$ chmod 755 /buildbot/src/android/rust-toolchain/out/package/bin/rust-gdbgui
$ echo "file:/buildbot/src/android/rust-toolchain/out/package/bin/rust-gdbgui" >> "/buildbot/src/android/rust-toolchain/out/package/lib/rustlib/manifest-rustc"
$ umask 022 && mkdir -p "/buildbot/src/android/rust-toolchain/out/package/bin"
install: copying file /buildbot/src/android/rust-toolchain/out/package/bin/rust-lldb
$ cp /buildbot/src/android/rust-toolchain/out/rustc/build/tmp/tarball/rustc/x86_64-unknown-linux-musl/rustc-1.69.0-dev-x86_64-unknown-linux-musl/rustc/bin/rust-lldb /buildbot/src/android/rust-toolchain/out/package/bin/rust-lldb
$ chmod 755 /buildbot/src/android/rust-toolchain/out/package/bin/rust-lldb
$ echo "file:/buildbot/src/android/rust-toolchain/out/package/bin/rust-lldb" >> "/buildbot/src/android/rust-toolchain/out/package/lib/rustlib/manifest-rustc"
$ umask 022 && mkdir -p "/buildbot/src/android/rust-toolchain/out/package/bin"
install: copying file /buildbot/src/android/rust-toolchain/out/package/bin/rustc
$ cp /buildbot/src/android/rust-toolchain/out/rustc/build/tmp/tarball/rustc/x86_64-unknown-linux-musl/rustc-1.69.0-dev-x86_64-unknown-linux-musl/rustc/bin/rustc /buildbot/src/android/rust-toolchain/out/package/bin/rustc
$ chmod 755 /buildbot/src/android/rust-toolchain/out/package/bin/rustc
$ echo "file:/buildbot/src/android/rust-toolchain/out/package/bin/rustc" >> "/buildbot/src/android/rust-toolchain/out/package/lib/rustlib/manifest-rustc"
$ umask 022 && mkdir -p "/buildbot/src/android/rust-toolchain/out/package/lib"
install: copying file /buildbot/src/android/rust-toolchain/out/package/lib/libLLVM-15-rust-dev.so
$ cp /buildbot/src/android/rust-toolchain/out/rustc/build/tmp/tarball/rustc/x86_64-unknown-linux-musl/rustc-1.69.0-dev-x86_64-unknown-linux-musl/rustc/lib/libLLVM-15-rust-dev.so /buildbot/src/android/rust-toolchain/out/package/lib/libLLVM-15-rust-dev.so
$ chmod 644 /buildbot/src/android/rust-toolchain/out/package/lib/libLLVM-15-rust-dev.so
$ echo "file:/buildbot/src/android/rust-toolchain/out/package/lib/libLLVM-15-rust-dev.so" >> "/buildbot/src/android/rust-toolchain/out/package/lib/rustlib/manifest-rustc"
$ umask 022 && mkdir -p "/buildbot/src/android/rust-toolchain/out/package/lib"
install: copying file /buildbot/src/android/rust-toolchain/out/package/lib/libchalk_derive-458f6b925ee2ab20.so
$ cp /buildbot/src/android/rust-toolchain/out/rustc/build/tmp/tarball/rustc/x86_64-unknown-linux-musl/rustc-1.69.0-dev-x86_64-unknown-linux-musl/rustc/lib/libchalk_derive-458f6b925ee2ab20.so /buildbot/src/android/rust-toolchain/out/package/lib/libchalk_derive-458f6b925ee2ab20.so
$ chmod 644 /buildbot/src/android/rust-toolchain/out/package/lib/libchalk_derive-458f6b925ee2ab20.so
$ echo "file:/buildbot/src/android/rust-toolchain/out/package/lib/libchalk_derive-458f6b925ee2ab20.so" >> "/buildbot/src/android/rust-toolchain/out/package/lib/rustlib/manifest-rustc"
$ umask 022 && mkdir -p "/buildbot/src/android/rust-toolchain/out/package/lib"
install: copying file /buildbot/src/android/rust-toolchain/out/package/lib/libcstr-da33f7eb09bfb98a.so
$ cp /buildbot/src/android/rust-toolchain/out/rustc/build/tmp/tarball/rustc/x86_64-unknown-linux-musl/rustc-1.69.0-dev-x86_64-unknown-linux-musl/rustc/lib/libcstr-da33f7eb09bfb98a.so /buildbot/src/android/rust-toolchain/out/package/lib/libcstr-da33f7eb09bfb98a.so
$ chmod 644 /buildbot/src/android/rust-toolchain/out/package/lib/libcstr-da33f7eb09bfb98a.so
$ echo "file:/buildbot/src/android/rust-toolchain/out/package/lib/libcstr-da33f7eb09bfb98a.so" >> "/buildbot/src/android/rust-toolchain/out/package/lib/rustlib/manifest-rustc"
$ umask 022 && mkdir -p "/buildbot/src/android/rust-toolchain/out/package/lib"
install: copying file /buildbot/src/android/rust-toolchain/out/package/lib/libderive_more-b9f3b7324610fa5b.so
$ cp /buildbot/src/android/rust-toolchain/out/rustc/build/tmp/tarball/rustc/x86_64-unknown-linux-musl/rustc-1.69.0-dev-x86_64-unknown-linux-musl/rustc/lib/libderive_more-b9f3b7324610fa5b.so /buildbot/src/android/rust-toolchain/out/package/lib/libderive_more-b9f3b7324610fa5b.so
$ chmod 644 /buildbot/src/android/rust-toolchain/out/package/lib/libderive_more-b9f3b7324610fa5b.so
$ echo "file:/buildbot/src/android/rust-toolchain/out/package/lib/libderive_more-b9f3b7324610fa5b.so" >> "/buildbot/src/android/rust-toolchain/out/package/lib/rustlib/manifest-rustc"
$ umask 022 && mkdir -p "/buildbot/src/android/rust-toolchain/out/package/lib"
install: copying file /buildbot/src/android/rust-toolchain/out/package/lib/libdisplaydoc-7b8dcf4d2a4251e5.so
$ cp /buildbot/src/android/rust-toolchain/out/rustc/build/tmp/tarball/rustc/x86_64-unknown-linux-musl/rustc-1.69.0-dev-x86_64-unknown-linux-musl/rustc/lib/libdisplaydoc-7b8dcf4d2a4251e5.so /buildbot/src/android/rust-toolchain/out/package/lib/libdisplaydoc-7b8dcf4d2a4251e5.so
$ chmod 644 /buildbot/src/android/rust-toolchain/out/package/lib/libdisplaydoc-7b8dcf4d2a4251e5.so
$ echo "file:/buildbot/src/android/rust-toolchain/out/package/lib/libdisplaydoc-7b8dcf4d2a4251e5.so" >> "/buildbot/src/android/rust-toolchain/out/package/lib/rustlib/manifest-rustc"
$ umask 022 && mkdir -p "/buildbot/src/android/rust-toolchain/out/package/lib"
install: copying file /buildbot/src/android/rust-toolchain/out/package/lib/libicu_provider_macros-b778a9852cb39921.so
$ cp /buildbot/src/android/rust-toolchain/out/rustc/build/tmp/tarball/rustc/x86_64-unknown-linux-musl/rustc-1.69.0-dev-x86_64-unknown-linux-musl/rustc/lib/libicu_provider_macros-b778a9852cb39921.so /buildbot/src/android/rust-toolchain/out/package/lib/libicu_provider_macros-b778a9852cb39921.so
$ chmod 644 /buildbot/src/android/rust-toolchain/out/package/lib/libicu_provider_macros-b778a9852cb39921.so
$ echo "file:/buildbot/src/android/rust-toolchain/out/package/lib/libicu_provider_macros-b778a9852cb39921.so" >> "/buildbot/src/android/rust-toolchain/out/package/lib/rustlib/manifest-rustc"
$ umask 022 && mkdir -p "/buildbot/src/android/rust-toolchain/out/package/lib"
install: copying file /buildbot/src/android/rust-toolchain/out/package/lib/libproc_macro_hack-127f168ea9de18fd.so
$ cp /buildbot/src/android/rust-toolchain/out/rustc/build/tmp/tarball/rustc/x86_64-unknown-linux-musl/rustc-1.69.0-dev-x86_64-unknown-linux-musl/rustc/lib/libproc_macro_hack-127f168ea9de18fd.so /buildbot/src/android/rust-toolchain/out/package/lib/libproc_macro_hack-127f168ea9de18fd.so
$ chmod 644 /buildbot/src/android/rust-toolchain/out/package/lib/libproc_macro_hack-127f168ea9de18fd.so
$ echo "file:/buildbot/src/android/rust-toolchain/out/package/lib/libproc_macro_hack-127f168ea9de18fd.so" >> "/buildbot/src/android/rust-toolchain/out/package/lib/rustlib/manifest-rustc"
$ umask 022 && mkdir -p "/buildbot/src/android/rust-toolchain/out/package/lib"
install: copying file /buildbot/src/android/rust-toolchain/out/package/lib/librustc_driver-54be6983bb316317.so
$ cp /buildbot/src/android/rust-toolchain/out/rustc/build/tmp/tarball/rustc/x86_64-unknown-linux-musl/rustc-1.69.0-dev-x86_64-unknown-linux-musl/rustc/lib/librustc_driver-54be6983bb316317.so /buildbot/src/android/rust-toolchain/out/package/lib/librustc_driver-54be6983bb316317.so
$ chmod 644 /buildbot/src/android/rust-toolchain/out/package/lib/librustc_driver-54be6983bb316317.so
$ echo "file:/buildbot/src/android/rust-toolchain/out/package/lib/librustc_driver-54be6983bb316317.so" >> "/buildbot/src/android/rust-toolchain/out/package/lib/rustlib/manifest-rustc"
$ umask 022 && mkdir -p "/buildbot/src/android/rust-toolchain/out/package/lib"
install: copying file /buildbot/src/android/rust-toolchain/out/package/lib/librustc_macros-1ac51317bfcf581d.so
$ cp /buildbot/src/android/rust-toolchain/out/rustc/build/tmp/tarball/rustc/x86_64-unknown-linux-musl/rustc-1.69.0-dev-x86_64-unknown-linux-musl/rustc/lib/librustc_macros-1ac51317bfcf581d.so /buildbot/src/android/rust-toolchain/out/package/lib/librustc_macros-1ac51317bfcf581d.so
$ chmod 644 /buildbot/src/android/rust-toolchain/out/package/lib/librustc_macros-1ac51317bfcf581d.so
$ echo "file:/buildbot/src/android/rust-toolchain/out/package/lib/librustc_macros-1ac51317bfcf581d.so" >> "/buildbot/src/android/rust-toolchain/out/package/lib/rustlib/manifest-rustc"
$ umask 022 && mkdir -p "/buildbot/src/android/rust-toolchain/out/package/lib"
install: copying file /buildbot/src/android/rust-toolchain/out/package/lib/libserde_derive-68fc743e0f3b5cb5.so
$ cp /buildbot/src/android/rust-toolchain/out/rustc/build/tmp/tarball/rustc/x86_64-unknown-linux-musl/rustc-1.69.0-dev-x86_64-unknown-linux-musl/rustc/lib/libserde_derive-68fc743e0f3b5cb5.so /buildbot/src/android/rust-toolchain/out/package/lib/libserde_derive-68fc743e0f3b5cb5.so
$ chmod 644 /buildbot/src/android/rust-toolchain/out/package/lib/libserde_derive-68fc743e0f3b5cb5.so
$ echo "file:/buildbot/src/android/rust-toolchain/out/package/lib/libserde_derive-68fc743e0f3b5cb5.so" >> "/buildbot/src/android/rust-toolchain/out/package/lib/rustlib/manifest-rustc"
$ umask 022 && mkdir -p "/buildbot/src/android/rust-toolchain/out/package/lib"
install: copying file /buildbot/src/android/rust-toolchain/out/package/lib/libstd-6a0f5964a5d2df00.so
$ cp /buildbot/src/android/rust-toolchain/out/rustc/build/tmp/tarball/rustc/x86_64-unknown-linux-musl/rustc-1.69.0-dev-x86_64-unknown-linux-musl/rustc/lib/libstd-6a0f5964a5d2df00.so /buildbot/src/android/rust-toolchain/out/package/lib/libstd-6a0f5964a5d2df00.so
$ chmod 644 /buildbot/src/android/rust-toolchain/out/package/lib/libstd-6a0f5964a5d2df00.so
$ echo "file:/buildbot/src/android/rust-toolchain/out/package/lib/libstd-6a0f5964a5d2df00.so" >> "/buildbot/src/android/rust-toolchain/out/package/lib/rustlib/manifest-rustc"
$ umask 022 && mkdir -p "/buildbot/src/android/rust-toolchain/out/package/lib"
install: copying file /buildbot/src/android/rust-toolchain/out/package/lib/libtest-00062f2e64837f05.so
$ cp /buildbot/src/android/rust-toolchain/out/rustc/build/tmp/tarball/rustc/x86_64-unknown-linux-musl/rustc-1.69.0-dev-x86_64-unknown-linux-musl/rustc/lib/libtest-00062f2e64837f05.so /buildbot/src/android/rust-toolchain/out/package/lib/libtest-00062f2e64837f05.so
$ chmod 644 /buildbot/src/android/rust-toolchain/out/package/lib/libtest-00062f2e64837f05.so
$ echo "file:/buildbot/src/android/rust-toolchain/out/package/lib/libtest-00062f2e64837f05.so" >> "/buildbot/src/android/rust-toolchain/out/package/lib/rustlib/manifest-rustc"
$ umask 022 && mkdir -p "/buildbot/src/android/rust-toolchain/out/package/lib"
install: copying file /buildbot/src/android/rust-toolchain/out/package/lib/libthiserror_impl-548143137bc9d4f5.so
$ cp /buildbot/src/android/rust-toolchain/out/rustc/build/tmp/tarball/rustc/x86_64-unknown-linux-musl/rustc-1.69.0-dev-x86_64-unknown-linux-musl/rustc/lib/libthiserror_impl-548143137bc9d4f5.so /buildbot/src/android/rust-toolchain/out/package/lib/libthiserror_impl-548143137bc9d4f5.so
$ chmod 644 /buildbot/src/android/rust-toolchain/out/package/lib/libthiserror_impl-548143137bc9d4f5.so
$ echo "file:/buildbot/src/android/rust-toolchain/out/package/lib/libthiserror_impl-548143137bc9d4f5.so" >> "/buildbot/src/android/rust-toolchain/out/package/lib/rustlib/manifest-rustc"
$ umask 022 && mkdir -p "/buildbot/src/android/rust-toolchain/out/package/lib"
install: copying file /buildbot/src/android/rust-toolchain/out/package/lib/libtracing_attributes-54d5e45a384f1fdb.so
$ cp /buildbot/src/android/rust-toolchain/out/rustc/build/tmp/tarball/rustc/x86_64-unknown-linux-musl/rustc-1.69.0-dev-x86_64-unknown-linux-musl/rustc/lib/libtracing_attributes-54d5e45a384f1fdb.so /buildbot/src/android/rust-toolchain/out/package/lib/libtracing_attributes-54d5e45a384f1fdb.so
$ chmod 644 /buildbot/src/android/rust-toolchain/out/package/lib/libtracing_attributes-54d5e45a384f1fdb.so
$ echo "file:/buildbot/src/android/rust-toolchain/out/package/lib/libtracing_attributes-54d5e45a384f1fdb.so" >> "/buildbot/src/android/rust-toolchain/out/package/lib/rustlib/manifest-rustc"
$ umask 022 && mkdir -p "/buildbot/src/android/rust-toolchain/out/package/lib"
install: copying file /buildbot/src/android/rust-toolchain/out/package/lib/libunic_langid_macros_impl-20b8f7cf96eff61a.so
$ cp /buildbot/src/android/rust-toolchain/out/rustc/build/tmp/tarball/rustc/x86_64-unknown-linux-musl/rustc-1.69.0-dev-x86_64-unknown-linux-musl/rustc/lib/libunic_langid_macros_impl-20b8f7cf96eff61a.so /buildbot/src/android/rust-toolchain/out/package/lib/libunic_langid_macros_impl-20b8f7cf96eff61a.so
$ chmod 644 /buildbot/src/android/rust-toolchain/out/package/lib/libunic_langid_macros_impl-20b8f7cf96eff61a.so
$ echo "file:/buildbot/src/android/rust-toolchain/out/package/lib/libunic_langid_macros_impl-20b8f7cf96eff61a.so" >> "/buildbot/src/android/rust-toolchain/out/package/lib/rustlib/manifest-rustc"
$ umask 022 && mkdir -p "/buildbot/src/android/rust-toolchain/out/package/lib"
install: copying file /buildbot/src/android/rust-toolchain/out/package/lib/libyoke_derive-e13a515b4b1a785c.so
$ cp /buildbot/src/android/rust-toolchain/out/rustc/build/tmp/tarball/rustc/x86_64-unknown-linux-musl/rustc-1.69.0-dev-x86_64-unknown-linux-musl/rustc/lib/libyoke_derive-e13a515b4b1a785c.so /buildbot/src/android/rust-toolchain/out/package/lib/libyoke_derive-e13a515b4b1a785c.so
$ chmod 644 /buildbot/src/android/rust-toolchain/out/package/lib/libyoke_derive-e13a515b4b1a785c.so
$ echo "file:/buildbot/src/android/rust-toolchain/out/package/lib/libyoke_derive-e13a515b4b1a785c.so" >> "/buildbot/src/android/rust-toolchain/out/package/lib/rustlib/manifest-rustc"
$ umask 022 && mkdir -p "/buildbot/src/android/rust-toolchain/out/package/lib"
install: copying file /buildbot/src/android/rust-toolchain/out/package/lib/libzerofrom_derive-0195f44eea5b7dd9.so
$ cp /buildbot/src/android/rust-toolchain/out/rustc/build/tmp/tarball/rustc/x86_64-unknown-linux-musl/rustc-1.69.0-dev-x86_64-unknown-linux-musl/rustc/lib/libzerofrom_derive-0195f44eea5b7dd9.so /buildbot/src/android/rust-toolchain/out/package/lib/libzerofrom_derive-0195f44eea5b7dd9.so
$ chmod 644 /buildbot/src/android/rust-toolchain/out/package/lib/libzerofrom_derive-0195f44eea5b7dd9.so
$ echo "file:/buildbot/src/android/rust-toolchain/out/package/lib/libzerofrom_derive-0195f44eea5b7dd9.so" >> "/buildbot/src/android/rust-toolchain/out/package/lib/rustlib/manifest-rustc"
$ umask 022 && mkdir -p "/buildbot/src/android/rust-toolchain/out/package/lib"
install: copying file /buildbot/src/android/rust-toolchain/out/package/lib/libzerovec_derive-a998a405a38d8604.so
$ cp /buildbot/src/android/rust-toolchain/out/rustc/build/tmp/tarball/rustc/x86_64-unknown-linux-musl/rustc-1.69.0-dev-x86_64-unknown-linux-musl/rustc/lib/libzerovec_derive-a998a405a38d8604.so /buildbot/src/android/rust-toolchain/out/package/lib/libzerovec_derive-a998a405a38d8604.so
$ chmod 644 /buildbot/src/android/rust-toolchain/out/package/lib/libzerovec_derive-a998a405a38d8604.so
$ echo "file:/buildbot/src/android/rust-toolchain/out/package/lib/libzerovec_derive-a998a405a38d8604.so" >> "/buildbot/src/android/rust-toolchain/out/package/lib/rustlib/manifest-rustc"
$ umask 022 && mkdir -p "/buildbot/src/android/rust-toolchain/out/package/lib/rustlib/etc"
install: copying file /buildbot/src/android/rust-toolchain/out/package/lib/rustlib/etc/gdb_load_rust_pretty_printers.py
$ cp /buildbot/src/android/rust-toolchain/out/rustc/build/tmp/tarball/rustc/x86_64-unknown-linux-musl/rustc-1.69.0-dev-x86_64-unknown-linux-musl/rustc/lib/rustlib/etc/gdb_load_rust_pretty_printers.py /buildbot/src/android/rust-toolchain/out/package/lib/rustlib/etc/gdb_load_rust_pretty_printers.py
$ chmod 644 /buildbot/src/android/rust-toolchain/out/package/lib/rustlib/etc/gdb_load_rust_pretty_printers.py
$ echo "file:/buildbot/src/android/rust-toolchain/out/package/lib/rustlib/etc/gdb_load_rust_pretty_printers.py" >> "/buildbot/src/android/rust-toolchain/out/package/lib/rustlib/manifest-rustc"
$ umask 022 && mkdir -p "/buildbot/src/android/rust-toolchain/out/package/lib/rustlib/etc"
install: copying file /buildbot/src/android/rust-toolchain/out/package/lib/rustlib/etc/gdb_lookup.py
$ cp /buildbot/src/android/rust-toolchain/out/rustc/build/tmp/tarball/rustc/x86_64-unknown-linux-musl/rustc-1.69.0-dev-x86_64-unknown-linux-musl/rustc/lib/rustlib/etc/gdb_lookup.py /buildbot/src/android/rust-toolchain/out/package/lib/rustlib/etc/gdb_lookup.py
$ chmod 644 /buildbot/src/android/rust-toolchain/out/package/lib/rustlib/etc/gdb_lookup.py
$ echo "file:/buildbot/src/android/rust-toolchain/out/package/lib/rustlib/etc/gdb_lookup.py" >> "/buildbot/src/android/rust-toolchain/out/package/lib/rustlib/manifest-rustc"
$ umask 022 && mkdir -p "/buildbot/src/android/rust-toolchain/out/package/lib/rustlib/etc"
install: copying file /buildbot/src/android/rust-toolchain/out/package/lib/rustlib/etc/gdb_providers.py
$ cp /buildbot/src/android/rust-toolchain/out/rustc/build/tmp/tarball/rustc/x86_64-unknown-linux-musl/rustc-1.69.0-dev-x86_64-unknown-linux-musl/rustc/lib/rustlib/etc/gdb_providers.py /buildbot/src/android/rust-toolchain/out/package/lib/rustlib/etc/gdb_providers.py
$ chmod 644 /buildbot/src/android/rust-toolchain/out/package/lib/rustlib/etc/gdb_providers.py
$ echo "file:/buildbot/src/android/rust-toolchain/out/package/lib/rustlib/etc/gdb_providers.py" >> "/buildbot/src/android/rust-toolchain/out/package/lib/rustlib/manifest-rustc"
$ umask 022 && mkdir -p "/buildbot/src/android/rust-toolchain/out/package/lib/rustlib/etc"
install: copying file /buildbot/src/android/rust-toolchain/out/package/lib/rustlib/etc/lldb_commands
$ cp /buildbot/src/android/rust-toolchain/out/rustc/build/tmp/tarball/rustc/x86_64-unknown-linux-musl/rustc-1.69.0-dev-x86_64-unknown-linux-musl/rustc/lib/rustlib/etc/lldb_commands /buildbot/src/android/rust-toolchain/out/package/lib/rustlib/etc/lldb_commands
$ chmod 644 /buildbot/src/android/rust-toolchain/out/package/lib/rustlib/etc/lldb_commands
$ echo "file:/buildbot/src/android/rust-toolchain/out/package/lib/rustlib/etc/lldb_commands" >> "/buildbot/src/android/rust-toolchain/out/package/lib/rustlib/manifest-rustc"
$ umask 022 && mkdir -p "/buildbot/src/android/rust-toolchain/out/package/lib/rustlib/etc"
install: copying file /buildbot/src/android/rust-toolchain/out/package/lib/rustlib/etc/lldb_lookup.py
$ cp /buildbot/src/android/rust-toolchain/out/rustc/build/tmp/tarball/rustc/x86_64-unknown-linux-musl/rustc-1.69.0-dev-x86_64-unknown-linux-musl/rustc/lib/rustlib/etc/lldb_lookup.py /buildbot/src/android/rust-toolchain/out/package/lib/rustlib/etc/lldb_lookup.py
$ chmod 644 /buildbot/src/android/rust-toolchain/out/package/lib/rustlib/etc/lldb_lookup.py
$ echo "file:/buildbot/src/android/rust-toolchain/out/package/lib/rustlib/etc/lldb_lookup.py" >> "/buildbot/src/android/rust-toolchain/out/package/lib/rustlib/manifest-rustc"
$ umask 022 && mkdir -p "/buildbot/src/android/rust-toolchain/out/package/lib/rustlib/etc"
install: copying file /buildbot/src/android/rust-toolchain/out/package/lib/rustlib/etc/lldb_providers.py
$ cp /buildbot/src/android/rust-toolchain/out/rustc/build/tmp/tarball/rustc/x86_64-unknown-linux-musl/rustc-1.69.0-dev-x86_64-unknown-linux-musl/rustc/lib/rustlib/etc/lldb_providers.py /buildbot/src/android/rust-toolchain/out/package/lib/rustlib/etc/lldb_providers.py
$ chmod 644 /buildbot/src/android/rust-toolchain/out/package/lib/rustlib/etc/lldb_providers.py
$ echo "file:/buildbot/src/android/rust-toolchain/out/package/lib/rustlib/etc/lldb_providers.py" >> "/buildbot/src/android/rust-toolchain/out/package/lib/rustlib/manifest-rustc"
$ umask 022 && mkdir -p "/buildbot/src/android/rust-toolchain/out/package/lib/rustlib/etc"
install: copying file /buildbot/src/android/rust-toolchain/out/package/lib/rustlib/etc/rust_types.py
$ cp /buildbot/src/android/rust-toolchain/out/rustc/build/tmp/tarball/rustc/x86_64-unknown-linux-musl/rustc-1.69.0-dev-x86_64-unknown-linux-musl/rustc/lib/rustlib/etc/rust_types.py /buildbot/src/android/rust-toolchain/out/package/lib/rustlib/etc/rust_types.py
$ chmod 644 /buildbot/src/android/rust-toolchain/out/package/lib/rustlib/etc/rust_types.py
$ echo "file:/buildbot/src/android/rust-toolchain/out/package/lib/rustlib/etc/rust_types.py" >> "/buildbot/src/android/rust-toolchain/out/package/lib/rustlib/manifest-rustc"
$ umask 022 && mkdir -p "/buildbot/src/android/rust-toolchain/out/package/libexec"
install: copying file /buildbot/src/android/rust-toolchain/out/package/libexec/rust-analyzer-proc-macro-srv
$ cp /buildbot/src/android/rust-toolchain/out/rustc/build/tmp/tarball/rustc/x86_64-unknown-linux-musl/rustc-1.69.0-dev-x86_64-unknown-linux-musl/rustc/libexec/rust-analyzer-proc-macro-srv /buildbot/src/android/rust-toolchain/out/package/libexec/rust-analyzer-proc-macro-srv
$ chmod 755 /buildbot/src/android/rust-toolchain/out/package/libexec/rust-analyzer-proc-macro-srv
$ echo "file:/buildbot/src/android/rust-toolchain/out/package/libexec/rust-analyzer-proc-macro-srv" >> "/buildbot/src/android/rust-toolchain/out/package/lib/rustlib/manifest-rustc"
$ umask 022 && mkdir -p "/buildbot/src/android/rust-toolchain/out/package/share/doc/rust"
install: copying file /buildbot/src/android/rust-toolchain/out/package/share/doc/rust/COPYRIGHT
$ cp /buildbot/src/android/rust-toolchain/out/rustc/build/tmp/tarball/rustc/x86_64-unknown-linux-musl/rustc-1.69.0-dev-x86_64-unknown-linux-musl/rustc/share/doc/rust/COPYRIGHT /buildbot/src/android/rust-toolchain/out/package/share/doc/rust/COPYRIGHT
$ chmod 644 /buildbot/src/android/rust-toolchain/out/package/share/doc/rust/COPYRIGHT
$ echo "file:/buildbot/src/android/rust-toolchain/out/package/share/doc/rust/COPYRIGHT" >> "/buildbot/src/android/rust-toolchain/out/package/lib/rustlib/manifest-rustc"
$ umask 022 && mkdir -p "/buildbot/src/android/rust-toolchain/out/package/share/doc/rust"
install: copying file /buildbot/src/android/rust-toolchain/out/package/share/doc/rust/LICENSE-APACHE
install: backing up existing file at /buildbot/src/android/rust-toolchain/out/package/share/doc/rust/LICENSE-APACHE
$ mv -f /buildbot/src/android/rust-toolchain/out/package/share/doc/rust/LICENSE-APACHE /buildbot/src/android/rust-toolchain/out/package/share/doc/rust/LICENSE-APACHE.old
$ cp /buildbot/src/android/rust-toolchain/out/rustc/build/tmp/tarball/rustc/x86_64-unknown-linux-musl/rustc-1.69.0-dev-x86_64-unknown-linux-musl/rustc/share/doc/rust/LICENSE-APACHE /buildbot/src/android/rust-toolchain/out/package/share/doc/rust/LICENSE-APACHE
$ chmod 644 /buildbot/src/android/rust-toolchain/out/package/share/doc/rust/LICENSE-APACHE
$ echo "file:/buildbot/src/android/rust-toolchain/out/package/share/doc/rust/LICENSE-APACHE" >> "/buildbot/src/android/rust-toolchain/out/package/lib/rustlib/manifest-rustc"
$ umask 022 && mkdir -p "/buildbot/src/android/rust-toolchain/out/package/share/doc/rust"
install: copying file /buildbot/src/android/rust-toolchain/out/package/share/doc/rust/LICENSE-MIT
install: backing up existing file at /buildbot/src/android/rust-toolchain/out/package/share/doc/rust/LICENSE-MIT
$ mv -f /buildbot/src/android/rust-toolchain/out/package/share/doc/rust/LICENSE-MIT /buildbot/src/android/rust-toolchain/out/package/share/doc/rust/LICENSE-MIT.old
$ cp /buildbot/src/android/rust-toolchain/out/rustc/build/tmp/tarball/rustc/x86_64-unknown-linux-musl/rustc-1.69.0-dev-x86_64-unknown-linux-musl/rustc/share/doc/rust/LICENSE-MIT /buildbot/src/android/rust-toolchain/out/package/share/doc/rust/LICENSE-MIT
$ chmod 644 /buildbot/src/android/rust-toolchain/out/package/share/doc/rust/LICENSE-MIT
$ echo "file:/buildbot/src/android/rust-toolchain/out/package/share/doc/rust/LICENSE-MIT" >> "/buildbot/src/android/rust-toolchain/out/package/lib/rustlib/manifest-rustc"
$ umask 022 && mkdir -p "/buildbot/src/android/rust-toolchain/out/package/share/doc/rust"
install: copying file /buildbot/src/android/rust-toolchain/out/package/share/doc/rust/README.md
install: backing up existing file at /buildbot/src/android/rust-toolchain/out/package/share/doc/rust/README.md
$ mv -f /buildbot/src/android/rust-toolchain/out/package/share/doc/rust/README.md /buildbot/src/android/rust-toolchain/out/package/share/doc/rust/README.md.old
$ cp /buildbot/src/android/rust-toolchain/out/rustc/build/tmp/tarball/rustc/x86_64-unknown-linux-musl/rustc-1.69.0-dev-x86_64-unknown-linux-musl/rustc/share/doc/rust/README.md /buildbot/src/android/rust-toolchain/out/package/share/doc/rust/README.md
$ chmod 644 /buildbot/src/android/rust-toolchain/out/package/share/doc/rust/README.md
$ echo "file:/buildbot/src/android/rust-toolchain/out/package/share/doc/rust/README.md" >> "/buildbot/src/android/rust-toolchain/out/package/lib/rustlib/manifest-rustc"
$ umask 022 && mkdir -p "/buildbot/src/android/rust-toolchain/out/package/share/man/man1"
install: copying file /buildbot/src/android/rust-toolchain/out/package/share/man/man1/rustc.1
$ cp /buildbot/src/android/rust-toolchain/out/rustc/build/tmp/tarball/rustc/x86_64-unknown-linux-musl/rustc-1.69.0-dev-x86_64-unknown-linux-musl/rustc/share/man/man1/rustc.1 /buildbot/src/android/rust-toolchain/out/package/share/man/man1/rustc.1
$ chmod 644 /buildbot/src/android/rust-toolchain/out/package/share/man/man1/rustc.1
$ echo "file:/buildbot/src/android/rust-toolchain/out/package/share/man/man1/rustc.1" >> "/buildbot/src/android/rust-toolchain/out/package/lib/rustlib/manifest-rustc"
$ umask 022 && mkdir -p "/buildbot/src/android/rust-toolchain/out/package/share/man/man1"
install: copying file /buildbot/src/android/rust-toolchain/out/package/share/man/man1/rustdoc.1
$ cp /buildbot/src/android/rust-toolchain/out/rustc/build/tmp/tarball/rustc/x86_64-unknown-linux-musl/rustc-1.69.0-dev-x86_64-unknown-linux-musl/rustc/share/man/man1/rustdoc.1 /buildbot/src/android/rust-toolchain/out/package/share/man/man1/rustdoc.1
$ chmod 644 /buildbot/src/android/rust-toolchain/out/package/share/man/man1/rustdoc.1
$ echo "file:/buildbot/src/android/rust-toolchain/out/package/share/man/man1/rustdoc.1" >> "/buildbot/src/android/rust-toolchain/out/package/lib/rustlib/manifest-rustc"
