$ umask 022 && mkdir -p "/buildbot/src/android/rust-toolchain/out/package/lib/rustlib"
$ echo "3" > "/buildbot/src/android/rust-toolchain/out/package/lib/rustlib/rust-installer-version"
install: creating uninstall script at /buildbot/src/android/rust-toolchain/out/package/lib/rustlib/uninstall.sh
$ cp /buildbot/src/android/rust-toolchain/out/rustc/build/tmp/tarball/rustc/x86_64-pc-windows-gnu/rustc-1.70.0-dev-x86_64-pc-windows-gnu/install.sh /buildbot/src/android/rust-toolchain/out/package/lib/rustlib/uninstall.sh
install: installing component 'rustc'
$ echo "rustc" >> "/buildbot/src/android/rust-toolchain/out/package/lib/rustlib/components"
$ umask 022 && mkdir -p "/buildbot/src/android/rust-toolchain/out/package/bin"
install: copying file /buildbot/src/android/rust-toolchain/out/package/bin/chalk_derive-0afa3553be835e73.dll
$ cp /buildbot/src/android/rust-toolchain/out/rustc/build/tmp/tarball/rustc/x86_64-pc-windows-gnu/rustc-1.70.0-dev-x86_64-pc-windows-gnu/rustc/bin/chalk_derive-0afa3553be835e73.dll /buildbot/src/android/rust-toolchain/out/package/bin/chalk_derive-0afa3553be835e73.dll
$ chmod 755 /buildbot/src/android/rust-toolchain/out/package/bin/chalk_derive-0afa3553be835e73.dll
$ echo "file:/buildbot/src/android/rust-toolchain/out/package/bin/chalk_derive-0afa3553be835e73.dll" >> "/buildbot/src/android/rust-toolchain/out/package/lib/rustlib/manifest-rustc"
$ umask 022 && mkdir -p "/buildbot/src/android/rust-toolchain/out/package/bin"
install: copying file /buildbot/src/android/rust-toolchain/out/package/bin/cstr-d17c6da494e3e375.dll
$ cp /buildbot/src/android/rust-toolchain/out/rustc/build/tmp/tarball/rustc/x86_64-pc-windows-gnu/rustc-1.70.0-dev-x86_64-pc-windows-gnu/rustc/bin/cstr-d17c6da494e3e375.dll /buildbot/src/android/rust-toolchain/out/package/bin/cstr-d17c6da494e3e375.dll
$ chmod 755 /buildbot/src/android/rust-toolchain/out/package/bin/cstr-d17c6da494e3e375.dll
$ echo "file:/buildbot/src/android/rust-toolchain/out/package/bin/cstr-d17c6da494e3e375.dll" >> "/buildbot/src/android/rust-toolchain/out/package/lib/rustlib/manifest-rustc"
$ umask 022 && mkdir -p "/buildbot/src/android/rust-toolchain/out/package/bin"
install: copying file /buildbot/src/android/rust-toolchain/out/package/bin/derive_more-41a451c4cef9ca14.dll
$ cp /buildbot/src/android/rust-toolchain/out/rustc/build/tmp/tarball/rustc/x86_64-pc-windows-gnu/rustc-1.70.0-dev-x86_64-pc-windows-gnu/rustc/bin/derive_more-41a451c4cef9ca14.dll /buildbot/src/android/rust-toolchain/out/package/bin/derive_more-41a451c4cef9ca14.dll
$ chmod 755 /buildbot/src/android/rust-toolchain/out/package/bin/derive_more-41a451c4cef9ca14.dll
$ echo "file:/buildbot/src/android/rust-toolchain/out/package/bin/derive_more-41a451c4cef9ca14.dll" >> "/buildbot/src/android/rust-toolchain/out/package/lib/rustlib/manifest-rustc"
$ umask 022 && mkdir -p "/buildbot/src/android/rust-toolchain/out/package/bin"
install: copying file /buildbot/src/android/rust-toolchain/out/package/bin/displaydoc-b7e3c46406c9c243.dll
$ cp /buildbot/src/android/rust-toolchain/out/rustc/build/tmp/tarball/rustc/x86_64-pc-windows-gnu/rustc-1.70.0-dev-x86_64-pc-windows-gnu/rustc/bin/displaydoc-b7e3c46406c9c243.dll /buildbot/src/android/rust-toolchain/out/package/bin/displaydoc-b7e3c46406c9c243.dll
$ chmod 755 /buildbot/src/android/rust-toolchain/out/package/bin/displaydoc-b7e3c46406c9c243.dll
$ echo "file:/buildbot/src/android/rust-toolchain/out/package/bin/displaydoc-b7e3c46406c9c243.dll" >> "/buildbot/src/android/rust-toolchain/out/package/lib/rustlib/manifest-rustc"
$ umask 022 && mkdir -p "/buildbot/src/android/rust-toolchain/out/package/bin"
install: copying file /buildbot/src/android/rust-toolchain/out/package/bin/icu_provider_macros-c755152323cd7930.dll
$ cp /buildbot/src/android/rust-toolchain/out/rustc/build/tmp/tarball/rustc/x86_64-pc-windows-gnu/rustc-1.70.0-dev-x86_64-pc-windows-gnu/rustc/bin/icu_provider_macros-c755152323cd7930.dll /buildbot/src/android/rust-toolchain/out/package/bin/icu_provider_macros-c755152323cd7930.dll
$ chmod 755 /buildbot/src/android/rust-toolchain/out/package/bin/icu_provider_macros-c755152323cd7930.dll
$ echo "file:/buildbot/src/android/rust-toolchain/out/package/bin/icu_provider_macros-c755152323cd7930.dll" >> "/buildbot/src/android/rust-toolchain/out/package/lib/rustlib/manifest-rustc"
$ umask 022 && mkdir -p "/buildbot/src/android/rust-toolchain/out/package/bin"
install: copying file /buildbot/src/android/rust-toolchain/out/package/bin/proc_macro_hack-e6927a739cd9d2cf.dll
$ cp /buildbot/src/android/rust-toolchain/out/rustc/build/tmp/tarball/rustc/x86_64-pc-windows-gnu/rustc-1.70.0-dev-x86_64-pc-windows-gnu/rustc/bin/proc_macro_hack-e6927a739cd9d2cf.dll /buildbot/src/android/rust-toolchain/out/package/bin/proc_macro_hack-e6927a739cd9d2cf.dll
$ chmod 755 /buildbot/src/android/rust-toolchain/out/package/bin/proc_macro_hack-e6927a739cd9d2cf.dll
$ echo "file:/buildbot/src/android/rust-toolchain/out/package/bin/proc_macro_hack-e6927a739cd9d2cf.dll" >> "/buildbot/src/android/rust-toolchain/out/package/lib/rustlib/manifest-rustc"
$ umask 022 && mkdir -p "/buildbot/src/android/rust-toolchain/out/package/bin"
install: copying file /buildbot/src/android/rust-toolchain/out/package/bin/rust-gdb
$ cp /buildbot/src/android/rust-toolchain/out/rustc/build/tmp/tarball/rustc/x86_64-pc-windows-gnu/rustc-1.70.0-dev-x86_64-pc-windows-gnu/rustc/bin/rust-gdb /buildbot/src/android/rust-toolchain/out/package/bin/rust-gdb
$ chmod 755 /buildbot/src/android/rust-toolchain/out/package/bin/rust-gdb
$ echo "file:/buildbot/src/android/rust-toolchain/out/package/bin/rust-gdb" >> "/buildbot/src/android/rust-toolchain/out/package/lib/rustlib/manifest-rustc"
$ umask 022 && mkdir -p "/buildbot/src/android/rust-toolchain/out/package/bin"
install: copying file /buildbot/src/android/rust-toolchain/out/package/bin/rust-gdbgui
$ cp /buildbot/src/android/rust-toolchain/out/rustc/build/tmp/tarball/rustc/x86_64-pc-windows-gnu/rustc-1.70.0-dev-x86_64-pc-windows-gnu/rustc/bin/rust-gdbgui /buildbot/src/android/rust-toolchain/out/package/bin/rust-gdbgui
$ chmod 755 /buildbot/src/android/rust-toolchain/out/package/bin/rust-gdbgui
$ echo "file:/buildbot/src/android/rust-toolchain/out/package/bin/rust-gdbgui" >> "/buildbot/src/android/rust-toolchain/out/package/lib/rustlib/manifest-rustc"
$ umask 022 && mkdir -p "/buildbot/src/android/rust-toolchain/out/package/bin"
install: copying file /buildbot/src/android/rust-toolchain/out/package/bin/rust-lldb
$ cp /buildbot/src/android/rust-toolchain/out/rustc/build/tmp/tarball/rustc/x86_64-pc-windows-gnu/rustc-1.70.0-dev-x86_64-pc-windows-gnu/rustc/bin/rust-lldb /buildbot/src/android/rust-toolchain/out/package/bin/rust-lldb
$ chmod 755 /buildbot/src/android/rust-toolchain/out/package/bin/rust-lldb
$ echo "file:/buildbot/src/android/rust-toolchain/out/package/bin/rust-lldb" >> "/buildbot/src/android/rust-toolchain/out/package/lib/rustlib/manifest-rustc"
$ umask 022 && mkdir -p "/buildbot/src/android/rust-toolchain/out/package/bin"
install: copying file /buildbot/src/android/rust-toolchain/out/package/bin/rustc.exe
$ cp /buildbot/src/android/rust-toolchain/out/rustc/build/tmp/tarball/rustc/x86_64-pc-windows-gnu/rustc-1.70.0-dev-x86_64-pc-windows-gnu/rustc/bin/rustc.exe /buildbot/src/android/rust-toolchain/out/package/bin/rustc.exe
$ chmod 755 /buildbot/src/android/rust-toolchain/out/package/bin/rustc.exe
$ echo "file:/buildbot/src/android/rust-toolchain/out/package/bin/rustc.exe" >> "/buildbot/src/android/rust-toolchain/out/package/lib/rustlib/manifest-rustc"
$ umask 022 && mkdir -p "/buildbot/src/android/rust-toolchain/out/package/bin"
install: copying file /buildbot/src/android/rust-toolchain/out/package/bin/rustc_driver-de9ffcfe045be837.dll
$ cp /buildbot/src/android/rust-toolchain/out/rustc/build/tmp/tarball/rustc/x86_64-pc-windows-gnu/rustc-1.70.0-dev-x86_64-pc-windows-gnu/rustc/bin/rustc_driver-de9ffcfe045be837.dll /buildbot/src/android/rust-toolchain/out/package/bin/rustc_driver-de9ffcfe045be837.dll
$ chmod 755 /buildbot/src/android/rust-toolchain/out/package/bin/rustc_driver-de9ffcfe045be837.dll
$ echo "file:/buildbot/src/android/rust-toolchain/out/package/bin/rustc_driver-de9ffcfe045be837.dll" >> "/buildbot/src/android/rust-toolchain/out/package/lib/rustlib/manifest-rustc"
$ umask 022 && mkdir -p "/buildbot/src/android/rust-toolchain/out/package/bin"
install: copying file /buildbot/src/android/rust-toolchain/out/package/bin/rustc_macros-822a543037736cd1.dll
$ cp /buildbot/src/android/rust-toolchain/out/rustc/build/tmp/tarball/rustc/x86_64-pc-windows-gnu/rustc-1.70.0-dev-x86_64-pc-windows-gnu/rustc/bin/rustc_macros-822a543037736cd1.dll /buildbot/src/android/rust-toolchain/out/package/bin/rustc_macros-822a543037736cd1.dll
$ chmod 755 /buildbot/src/android/rust-toolchain/out/package/bin/rustc_macros-822a543037736cd1.dll
$ echo "file:/buildbot/src/android/rust-toolchain/out/package/bin/rustc_macros-822a543037736cd1.dll" >> "/buildbot/src/android/rust-toolchain/out/package/lib/rustlib/manifest-rustc"
$ umask 022 && mkdir -p "/buildbot/src/android/rust-toolchain/out/package/bin"
install: copying file /buildbot/src/android/rust-toolchain/out/package/bin/rustdoc.exe
$ cp /buildbot/src/android/rust-toolchain/out/rustc/build/tmp/tarball/rustc/x86_64-pc-windows-gnu/rustc-1.70.0-dev-x86_64-pc-windows-gnu/rustc/bin/rustdoc.exe /buildbot/src/android/rust-toolchain/out/package/bin/rustdoc.exe
$ chmod 755 /buildbot/src/android/rust-toolchain/out/package/bin/rustdoc.exe
$ echo "file:/buildbot/src/android/rust-toolchain/out/package/bin/rustdoc.exe" >> "/buildbot/src/android/rust-toolchain/out/package/lib/rustlib/manifest-rustc"
$ umask 022 && mkdir -p "/buildbot/src/android/rust-toolchain/out/package/bin"
install: copying file /buildbot/src/android/rust-toolchain/out/package/bin/serde_derive-f3421c83b53c3769.dll
$ cp /buildbot/src/android/rust-toolchain/out/rustc/build/tmp/tarball/rustc/x86_64-pc-windows-gnu/rustc-1.70.0-dev-x86_64-pc-windows-gnu/rustc/bin/serde_derive-f3421c83b53c3769.dll /buildbot/src/android/rust-toolchain/out/package/bin/serde_derive-f3421c83b53c3769.dll
$ chmod 755 /buildbot/src/android/rust-toolchain/out/package/bin/serde_derive-f3421c83b53c3769.dll
$ echo "file:/buildbot/src/android/rust-toolchain/out/package/bin/serde_derive-f3421c83b53c3769.dll" >> "/buildbot/src/android/rust-toolchain/out/package/lib/rustlib/manifest-rustc"
$ umask 022 && mkdir -p "/buildbot/src/android/rust-toolchain/out/package/bin"
install: copying file /buildbot/src/android/rust-toolchain/out/package/bin/std-2f7a8249c45caac3.dll
$ cp /buildbot/src/android/rust-toolchain/out/rustc/build/tmp/tarball/rustc/x86_64-pc-windows-gnu/rustc-1.70.0-dev-x86_64-pc-windows-gnu/rustc/bin/std-2f7a8249c45caac3.dll /buildbot/src/android/rust-toolchain/out/package/bin/std-2f7a8249c45caac3.dll
$ chmod 755 /buildbot/src/android/rust-toolchain/out/package/bin/std-2f7a8249c45caac3.dll
$ echo "file:/buildbot/src/android/rust-toolchain/out/package/bin/std-2f7a8249c45caac3.dll" >> "/buildbot/src/android/rust-toolchain/out/package/lib/rustlib/manifest-rustc"
$ umask 022 && mkdir -p "/buildbot/src/android/rust-toolchain/out/package/bin"
install: copying file /buildbot/src/android/rust-toolchain/out/package/bin/test-8419f3f4ae225d17.dll
$ cp /buildbot/src/android/rust-toolchain/out/rustc/build/tmp/tarball/rustc/x86_64-pc-windows-gnu/rustc-1.70.0-dev-x86_64-pc-windows-gnu/rustc/bin/test-8419f3f4ae225d17.dll /buildbot/src/android/rust-toolchain/out/package/bin/test-8419f3f4ae225d17.dll
$ chmod 755 /buildbot/src/android/rust-toolchain/out/package/bin/test-8419f3f4ae225d17.dll
$ echo "file:/buildbot/src/android/rust-toolchain/out/package/bin/test-8419f3f4ae225d17.dll" >> "/buildbot/src/android/rust-toolchain/out/package/lib/rustlib/manifest-rustc"
$ umask 022 && mkdir -p "/buildbot/src/android/rust-toolchain/out/package/bin"
install: copying file /buildbot/src/android/rust-toolchain/out/package/bin/thiserror_impl-02c79907a5b3ca64.dll
$ cp /buildbot/src/android/rust-toolchain/out/rustc/build/tmp/tarball/rustc/x86_64-pc-windows-gnu/rustc-1.70.0-dev-x86_64-pc-windows-gnu/rustc/bin/thiserror_impl-02c79907a5b3ca64.dll /buildbot/src/android/rust-toolchain/out/package/bin/thiserror_impl-02c79907a5b3ca64.dll
$ chmod 755 /buildbot/src/android/rust-toolchain/out/package/bin/thiserror_impl-02c79907a5b3ca64.dll
$ echo "file:/buildbot/src/android/rust-toolchain/out/package/bin/thiserror_impl-02c79907a5b3ca64.dll" >> "/buildbot/src/android/rust-toolchain/out/package/lib/rustlib/manifest-rustc"
$ umask 022 && mkdir -p "/buildbot/src/android/rust-toolchain/out/package/bin"
install: copying file /buildbot/src/android/rust-toolchain/out/package/bin/tracing_attributes-001f2f6ac305009c.dll
$ cp /buildbot/src/android/rust-toolchain/out/rustc/build/tmp/tarball/rustc/x86_64-pc-windows-gnu/rustc-1.70.0-dev-x86_64-pc-windows-gnu/rustc/bin/tracing_attributes-001f2f6ac305009c.dll /buildbot/src/android/rust-toolchain/out/package/bin/tracing_attributes-001f2f6ac305009c.dll
$ chmod 755 /buildbot/src/android/rust-toolchain/out/package/bin/tracing_attributes-001f2f6ac305009c.dll
$ echo "file:/buildbot/src/android/rust-toolchain/out/package/bin/tracing_attributes-001f2f6ac305009c.dll" >> "/buildbot/src/android/rust-toolchain/out/package/lib/rustlib/manifest-rustc"
$ umask 022 && mkdir -p "/buildbot/src/android/rust-toolchain/out/package/bin"
install: copying file /buildbot/src/android/rust-toolchain/out/package/bin/unic_langid_macros_impl-e3b0bdec214a30e0.dll
$ cp /buildbot/src/android/rust-toolchain/out/rustc/build/tmp/tarball/rustc/x86_64-pc-windows-gnu/rustc-1.70.0-dev-x86_64-pc-windows-gnu/rustc/bin/unic_langid_macros_impl-e3b0bdec214a30e0.dll /buildbot/src/android/rust-toolchain/out/package/bin/unic_langid_macros_impl-e3b0bdec214a30e0.dll
$ chmod 755 /buildbot/src/android/rust-toolchain/out/package/bin/unic_langid_macros_impl-e3b0bdec214a30e0.dll
$ echo "file:/buildbot/src/android/rust-toolchain/out/package/bin/unic_langid_macros_impl-e3b0bdec214a30e0.dll" >> "/buildbot/src/android/rust-toolchain/out/package/lib/rustlib/manifest-rustc"
$ umask 022 && mkdir -p "/buildbot/src/android/rust-toolchain/out/package/bin"
install: copying file /buildbot/src/android/rust-toolchain/out/package/bin/yoke_derive-097502ab331ca172.dll
$ cp /buildbot/src/android/rust-toolchain/out/rustc/build/tmp/tarball/rustc/x86_64-pc-windows-gnu/rustc-1.70.0-dev-x86_64-pc-windows-gnu/rustc/bin/yoke_derive-097502ab331ca172.dll /buildbot/src/android/rust-toolchain/out/package/bin/yoke_derive-097502ab331ca172.dll
$ chmod 755 /buildbot/src/android/rust-toolchain/out/package/bin/yoke_derive-097502ab331ca172.dll
$ echo "file:/buildbot/src/android/rust-toolchain/out/package/bin/yoke_derive-097502ab331ca172.dll" >> "/buildbot/src/android/rust-toolchain/out/package/lib/rustlib/manifest-rustc"
$ umask 022 && mkdir -p "/buildbot/src/android/rust-toolchain/out/package/bin"
install: copying file /buildbot/src/android/rust-toolchain/out/package/bin/zerofrom_derive-fcdf905fb6038ef3.dll
$ cp /buildbot/src/android/rust-toolchain/out/rustc/build/tmp/tarball/rustc/x86_64-pc-windows-gnu/rustc-1.70.0-dev-x86_64-pc-windows-gnu/rustc/bin/zerofrom_derive-fcdf905fb6038ef3.dll /buildbot/src/android/rust-toolchain/out/package/bin/zerofrom_derive-fcdf905fb6038ef3.dll
$ chmod 755 /buildbot/src/android/rust-toolchain/out/package/bin/zerofrom_derive-fcdf905fb6038ef3.dll
$ echo "file:/buildbot/src/android/rust-toolchain/out/package/bin/zerofrom_derive-fcdf905fb6038ef3.dll" >> "/buildbot/src/android/rust-toolchain/out/package/lib/rustlib/manifest-rustc"
$ umask 022 && mkdir -p "/buildbot/src/android/rust-toolchain/out/package/bin"
install: copying file /buildbot/src/android/rust-toolchain/out/package/bin/zerovec_derive-fe1cc8bef0d43a2f.dll
$ cp /buildbot/src/android/rust-toolchain/out/rustc/build/tmp/tarball/rustc/x86_64-pc-windows-gnu/rustc-1.70.0-dev-x86_64-pc-windows-gnu/rustc/bin/zerovec_derive-fe1cc8bef0d43a2f.dll /buildbot/src/android/rust-toolchain/out/package/bin/zerovec_derive-fe1cc8bef0d43a2f.dll
$ chmod 755 /buildbot/src/android/rust-toolchain/out/package/bin/zerovec_derive-fe1cc8bef0d43a2f.dll
$ echo "file:/buildbot/src/android/rust-toolchain/out/package/bin/zerovec_derive-fe1cc8bef0d43a2f.dll" >> "/buildbot/src/android/rust-toolchain/out/package/lib/rustlib/manifest-rustc"
$ umask 022 && mkdir -p "/buildbot/src/android/rust-toolchain/out/package/lib/rustlib/etc"
install: copying file /buildbot/src/android/rust-toolchain/out/package/lib/rustlib/etc/gdb_load_rust_pretty_printers.py
$ cp /buildbot/src/android/rust-toolchain/out/rustc/build/tmp/tarball/rustc/x86_64-pc-windows-gnu/rustc-1.70.0-dev-x86_64-pc-windows-gnu/rustc/lib/rustlib/etc/gdb_load_rust_pretty_printers.py /buildbot/src/android/rust-toolchain/out/package/lib/rustlib/etc/gdb_load_rust_pretty_printers.py
$ chmod 644 /buildbot/src/android/rust-toolchain/out/package/lib/rustlib/etc/gdb_load_rust_pretty_printers.py
$ echo "file:/buildbot/src/android/rust-toolchain/out/package/lib/rustlib/etc/gdb_load_rust_pretty_printers.py" >> "/buildbot/src/android/rust-toolchain/out/package/lib/rustlib/manifest-rustc"
$ umask 022 && mkdir -p "/buildbot/src/android/rust-toolchain/out/package/lib/rustlib/etc"
install: copying file /buildbot/src/android/rust-toolchain/out/package/lib/rustlib/etc/gdb_lookup.py
$ cp /buildbot/src/android/rust-toolchain/out/rustc/build/tmp/tarball/rustc/x86_64-pc-windows-gnu/rustc-1.70.0-dev-x86_64-pc-windows-gnu/rustc/lib/rustlib/etc/gdb_lookup.py /buildbot/src/android/rust-toolchain/out/package/lib/rustlib/etc/gdb_lookup.py
$ chmod 644 /buildbot/src/android/rust-toolchain/out/package/lib/rustlib/etc/gdb_lookup.py
$ echo "file:/buildbot/src/android/rust-toolchain/out/package/lib/rustlib/etc/gdb_lookup.py" >> "/buildbot/src/android/rust-toolchain/out/package/lib/rustlib/manifest-rustc"
$ umask 022 && mkdir -p "/buildbot/src/android/rust-toolchain/out/package/lib/rustlib/etc"
install: copying file /buildbot/src/android/rust-toolchain/out/package/lib/rustlib/etc/gdb_providers.py
$ cp /buildbot/src/android/rust-toolchain/out/rustc/build/tmp/tarball/rustc/x86_64-pc-windows-gnu/rustc-1.70.0-dev-x86_64-pc-windows-gnu/rustc/lib/rustlib/etc/gdb_providers.py /buildbot/src/android/rust-toolchain/out/package/lib/rustlib/etc/gdb_providers.py
$ chmod 644 /buildbot/src/android/rust-toolchain/out/package/lib/rustlib/etc/gdb_providers.py
$ echo "file:/buildbot/src/android/rust-toolchain/out/package/lib/rustlib/etc/gdb_providers.py" >> "/buildbot/src/android/rust-toolchain/out/package/lib/rustlib/manifest-rustc"
$ umask 022 && mkdir -p "/buildbot/src/android/rust-toolchain/out/package/lib/rustlib/etc"
install: copying file /buildbot/src/android/rust-toolchain/out/package/lib/rustlib/etc/lldb_commands
$ cp /buildbot/src/android/rust-toolchain/out/rustc/build/tmp/tarball/rustc/x86_64-pc-windows-gnu/rustc-1.70.0-dev-x86_64-pc-windows-gnu/rustc/lib/rustlib/etc/lldb_commands /buildbot/src/android/rust-toolchain/out/package/lib/rustlib/etc/lldb_commands
$ chmod 644 /buildbot/src/android/rust-toolchain/out/package/lib/rustlib/etc/lldb_commands
$ echo "file:/buildbot/src/android/rust-toolchain/out/package/lib/rustlib/etc/lldb_commands" >> "/buildbot/src/android/rust-toolchain/out/package/lib/rustlib/manifest-rustc"
$ umask 022 && mkdir -p "/buildbot/src/android/rust-toolchain/out/package/lib/rustlib/etc"
install: copying file /buildbot/src/android/rust-toolchain/out/package/lib/rustlib/etc/lldb_lookup.py
$ cp /buildbot/src/android/rust-toolchain/out/rustc/build/tmp/tarball/rustc/x86_64-pc-windows-gnu/rustc-1.70.0-dev-x86_64-pc-windows-gnu/rustc/lib/rustlib/etc/lldb_lookup.py /buildbot/src/android/rust-toolchain/out/package/lib/rustlib/etc/lldb_lookup.py
$ chmod 644 /buildbot/src/android/rust-toolchain/out/package/lib/rustlib/etc/lldb_lookup.py
$ echo "file:/buildbot/src/android/rust-toolchain/out/package/lib/rustlib/etc/lldb_lookup.py" >> "/buildbot/src/android/rust-toolchain/out/package/lib/rustlib/manifest-rustc"
$ umask 022 && mkdir -p "/buildbot/src/android/rust-toolchain/out/package/lib/rustlib/etc"
install: copying file /buildbot/src/android/rust-toolchain/out/package/lib/rustlib/etc/lldb_providers.py
$ cp /buildbot/src/android/rust-toolchain/out/rustc/build/tmp/tarball/rustc/x86_64-pc-windows-gnu/rustc-1.70.0-dev-x86_64-pc-windows-gnu/rustc/lib/rustlib/etc/lldb_providers.py /buildbot/src/android/rust-toolchain/out/package/lib/rustlib/etc/lldb_providers.py
$ chmod 644 /buildbot/src/android/rust-toolchain/out/package/lib/rustlib/etc/lldb_providers.py
$ echo "file:/buildbot/src/android/rust-toolchain/out/package/lib/rustlib/etc/lldb_providers.py" >> "/buildbot/src/android/rust-toolchain/out/package/lib/rustlib/manifest-rustc"
$ umask 022 && mkdir -p "/buildbot/src/android/rust-toolchain/out/package/lib/rustlib/etc"
install: copying file /buildbot/src/android/rust-toolchain/out/package/lib/rustlib/etc/rust_types.py
$ cp /buildbot/src/android/rust-toolchain/out/rustc/build/tmp/tarball/rustc/x86_64-pc-windows-gnu/rustc-1.70.0-dev-x86_64-pc-windows-gnu/rustc/lib/rustlib/etc/rust_types.py /buildbot/src/android/rust-toolchain/out/package/lib/rustlib/etc/rust_types.py
$ chmod 644 /buildbot/src/android/rust-toolchain/out/package/lib/rustlib/etc/rust_types.py
$ echo "file:/buildbot/src/android/rust-toolchain/out/package/lib/rustlib/etc/rust_types.py" >> "/buildbot/src/android/rust-toolchain/out/package/lib/rustlib/manifest-rustc"
$ umask 022 && mkdir -p "/buildbot/src/android/rust-toolchain/out/package/libexec"
install: copying file /buildbot/src/android/rust-toolchain/out/package/libexec/rust-analyzer-proc-macro-srv.exe
$ cp /buildbot/src/android/rust-toolchain/out/rustc/build/tmp/tarball/rustc/x86_64-pc-windows-gnu/rustc-1.70.0-dev-x86_64-pc-windows-gnu/rustc/libexec/rust-analyzer-proc-macro-srv.exe /buildbot/src/android/rust-toolchain/out/package/libexec/rust-analyzer-proc-macro-srv.exe
$ chmod 755 /buildbot/src/android/rust-toolchain/out/package/libexec/rust-analyzer-proc-macro-srv.exe
$ echo "file:/buildbot/src/android/rust-toolchain/out/package/libexec/rust-analyzer-proc-macro-srv.exe" >> "/buildbot/src/android/rust-toolchain/out/package/lib/rustlib/manifest-rustc"
$ umask 022 && mkdir -p "/buildbot/src/android/rust-toolchain/out/package/share/doc/rust"
install: copying file /buildbot/src/android/rust-toolchain/out/package/share/doc/rust/COPYRIGHT
$ cp /buildbot/src/android/rust-toolchain/out/rustc/build/tmp/tarball/rustc/x86_64-pc-windows-gnu/rustc-1.70.0-dev-x86_64-pc-windows-gnu/rustc/share/doc/rust/COPYRIGHT /buildbot/src/android/rust-toolchain/out/package/share/doc/rust/COPYRIGHT
$ chmod 644 /buildbot/src/android/rust-toolchain/out/package/share/doc/rust/COPYRIGHT
$ echo "file:/buildbot/src/android/rust-toolchain/out/package/share/doc/rust/COPYRIGHT" >> "/buildbot/src/android/rust-toolchain/out/package/lib/rustlib/manifest-rustc"
$ umask 022 && mkdir -p "/buildbot/src/android/rust-toolchain/out/package/share/doc/rust"
install: copying file /buildbot/src/android/rust-toolchain/out/package/share/doc/rust/LICENSE-APACHE
install: backing up existing file at /buildbot/src/android/rust-toolchain/out/package/share/doc/rust/LICENSE-APACHE
$ mv -f /buildbot/src/android/rust-toolchain/out/package/share/doc/rust/LICENSE-APACHE /buildbot/src/android/rust-toolchain/out/package/share/doc/rust/LICENSE-APACHE.old
$ cp /buildbot/src/android/rust-toolchain/out/rustc/build/tmp/tarball/rustc/x86_64-pc-windows-gnu/rustc-1.70.0-dev-x86_64-pc-windows-gnu/rustc/share/doc/rust/LICENSE-APACHE /buildbot/src/android/rust-toolchain/out/package/share/doc/rust/LICENSE-APACHE
$ chmod 644 /buildbot/src/android/rust-toolchain/out/package/share/doc/rust/LICENSE-APACHE
$ echo "file:/buildbot/src/android/rust-toolchain/out/package/share/doc/rust/LICENSE-APACHE" >> "/buildbot/src/android/rust-toolchain/out/package/lib/rustlib/manifest-rustc"
$ umask 022 && mkdir -p "/buildbot/src/android/rust-toolchain/out/package/share/doc/rust"
install: copying file /buildbot/src/android/rust-toolchain/out/package/share/doc/rust/LICENSE-MIT
install: backing up existing file at /buildbot/src/android/rust-toolchain/out/package/share/doc/rust/LICENSE-MIT
$ mv -f /buildbot/src/android/rust-toolchain/out/package/share/doc/rust/LICENSE-MIT /buildbot/src/android/rust-toolchain/out/package/share/doc/rust/LICENSE-MIT.old
$ cp /buildbot/src/android/rust-toolchain/out/rustc/build/tmp/tarball/rustc/x86_64-pc-windows-gnu/rustc-1.70.0-dev-x86_64-pc-windows-gnu/rustc/share/doc/rust/LICENSE-MIT /buildbot/src/android/rust-toolchain/out/package/share/doc/rust/LICENSE-MIT
$ chmod 644 /buildbot/src/android/rust-toolchain/out/package/share/doc/rust/LICENSE-MIT
$ echo "file:/buildbot/src/android/rust-toolchain/out/package/share/doc/rust/LICENSE-MIT" >> "/buildbot/src/android/rust-toolchain/out/package/lib/rustlib/manifest-rustc"
$ umask 022 && mkdir -p "/buildbot/src/android/rust-toolchain/out/package/share/doc/rust"
install: copying file /buildbot/src/android/rust-toolchain/out/package/share/doc/rust/README.md
install: backing up existing file at /buildbot/src/android/rust-toolchain/out/package/share/doc/rust/README.md
$ mv -f /buildbot/src/android/rust-toolchain/out/package/share/doc/rust/README.md /buildbot/src/android/rust-toolchain/out/package/share/doc/rust/README.md.old
$ cp /buildbot/src/android/rust-toolchain/out/rustc/build/tmp/tarball/rustc/x86_64-pc-windows-gnu/rustc-1.70.0-dev-x86_64-pc-windows-gnu/rustc/share/doc/rust/README.md /buildbot/src/android/rust-toolchain/out/package/share/doc/rust/README.md
$ chmod 644 /buildbot/src/android/rust-toolchain/out/package/share/doc/rust/README.md
$ echo "file:/buildbot/src/android/rust-toolchain/out/package/share/doc/rust/README.md" >> "/buildbot/src/android/rust-toolchain/out/package/lib/rustlib/manifest-rustc"
$ umask 022 && mkdir -p "/buildbot/src/android/rust-toolchain/out/package/share/man/man1"
install: copying file /buildbot/src/android/rust-toolchain/out/package/share/man/man1/rustc.1
$ cp /buildbot/src/android/rust-toolchain/out/rustc/build/tmp/tarball/rustc/x86_64-pc-windows-gnu/rustc-1.70.0-dev-x86_64-pc-windows-gnu/rustc/share/man/man1/rustc.1 /buildbot/src/android/rust-toolchain/out/package/share/man/man1/rustc.1
$ chmod 644 /buildbot/src/android/rust-toolchain/out/package/share/man/man1/rustc.1
$ echo "file:/buildbot/src/android/rust-toolchain/out/package/share/man/man1/rustc.1" >> "/buildbot/src/android/rust-toolchain/out/package/lib/rustlib/manifest-rustc"
$ umask 022 && mkdir -p "/buildbot/src/android/rust-toolchain/out/package/share/man/man1"
install: copying file /buildbot/src/android/rust-toolchain/out/package/share/man/man1/rustdoc.1
$ cp /buildbot/src/android/rust-toolchain/out/rustc/build/tmp/tarball/rustc/x86_64-pc-windows-gnu/rustc-1.70.0-dev-x86_64-pc-windows-gnu/rustc/share/man/man1/rustdoc.1 /buildbot/src/android/rust-toolchain/out/package/share/man/man1/rustdoc.1
$ chmod 644 /buildbot/src/android/rust-toolchain/out/package/share/man/man1/rustdoc.1
$ echo "file:/buildbot/src/android/rust-toolchain/out/package/share/man/man1/rustdoc.1" >> "/buildbot/src/android/rust-toolchain/out/package/lib/rustlib/manifest-rustc"
