$ umask 022 && mkdir -p "/buildbot/src/android/rust-toolchain/out/package/lib/rustlib"
$ echo "3" > "/buildbot/src/android/rust-toolchain/out/package/lib/rustlib/rust-installer-version"
install: creating uninstall script at /buildbot/src/android/rust-toolchain/out/package/lib/rustlib/uninstall.sh
$ cp /buildbot/src/android/rust-toolchain/out/rustc/build/tmp/tarball/rustc/x86_64-pc-windows-gnu/rustc-1.69.0-dev-x86_64-pc-windows-gnu/install.sh /buildbot/src/android/rust-toolchain/out/package/lib/rustlib/uninstall.sh
install: installing component 'rustc'
$ echo "rustc" >> "/buildbot/src/android/rust-toolchain/out/package/lib/rustlib/components"
$ umask 022 && mkdir -p "/buildbot/src/android/rust-toolchain/out/package/bin"
install: copying file /buildbot/src/android/rust-toolchain/out/package/bin/chalk_derive-f7d8071418ff630c.dll
$ cp /buildbot/src/android/rust-toolchain/out/rustc/build/tmp/tarball/rustc/x86_64-pc-windows-gnu/rustc-1.69.0-dev-x86_64-pc-windows-gnu/rustc/bin/chalk_derive-f7d8071418ff630c.dll /buildbot/src/android/rust-toolchain/out/package/bin/chalk_derive-f7d8071418ff630c.dll
$ chmod 755 /buildbot/src/android/rust-toolchain/out/package/bin/chalk_derive-f7d8071418ff630c.dll
$ echo "file:/buildbot/src/android/rust-toolchain/out/package/bin/chalk_derive-f7d8071418ff630c.dll" >> "/buildbot/src/android/rust-toolchain/out/package/lib/rustlib/manifest-rustc"
$ umask 022 && mkdir -p "/buildbot/src/android/rust-toolchain/out/package/bin"
install: copying file /buildbot/src/android/rust-toolchain/out/package/bin/cstr-62b259303f1df81a.dll
$ cp /buildbot/src/android/rust-toolchain/out/rustc/build/tmp/tarball/rustc/x86_64-pc-windows-gnu/rustc-1.69.0-dev-x86_64-pc-windows-gnu/rustc/bin/cstr-62b259303f1df81a.dll /buildbot/src/android/rust-toolchain/out/package/bin/cstr-62b259303f1df81a.dll
$ chmod 755 /buildbot/src/android/rust-toolchain/out/package/bin/cstr-62b259303f1df81a.dll
$ echo "file:/buildbot/src/android/rust-toolchain/out/package/bin/cstr-62b259303f1df81a.dll" >> "/buildbot/src/android/rust-toolchain/out/package/lib/rustlib/manifest-rustc"
$ umask 022 && mkdir -p "/buildbot/src/android/rust-toolchain/out/package/bin"
install: copying file /buildbot/src/android/rust-toolchain/out/package/bin/derive_more-99c55c78b827e759.dll
$ cp /buildbot/src/android/rust-toolchain/out/rustc/build/tmp/tarball/rustc/x86_64-pc-windows-gnu/rustc-1.69.0-dev-x86_64-pc-windows-gnu/rustc/bin/derive_more-99c55c78b827e759.dll /buildbot/src/android/rust-toolchain/out/package/bin/derive_more-99c55c78b827e759.dll
$ chmod 755 /buildbot/src/android/rust-toolchain/out/package/bin/derive_more-99c55c78b827e759.dll
$ echo "file:/buildbot/src/android/rust-toolchain/out/package/bin/derive_more-99c55c78b827e759.dll" >> "/buildbot/src/android/rust-toolchain/out/package/lib/rustlib/manifest-rustc"
$ umask 022 && mkdir -p "/buildbot/src/android/rust-toolchain/out/package/bin"
install: copying file /buildbot/src/android/rust-toolchain/out/package/bin/displaydoc-74d572f1f6a32369.dll
$ cp /buildbot/src/android/rust-toolchain/out/rustc/build/tmp/tarball/rustc/x86_64-pc-windows-gnu/rustc-1.69.0-dev-x86_64-pc-windows-gnu/rustc/bin/displaydoc-74d572f1f6a32369.dll /buildbot/src/android/rust-toolchain/out/package/bin/displaydoc-74d572f1f6a32369.dll
$ chmod 755 /buildbot/src/android/rust-toolchain/out/package/bin/displaydoc-74d572f1f6a32369.dll
$ echo "file:/buildbot/src/android/rust-toolchain/out/package/bin/displaydoc-74d572f1f6a32369.dll" >> "/buildbot/src/android/rust-toolchain/out/package/lib/rustlib/manifest-rustc"
$ umask 022 && mkdir -p "/buildbot/src/android/rust-toolchain/out/package/bin"
install: copying file /buildbot/src/android/rust-toolchain/out/package/bin/icu_provider_macros-a94a2f701ba7084c.dll
$ cp /buildbot/src/android/rust-toolchain/out/rustc/build/tmp/tarball/rustc/x86_64-pc-windows-gnu/rustc-1.69.0-dev-x86_64-pc-windows-gnu/rustc/bin/icu_provider_macros-a94a2f701ba7084c.dll /buildbot/src/android/rust-toolchain/out/package/bin/icu_provider_macros-a94a2f701ba7084c.dll
$ chmod 755 /buildbot/src/android/rust-toolchain/out/package/bin/icu_provider_macros-a94a2f701ba7084c.dll
$ echo "file:/buildbot/src/android/rust-toolchain/out/package/bin/icu_provider_macros-a94a2f701ba7084c.dll" >> "/buildbot/src/android/rust-toolchain/out/package/lib/rustlib/manifest-rustc"
$ umask 022 && mkdir -p "/buildbot/src/android/rust-toolchain/out/package/bin"
install: copying file /buildbot/src/android/rust-toolchain/out/package/bin/proc_macro_hack-e6927a739cd9d2cf.dll
$ cp /buildbot/src/android/rust-toolchain/out/rustc/build/tmp/tarball/rustc/x86_64-pc-windows-gnu/rustc-1.69.0-dev-x86_64-pc-windows-gnu/rustc/bin/proc_macro_hack-e6927a739cd9d2cf.dll /buildbot/src/android/rust-toolchain/out/package/bin/proc_macro_hack-e6927a739cd9d2cf.dll
$ chmod 755 /buildbot/src/android/rust-toolchain/out/package/bin/proc_macro_hack-e6927a739cd9d2cf.dll
$ echo "file:/buildbot/src/android/rust-toolchain/out/package/bin/proc_macro_hack-e6927a739cd9d2cf.dll" >> "/buildbot/src/android/rust-toolchain/out/package/lib/rustlib/manifest-rustc"
$ umask 022 && mkdir -p "/buildbot/src/android/rust-toolchain/out/package/bin"
install: copying file /buildbot/src/android/rust-toolchain/out/package/bin/rust-gdb
$ cp /buildbot/src/android/rust-toolchain/out/rustc/build/tmp/tarball/rustc/x86_64-pc-windows-gnu/rustc-1.69.0-dev-x86_64-pc-windows-gnu/rustc/bin/rust-gdb /buildbot/src/android/rust-toolchain/out/package/bin/rust-gdb
$ chmod 755 /buildbot/src/android/rust-toolchain/out/package/bin/rust-gdb
$ echo "file:/buildbot/src/android/rust-toolchain/out/package/bin/rust-gdb" >> "/buildbot/src/android/rust-toolchain/out/package/lib/rustlib/manifest-rustc"
$ umask 022 && mkdir -p "/buildbot/src/android/rust-toolchain/out/package/bin"
install: copying file /buildbot/src/android/rust-toolchain/out/package/bin/rust-gdbgui
$ cp /buildbot/src/android/rust-toolchain/out/rustc/build/tmp/tarball/rustc/x86_64-pc-windows-gnu/rustc-1.69.0-dev-x86_64-pc-windows-gnu/rustc/bin/rust-gdbgui /buildbot/src/android/rust-toolchain/out/package/bin/rust-gdbgui
$ chmod 755 /buildbot/src/android/rust-toolchain/out/package/bin/rust-gdbgui
$ echo "file:/buildbot/src/android/rust-toolchain/out/package/bin/rust-gdbgui" >> "/buildbot/src/android/rust-toolchain/out/package/lib/rustlib/manifest-rustc"
$ umask 022 && mkdir -p "/buildbot/src/android/rust-toolchain/out/package/bin"
install: copying file /buildbot/src/android/rust-toolchain/out/package/bin/rust-lldb
$ cp /buildbot/src/android/rust-toolchain/out/rustc/build/tmp/tarball/rustc/x86_64-pc-windows-gnu/rustc-1.69.0-dev-x86_64-pc-windows-gnu/rustc/bin/rust-lldb /buildbot/src/android/rust-toolchain/out/package/bin/rust-lldb
$ chmod 755 /buildbot/src/android/rust-toolchain/out/package/bin/rust-lldb
$ echo "file:/buildbot/src/android/rust-toolchain/out/package/bin/rust-lldb" >> "/buildbot/src/android/rust-toolchain/out/package/lib/rustlib/manifest-rustc"
$ umask 022 && mkdir -p "/buildbot/src/android/rust-toolchain/out/package/bin"
install: copying file /buildbot/src/android/rust-toolchain/out/package/bin/rustc.exe
$ cp /buildbot/src/android/rust-toolchain/out/rustc/build/tmp/tarball/rustc/x86_64-pc-windows-gnu/rustc-1.69.0-dev-x86_64-pc-windows-gnu/rustc/bin/rustc.exe /buildbot/src/android/rust-toolchain/out/package/bin/rustc.exe
$ chmod 755 /buildbot/src/android/rust-toolchain/out/package/bin/rustc.exe
$ echo "file:/buildbot/src/android/rust-toolchain/out/package/bin/rustc.exe" >> "/buildbot/src/android/rust-toolchain/out/package/lib/rustlib/manifest-rustc"
$ umask 022 && mkdir -p "/buildbot/src/android/rust-toolchain/out/package/bin"
install: copying file /buildbot/src/android/rust-toolchain/out/package/bin/rustc_driver-a54e3429403ce04b.dll
$ cp /buildbot/src/android/rust-toolchain/out/rustc/build/tmp/tarball/rustc/x86_64-pc-windows-gnu/rustc-1.69.0-dev-x86_64-pc-windows-gnu/rustc/bin/rustc_driver-a54e3429403ce04b.dll /buildbot/src/android/rust-toolchain/out/package/bin/rustc_driver-a54e3429403ce04b.dll
$ chmod 755 /buildbot/src/android/rust-toolchain/out/package/bin/rustc_driver-a54e3429403ce04b.dll
$ echo "file:/buildbot/src/android/rust-toolchain/out/package/bin/rustc_driver-a54e3429403ce04b.dll" >> "/buildbot/src/android/rust-toolchain/out/package/lib/rustlib/manifest-rustc"
$ umask 022 && mkdir -p "/buildbot/src/android/rust-toolchain/out/package/bin"
install: copying file /buildbot/src/android/rust-toolchain/out/package/bin/rustc_macros-c2eba3fee83c50aa.dll
$ cp /buildbot/src/android/rust-toolchain/out/rustc/build/tmp/tarball/rustc/x86_64-pc-windows-gnu/rustc-1.69.0-dev-x86_64-pc-windows-gnu/rustc/bin/rustc_macros-c2eba3fee83c50aa.dll /buildbot/src/android/rust-toolchain/out/package/bin/rustc_macros-c2eba3fee83c50aa.dll
$ chmod 755 /buildbot/src/android/rust-toolchain/out/package/bin/rustc_macros-c2eba3fee83c50aa.dll
$ echo "file:/buildbot/src/android/rust-toolchain/out/package/bin/rustc_macros-c2eba3fee83c50aa.dll" >> "/buildbot/src/android/rust-toolchain/out/package/lib/rustlib/manifest-rustc"
$ umask 022 && mkdir -p "/buildbot/src/android/rust-toolchain/out/package/bin"
install: copying file /buildbot/src/android/rust-toolchain/out/package/bin/serde_derive-dca6709da905ae81.dll
$ cp /buildbot/src/android/rust-toolchain/out/rustc/build/tmp/tarball/rustc/x86_64-pc-windows-gnu/rustc-1.69.0-dev-x86_64-pc-windows-gnu/rustc/bin/serde_derive-dca6709da905ae81.dll /buildbot/src/android/rust-toolchain/out/package/bin/serde_derive-dca6709da905ae81.dll
$ chmod 755 /buildbot/src/android/rust-toolchain/out/package/bin/serde_derive-dca6709da905ae81.dll
$ echo "file:/buildbot/src/android/rust-toolchain/out/package/bin/serde_derive-dca6709da905ae81.dll" >> "/buildbot/src/android/rust-toolchain/out/package/lib/rustlib/manifest-rustc"
$ umask 022 && mkdir -p "/buildbot/src/android/rust-toolchain/out/package/bin"
install: copying file /buildbot/src/android/rust-toolchain/out/package/bin/std-0c6c1f1b23fbfa99.dll
$ cp /buildbot/src/android/rust-toolchain/out/rustc/build/tmp/tarball/rustc/x86_64-pc-windows-gnu/rustc-1.69.0-dev-x86_64-pc-windows-gnu/rustc/bin/std-0c6c1f1b23fbfa99.dll /buildbot/src/android/rust-toolchain/out/package/bin/std-0c6c1f1b23fbfa99.dll
$ chmod 755 /buildbot/src/android/rust-toolchain/out/package/bin/std-0c6c1f1b23fbfa99.dll
$ echo "file:/buildbot/src/android/rust-toolchain/out/package/bin/std-0c6c1f1b23fbfa99.dll" >> "/buildbot/src/android/rust-toolchain/out/package/lib/rustlib/manifest-rustc"
$ umask 022 && mkdir -p "/buildbot/src/android/rust-toolchain/out/package/bin"
install: copying file /buildbot/src/android/rust-toolchain/out/package/bin/test-e1d7b24896ece757.dll
$ cp /buildbot/src/android/rust-toolchain/out/rustc/build/tmp/tarball/rustc/x86_64-pc-windows-gnu/rustc-1.69.0-dev-x86_64-pc-windows-gnu/rustc/bin/test-e1d7b24896ece757.dll /buildbot/src/android/rust-toolchain/out/package/bin/test-e1d7b24896ece757.dll
$ chmod 755 /buildbot/src/android/rust-toolchain/out/package/bin/test-e1d7b24896ece757.dll
$ echo "file:/buildbot/src/android/rust-toolchain/out/package/bin/test-e1d7b24896ece757.dll" >> "/buildbot/src/android/rust-toolchain/out/package/lib/rustlib/manifest-rustc"
$ umask 022 && mkdir -p "/buildbot/src/android/rust-toolchain/out/package/bin"
install: copying file /buildbot/src/android/rust-toolchain/out/package/bin/thiserror_impl-df1137dad14808bb.dll
$ cp /buildbot/src/android/rust-toolchain/out/rustc/build/tmp/tarball/rustc/x86_64-pc-windows-gnu/rustc-1.69.0-dev-x86_64-pc-windows-gnu/rustc/bin/thiserror_impl-df1137dad14808bb.dll /buildbot/src/android/rust-toolchain/out/package/bin/thiserror_impl-df1137dad14808bb.dll
$ chmod 755 /buildbot/src/android/rust-toolchain/out/package/bin/thiserror_impl-df1137dad14808bb.dll
$ echo "file:/buildbot/src/android/rust-toolchain/out/package/bin/thiserror_impl-df1137dad14808bb.dll" >> "/buildbot/src/android/rust-toolchain/out/package/lib/rustlib/manifest-rustc"
$ umask 022 && mkdir -p "/buildbot/src/android/rust-toolchain/out/package/bin"
install: copying file /buildbot/src/android/rust-toolchain/out/package/bin/tracing_attributes-8f4f38d8fce58a32.dll
$ cp /buildbot/src/android/rust-toolchain/out/rustc/build/tmp/tarball/rustc/x86_64-pc-windows-gnu/rustc-1.69.0-dev-x86_64-pc-windows-gnu/rustc/bin/tracing_attributes-8f4f38d8fce58a32.dll /buildbot/src/android/rust-toolchain/out/package/bin/tracing_attributes-8f4f38d8fce58a32.dll
$ chmod 755 /buildbot/src/android/rust-toolchain/out/package/bin/tracing_attributes-8f4f38d8fce58a32.dll
$ echo "file:/buildbot/src/android/rust-toolchain/out/package/bin/tracing_attributes-8f4f38d8fce58a32.dll" >> "/buildbot/src/android/rust-toolchain/out/package/lib/rustlib/manifest-rustc"
$ umask 022 && mkdir -p "/buildbot/src/android/rust-toolchain/out/package/bin"
install: copying file /buildbot/src/android/rust-toolchain/out/package/bin/unic_langid_macros_impl-2e6b643f3a7a9c03.dll
$ cp /buildbot/src/android/rust-toolchain/out/rustc/build/tmp/tarball/rustc/x86_64-pc-windows-gnu/rustc-1.69.0-dev-x86_64-pc-windows-gnu/rustc/bin/unic_langid_macros_impl-2e6b643f3a7a9c03.dll /buildbot/src/android/rust-toolchain/out/package/bin/unic_langid_macros_impl-2e6b643f3a7a9c03.dll
$ chmod 755 /buildbot/src/android/rust-toolchain/out/package/bin/unic_langid_macros_impl-2e6b643f3a7a9c03.dll
$ echo "file:/buildbot/src/android/rust-toolchain/out/package/bin/unic_langid_macros_impl-2e6b643f3a7a9c03.dll" >> "/buildbot/src/android/rust-toolchain/out/package/lib/rustlib/manifest-rustc"
$ umask 022 && mkdir -p "/buildbot/src/android/rust-toolchain/out/package/bin"
install: copying file /buildbot/src/android/rust-toolchain/out/package/bin/yoke_derive-82429a7ebe81bbd8.dll
$ cp /buildbot/src/android/rust-toolchain/out/rustc/build/tmp/tarball/rustc/x86_64-pc-windows-gnu/rustc-1.69.0-dev-x86_64-pc-windows-gnu/rustc/bin/yoke_derive-82429a7ebe81bbd8.dll /buildbot/src/android/rust-toolchain/out/package/bin/yoke_derive-82429a7ebe81bbd8.dll
$ chmod 755 /buildbot/src/android/rust-toolchain/out/package/bin/yoke_derive-82429a7ebe81bbd8.dll
$ echo "file:/buildbot/src/android/rust-toolchain/out/package/bin/yoke_derive-82429a7ebe81bbd8.dll" >> "/buildbot/src/android/rust-toolchain/out/package/lib/rustlib/manifest-rustc"
$ umask 022 && mkdir -p "/buildbot/src/android/rust-toolchain/out/package/bin"
install: copying file /buildbot/src/android/rust-toolchain/out/package/bin/zerofrom_derive-084bb8fe9ca14616.dll
$ cp /buildbot/src/android/rust-toolchain/out/rustc/build/tmp/tarball/rustc/x86_64-pc-windows-gnu/rustc-1.69.0-dev-x86_64-pc-windows-gnu/rustc/bin/zerofrom_derive-084bb8fe9ca14616.dll /buildbot/src/android/rust-toolchain/out/package/bin/zerofrom_derive-084bb8fe9ca14616.dll
$ chmod 755 /buildbot/src/android/rust-toolchain/out/package/bin/zerofrom_derive-084bb8fe9ca14616.dll
$ echo "file:/buildbot/src/android/rust-toolchain/out/package/bin/zerofrom_derive-084bb8fe9ca14616.dll" >> "/buildbot/src/android/rust-toolchain/out/package/lib/rustlib/manifest-rustc"
$ umask 022 && mkdir -p "/buildbot/src/android/rust-toolchain/out/package/bin"
install: copying file /buildbot/src/android/rust-toolchain/out/package/bin/zerovec_derive-b2594daa86218186.dll
$ cp /buildbot/src/android/rust-toolchain/out/rustc/build/tmp/tarball/rustc/x86_64-pc-windows-gnu/rustc-1.69.0-dev-x86_64-pc-windows-gnu/rustc/bin/zerovec_derive-b2594daa86218186.dll /buildbot/src/android/rust-toolchain/out/package/bin/zerovec_derive-b2594daa86218186.dll
$ chmod 755 /buildbot/src/android/rust-toolchain/out/package/bin/zerovec_derive-b2594daa86218186.dll
$ echo "file:/buildbot/src/android/rust-toolchain/out/package/bin/zerovec_derive-b2594daa86218186.dll" >> "/buildbot/src/android/rust-toolchain/out/package/lib/rustlib/manifest-rustc"
$ umask 022 && mkdir -p "/buildbot/src/android/rust-toolchain/out/package/lib/rustlib/etc"
install: copying file /buildbot/src/android/rust-toolchain/out/package/lib/rustlib/etc/gdb_load_rust_pretty_printers.py
$ cp /buildbot/src/android/rust-toolchain/out/rustc/build/tmp/tarball/rustc/x86_64-pc-windows-gnu/rustc-1.69.0-dev-x86_64-pc-windows-gnu/rustc/lib/rustlib/etc/gdb_load_rust_pretty_printers.py /buildbot/src/android/rust-toolchain/out/package/lib/rustlib/etc/gdb_load_rust_pretty_printers.py
$ chmod 644 /buildbot/src/android/rust-toolchain/out/package/lib/rustlib/etc/gdb_load_rust_pretty_printers.py
$ echo "file:/buildbot/src/android/rust-toolchain/out/package/lib/rustlib/etc/gdb_load_rust_pretty_printers.py" >> "/buildbot/src/android/rust-toolchain/out/package/lib/rustlib/manifest-rustc"
$ umask 022 && mkdir -p "/buildbot/src/android/rust-toolchain/out/package/lib/rustlib/etc"
install: copying file /buildbot/src/android/rust-toolchain/out/package/lib/rustlib/etc/gdb_lookup.py
$ cp /buildbot/src/android/rust-toolchain/out/rustc/build/tmp/tarball/rustc/x86_64-pc-windows-gnu/rustc-1.69.0-dev-x86_64-pc-windows-gnu/rustc/lib/rustlib/etc/gdb_lookup.py /buildbot/src/android/rust-toolchain/out/package/lib/rustlib/etc/gdb_lookup.py
$ chmod 644 /buildbot/src/android/rust-toolchain/out/package/lib/rustlib/etc/gdb_lookup.py
$ echo "file:/buildbot/src/android/rust-toolchain/out/package/lib/rustlib/etc/gdb_lookup.py" >> "/buildbot/src/android/rust-toolchain/out/package/lib/rustlib/manifest-rustc"
$ umask 022 && mkdir -p "/buildbot/src/android/rust-toolchain/out/package/lib/rustlib/etc"
install: copying file /buildbot/src/android/rust-toolchain/out/package/lib/rustlib/etc/gdb_providers.py
$ cp /buildbot/src/android/rust-toolchain/out/rustc/build/tmp/tarball/rustc/x86_64-pc-windows-gnu/rustc-1.69.0-dev-x86_64-pc-windows-gnu/rustc/lib/rustlib/etc/gdb_providers.py /buildbot/src/android/rust-toolchain/out/package/lib/rustlib/etc/gdb_providers.py
$ chmod 644 /buildbot/src/android/rust-toolchain/out/package/lib/rustlib/etc/gdb_providers.py
$ echo "file:/buildbot/src/android/rust-toolchain/out/package/lib/rustlib/etc/gdb_providers.py" >> "/buildbot/src/android/rust-toolchain/out/package/lib/rustlib/manifest-rustc"
$ umask 022 && mkdir -p "/buildbot/src/android/rust-toolchain/out/package/lib/rustlib/etc"
install: copying file /buildbot/src/android/rust-toolchain/out/package/lib/rustlib/etc/lldb_commands
$ cp /buildbot/src/android/rust-toolchain/out/rustc/build/tmp/tarball/rustc/x86_64-pc-windows-gnu/rustc-1.69.0-dev-x86_64-pc-windows-gnu/rustc/lib/rustlib/etc/lldb_commands /buildbot/src/android/rust-toolchain/out/package/lib/rustlib/etc/lldb_commands
$ chmod 644 /buildbot/src/android/rust-toolchain/out/package/lib/rustlib/etc/lldb_commands
$ echo "file:/buildbot/src/android/rust-toolchain/out/package/lib/rustlib/etc/lldb_commands" >> "/buildbot/src/android/rust-toolchain/out/package/lib/rustlib/manifest-rustc"
$ umask 022 && mkdir -p "/buildbot/src/android/rust-toolchain/out/package/lib/rustlib/etc"
install: copying file /buildbot/src/android/rust-toolchain/out/package/lib/rustlib/etc/lldb_lookup.py
$ cp /buildbot/src/android/rust-toolchain/out/rustc/build/tmp/tarball/rustc/x86_64-pc-windows-gnu/rustc-1.69.0-dev-x86_64-pc-windows-gnu/rustc/lib/rustlib/etc/lldb_lookup.py /buildbot/src/android/rust-toolchain/out/package/lib/rustlib/etc/lldb_lookup.py
$ chmod 644 /buildbot/src/android/rust-toolchain/out/package/lib/rustlib/etc/lldb_lookup.py
$ echo "file:/buildbot/src/android/rust-toolchain/out/package/lib/rustlib/etc/lldb_lookup.py" >> "/buildbot/src/android/rust-toolchain/out/package/lib/rustlib/manifest-rustc"
$ umask 022 && mkdir -p "/buildbot/src/android/rust-toolchain/out/package/lib/rustlib/etc"
install: copying file /buildbot/src/android/rust-toolchain/out/package/lib/rustlib/etc/lldb_providers.py
$ cp /buildbot/src/android/rust-toolchain/out/rustc/build/tmp/tarball/rustc/x86_64-pc-windows-gnu/rustc-1.69.0-dev-x86_64-pc-windows-gnu/rustc/lib/rustlib/etc/lldb_providers.py /buildbot/src/android/rust-toolchain/out/package/lib/rustlib/etc/lldb_providers.py
$ chmod 644 /buildbot/src/android/rust-toolchain/out/package/lib/rustlib/etc/lldb_providers.py
$ echo "file:/buildbot/src/android/rust-toolchain/out/package/lib/rustlib/etc/lldb_providers.py" >> "/buildbot/src/android/rust-toolchain/out/package/lib/rustlib/manifest-rustc"
$ umask 022 && mkdir -p "/buildbot/src/android/rust-toolchain/out/package/lib/rustlib/etc"
install: copying file /buildbot/src/android/rust-toolchain/out/package/lib/rustlib/etc/rust_types.py
$ cp /buildbot/src/android/rust-toolchain/out/rustc/build/tmp/tarball/rustc/x86_64-pc-windows-gnu/rustc-1.69.0-dev-x86_64-pc-windows-gnu/rustc/lib/rustlib/etc/rust_types.py /buildbot/src/android/rust-toolchain/out/package/lib/rustlib/etc/rust_types.py
$ chmod 644 /buildbot/src/android/rust-toolchain/out/package/lib/rustlib/etc/rust_types.py
$ echo "file:/buildbot/src/android/rust-toolchain/out/package/lib/rustlib/etc/rust_types.py" >> "/buildbot/src/android/rust-toolchain/out/package/lib/rustlib/manifest-rustc"
$ umask 022 && mkdir -p "/buildbot/src/android/rust-toolchain/out/package/libexec"
install: copying file /buildbot/src/android/rust-toolchain/out/package/libexec/rust-analyzer-proc-macro-srv.exe
$ cp /buildbot/src/android/rust-toolchain/out/rustc/build/tmp/tarball/rustc/x86_64-pc-windows-gnu/rustc-1.69.0-dev-x86_64-pc-windows-gnu/rustc/libexec/rust-analyzer-proc-macro-srv.exe /buildbot/src/android/rust-toolchain/out/package/libexec/rust-analyzer-proc-macro-srv.exe
$ chmod 755 /buildbot/src/android/rust-toolchain/out/package/libexec/rust-analyzer-proc-macro-srv.exe
$ echo "file:/buildbot/src/android/rust-toolchain/out/package/libexec/rust-analyzer-proc-macro-srv.exe" >> "/buildbot/src/android/rust-toolchain/out/package/lib/rustlib/manifest-rustc"
$ umask 022 && mkdir -p "/buildbot/src/android/rust-toolchain/out/package/share/doc/rust"
install: copying file /buildbot/src/android/rust-toolchain/out/package/share/doc/rust/COPYRIGHT
$ cp /buildbot/src/android/rust-toolchain/out/rustc/build/tmp/tarball/rustc/x86_64-pc-windows-gnu/rustc-1.69.0-dev-x86_64-pc-windows-gnu/rustc/share/doc/rust/COPYRIGHT /buildbot/src/android/rust-toolchain/out/package/share/doc/rust/COPYRIGHT
$ chmod 644 /buildbot/src/android/rust-toolchain/out/package/share/doc/rust/COPYRIGHT
$ echo "file:/buildbot/src/android/rust-toolchain/out/package/share/doc/rust/COPYRIGHT" >> "/buildbot/src/android/rust-toolchain/out/package/lib/rustlib/manifest-rustc"
$ umask 022 && mkdir -p "/buildbot/src/android/rust-toolchain/out/package/share/doc/rust"
install: copying file /buildbot/src/android/rust-toolchain/out/package/share/doc/rust/LICENSE-APACHE
install: backing up existing file at /buildbot/src/android/rust-toolchain/out/package/share/doc/rust/LICENSE-APACHE
$ mv -f /buildbot/src/android/rust-toolchain/out/package/share/doc/rust/LICENSE-APACHE /buildbot/src/android/rust-toolchain/out/package/share/doc/rust/LICENSE-APACHE.old
$ cp /buildbot/src/android/rust-toolchain/out/rustc/build/tmp/tarball/rustc/x86_64-pc-windows-gnu/rustc-1.69.0-dev-x86_64-pc-windows-gnu/rustc/share/doc/rust/LICENSE-APACHE /buildbot/src/android/rust-toolchain/out/package/share/doc/rust/LICENSE-APACHE
$ chmod 644 /buildbot/src/android/rust-toolchain/out/package/share/doc/rust/LICENSE-APACHE
$ echo "file:/buildbot/src/android/rust-toolchain/out/package/share/doc/rust/LICENSE-APACHE" >> "/buildbot/src/android/rust-toolchain/out/package/lib/rustlib/manifest-rustc"
$ umask 022 && mkdir -p "/buildbot/src/android/rust-toolchain/out/package/share/doc/rust"
install: copying file /buildbot/src/android/rust-toolchain/out/package/share/doc/rust/LICENSE-MIT
install: backing up existing file at /buildbot/src/android/rust-toolchain/out/package/share/doc/rust/LICENSE-MIT
$ mv -f /buildbot/src/android/rust-toolchain/out/package/share/doc/rust/LICENSE-MIT /buildbot/src/android/rust-toolchain/out/package/share/doc/rust/LICENSE-MIT.old
$ cp /buildbot/src/android/rust-toolchain/out/rustc/build/tmp/tarball/rustc/x86_64-pc-windows-gnu/rustc-1.69.0-dev-x86_64-pc-windows-gnu/rustc/share/doc/rust/LICENSE-MIT /buildbot/src/android/rust-toolchain/out/package/share/doc/rust/LICENSE-MIT
$ chmod 644 /buildbot/src/android/rust-toolchain/out/package/share/doc/rust/LICENSE-MIT
$ echo "file:/buildbot/src/android/rust-toolchain/out/package/share/doc/rust/LICENSE-MIT" >> "/buildbot/src/android/rust-toolchain/out/package/lib/rustlib/manifest-rustc"
$ umask 022 && mkdir -p "/buildbot/src/android/rust-toolchain/out/package/share/doc/rust"
install: copying file /buildbot/src/android/rust-toolchain/out/package/share/doc/rust/README.md
install: backing up existing file at /buildbot/src/android/rust-toolchain/out/package/share/doc/rust/README.md
$ mv -f /buildbot/src/android/rust-toolchain/out/package/share/doc/rust/README.md /buildbot/src/android/rust-toolchain/out/package/share/doc/rust/README.md.old
$ cp /buildbot/src/android/rust-toolchain/out/rustc/build/tmp/tarball/rustc/x86_64-pc-windows-gnu/rustc-1.69.0-dev-x86_64-pc-windows-gnu/rustc/share/doc/rust/README.md /buildbot/src/android/rust-toolchain/out/package/share/doc/rust/README.md
$ chmod 644 /buildbot/src/android/rust-toolchain/out/package/share/doc/rust/README.md
$ echo "file:/buildbot/src/android/rust-toolchain/out/package/share/doc/rust/README.md" >> "/buildbot/src/android/rust-toolchain/out/package/lib/rustlib/manifest-rustc"
$ umask 022 && mkdir -p "/buildbot/src/android/rust-toolchain/out/package/share/man/man1"
install: copying file /buildbot/src/android/rust-toolchain/out/package/share/man/man1/rustc.1
$ cp /buildbot/src/android/rust-toolchain/out/rustc/build/tmp/tarball/rustc/x86_64-pc-windows-gnu/rustc-1.69.0-dev-x86_64-pc-windows-gnu/rustc/share/man/man1/rustc.1 /buildbot/src/android/rust-toolchain/out/package/share/man/man1/rustc.1
$ chmod 644 /buildbot/src/android/rust-toolchain/out/package/share/man/man1/rustc.1
$ echo "file:/buildbot/src/android/rust-toolchain/out/package/share/man/man1/rustc.1" >> "/buildbot/src/android/rust-toolchain/out/package/lib/rustlib/manifest-rustc"
$ umask 022 && mkdir -p "/buildbot/src/android/rust-toolchain/out/package/share/man/man1"
install: copying file /buildbot/src/android/rust-toolchain/out/package/share/man/man1/rustdoc.1
$ cp /buildbot/src/android/rust-toolchain/out/rustc/build/tmp/tarball/rustc/x86_64-pc-windows-gnu/rustc-1.69.0-dev-x86_64-pc-windows-gnu/rustc/share/man/man1/rustdoc.1 /buildbot/src/android/rust-toolchain/out/package/share/man/man1/rustdoc.1
$ chmod 644 /buildbot/src/android/rust-toolchain/out/package/share/man/man1/rustdoc.1
$ echo "file:/buildbot/src/android/rust-toolchain/out/package/share/man/man1/rustdoc.1" >> "/buildbot/src/android/rust-toolchain/out/package/lib/rustlib/manifest-rustc"
