$ umask 022 && mkdir -p "/buildbot/src/android/rust-toolchain/out/package/lib/rustlib"
$ echo "3" > "/buildbot/src/android/rust-toolchain/out/package/lib/rustlib/rust-installer-version"
install: creating uninstall script at /buildbot/src/android/rust-toolchain/out/package/lib/rustlib/uninstall.sh
$ cp /buildbot/src/android/rust-toolchain/out/rustc/build/tmp/tarball/rustc/x86_64-unknown-linux-musl/rustc-1.71.0-dev-x86_64-unknown-linux-musl/install.sh /buildbot/src/android/rust-toolchain/out/package/lib/rustlib/uninstall.sh
install: installing component 'rustc'
$ echo "rustc" >> "/buildbot/src/android/rust-toolchain/out/package/lib/rustlib/components"
$ umask 022 && mkdir -p "/buildbot/src/android/rust-toolchain/out/package/bin"
install: copying file /buildbot/src/android/rust-toolchain/out/package/bin/rust-gdb
$ cp /buildbot/src/android/rust-toolchain/out/rustc/build/tmp/tarball/rustc/x86_64-unknown-linux-musl/rustc-1.71.0-dev-x86_64-unknown-linux-musl/rustc/bin/rust-gdb /buildbot/src/android/rust-toolchain/out/package/bin/rust-gdb
$ chmod 755 /buildbot/src/android/rust-toolchain/out/package/bin/rust-gdb
$ echo "file:/buildbot/src/android/rust-toolchain/out/package/bin/rust-gdb" >> "/buildbot/src/android/rust-toolchain/out/package/lib/rustlib/manifest-rustc"
$ umask 022 && mkdir -p "/buildbot/src/android/rust-toolchain/out/package/bin"
install: copying file /buildbot/src/android/rust-toolchain/out/package/bin/rust-gdbgui
$ cp /buildbot/src/android/rust-toolchain/out/rustc/build/tmp/tarball/rustc/x86_64-unknown-linux-musl/rustc-1.71.0-dev-x86_64-unknown-linux-musl/rustc/bin/rust-gdbgui /buildbot/src/android/rust-toolchain/out/package/bin/rust-gdbgui
$ chmod 755 /buildbot/src/android/rust-toolchain/out/package/bin/rust-gdbgui
$ echo "file:/buildbot/src/android/rust-toolchain/out/package/bin/rust-gdbgui" >> "/buildbot/src/android/rust-toolchain/out/package/lib/rustlib/manifest-rustc"
$ umask 022 && mkdir -p "/buildbot/src/android/rust-toolchain/out/package/bin"
install: copying file /buildbot/src/android/rust-toolchain/out/package/bin/rust-lldb
$ cp /buildbot/src/android/rust-toolchain/out/rustc/build/tmp/tarball/rustc/x86_64-unknown-linux-musl/rustc-1.71.0-dev-x86_64-unknown-linux-musl/rustc/bin/rust-lldb /buildbot/src/android/rust-toolchain/out/package/bin/rust-lldb
$ chmod 755 /buildbot/src/android/rust-toolchain/out/package/bin/rust-lldb
$ echo "file:/buildbot/src/android/rust-toolchain/out/package/bin/rust-lldb" >> "/buildbot/src/android/rust-toolchain/out/package/lib/rustlib/manifest-rustc"
$ umask 022 && mkdir -p "/buildbot/src/android/rust-toolchain/out/package/bin"
install: copying file /buildbot/src/android/rust-toolchain/out/package/bin/rustc
$ cp /buildbot/src/android/rust-toolchain/out/rustc/build/tmp/tarball/rustc/x86_64-unknown-linux-musl/rustc-1.71.0-dev-x86_64-unknown-linux-musl/rustc/bin/rustc /buildbot/src/android/rust-toolchain/out/package/bin/rustc
$ chmod 755 /buildbot/src/android/rust-toolchain/out/package/bin/rustc
$ echo "file:/buildbot/src/android/rust-toolchain/out/package/bin/rustc" >> "/buildbot/src/android/rust-toolchain/out/package/lib/rustlib/manifest-rustc"
$ umask 022 && mkdir -p "/buildbot/src/android/rust-toolchain/out/package/bin"
install: copying file /buildbot/src/android/rust-toolchain/out/package/bin/rustdoc
$ cp /buildbot/src/android/rust-toolchain/out/rustc/build/tmp/tarball/rustc/x86_64-unknown-linux-musl/rustc-1.71.0-dev-x86_64-unknown-linux-musl/rustc/bin/rustdoc /buildbot/src/android/rust-toolchain/out/package/bin/rustdoc
$ chmod 755 /buildbot/src/android/rust-toolchain/out/package/bin/rustdoc
$ echo "file:/buildbot/src/android/rust-toolchain/out/package/bin/rustdoc" >> "/buildbot/src/android/rust-toolchain/out/package/lib/rustlib/manifest-rustc"
$ umask 022 && mkdir -p "/buildbot/src/android/rust-toolchain/out/package/lib"
install: copying file /buildbot/src/android/rust-toolchain/out/package/lib/libLLVM-16.so
$ cp /buildbot/src/android/rust-toolchain/out/rustc/build/tmp/tarball/rustc/x86_64-unknown-linux-musl/rustc-1.71.0-dev-x86_64-unknown-linux-musl/rustc/lib/libLLVM-16.so /buildbot/src/android/rust-toolchain/out/package/lib/libLLVM-16.so
$ chmod 644 /buildbot/src/android/rust-toolchain/out/package/lib/libLLVM-16.so
$ echo "file:/buildbot/src/android/rust-toolchain/out/package/lib/libLLVM-16.so" >> "/buildbot/src/android/rust-toolchain/out/package/lib/rustlib/manifest-rustc"
$ umask 022 && mkdir -p "/buildbot/src/android/rust-toolchain/out/package/lib"
install: copying file /buildbot/src/android/rust-toolchain/out/package/lib/libchalk_derive-36761267ce6d4ac3.so
$ cp /buildbot/src/android/rust-toolchain/out/rustc/build/tmp/tarball/rustc/x86_64-unknown-linux-musl/rustc-1.71.0-dev-x86_64-unknown-linux-musl/rustc/lib/libchalk_derive-36761267ce6d4ac3.so /buildbot/src/android/rust-toolchain/out/package/lib/libchalk_derive-36761267ce6d4ac3.so
$ chmod 644 /buildbot/src/android/rust-toolchain/out/package/lib/libchalk_derive-36761267ce6d4ac3.so
$ echo "file:/buildbot/src/android/rust-toolchain/out/package/lib/libchalk_derive-36761267ce6d4ac3.so" >> "/buildbot/src/android/rust-toolchain/out/package/lib/rustlib/manifest-rustc"
$ umask 022 && mkdir -p "/buildbot/src/android/rust-toolchain/out/package/lib"
install: copying file /buildbot/src/android/rust-toolchain/out/package/lib/libcstr-2bc41db4556c12bf.so
$ cp /buildbot/src/android/rust-toolchain/out/rustc/build/tmp/tarball/rustc/x86_64-unknown-linux-musl/rustc-1.71.0-dev-x86_64-unknown-linux-musl/rustc/lib/libcstr-2bc41db4556c12bf.so /buildbot/src/android/rust-toolchain/out/package/lib/libcstr-2bc41db4556c12bf.so
$ chmod 644 /buildbot/src/android/rust-toolchain/out/package/lib/libcstr-2bc41db4556c12bf.so
$ echo "file:/buildbot/src/android/rust-toolchain/out/package/lib/libcstr-2bc41db4556c12bf.so" >> "/buildbot/src/android/rust-toolchain/out/package/lib/rustlib/manifest-rustc"
$ umask 022 && mkdir -p "/buildbot/src/android/rust-toolchain/out/package/lib"
install: copying file /buildbot/src/android/rust-toolchain/out/package/lib/libderive_more-e6533a7c216f7022.so
$ cp /buildbot/src/android/rust-toolchain/out/rustc/build/tmp/tarball/rustc/x86_64-unknown-linux-musl/rustc-1.71.0-dev-x86_64-unknown-linux-musl/rustc/lib/libderive_more-e6533a7c216f7022.so /buildbot/src/android/rust-toolchain/out/package/lib/libderive_more-e6533a7c216f7022.so
$ chmod 644 /buildbot/src/android/rust-toolchain/out/package/lib/libderive_more-e6533a7c216f7022.so
$ echo "file:/buildbot/src/android/rust-toolchain/out/package/lib/libderive_more-e6533a7c216f7022.so" >> "/buildbot/src/android/rust-toolchain/out/package/lib/rustlib/manifest-rustc"
$ umask 022 && mkdir -p "/buildbot/src/android/rust-toolchain/out/package/lib"
install: copying file /buildbot/src/android/rust-toolchain/out/package/lib/libdisplaydoc-c5489d874e22cb2d.so
$ cp /buildbot/src/android/rust-toolchain/out/rustc/build/tmp/tarball/rustc/x86_64-unknown-linux-musl/rustc-1.71.0-dev-x86_64-unknown-linux-musl/rustc/lib/libdisplaydoc-c5489d874e22cb2d.so /buildbot/src/android/rust-toolchain/out/package/lib/libdisplaydoc-c5489d874e22cb2d.so
$ chmod 644 /buildbot/src/android/rust-toolchain/out/package/lib/libdisplaydoc-c5489d874e22cb2d.so
$ echo "file:/buildbot/src/android/rust-toolchain/out/package/lib/libdisplaydoc-c5489d874e22cb2d.so" >> "/buildbot/src/android/rust-toolchain/out/package/lib/rustlib/manifest-rustc"
$ umask 022 && mkdir -p "/buildbot/src/android/rust-toolchain/out/package/lib"
install: copying file /buildbot/src/android/rust-toolchain/out/package/lib/libicu_provider_macros-a3ea0301f47aa9be.so
$ cp /buildbot/src/android/rust-toolchain/out/rustc/build/tmp/tarball/rustc/x86_64-unknown-linux-musl/rustc-1.71.0-dev-x86_64-unknown-linux-musl/rustc/lib/libicu_provider_macros-a3ea0301f47aa9be.so /buildbot/src/android/rust-toolchain/out/package/lib/libicu_provider_macros-a3ea0301f47aa9be.so
$ chmod 644 /buildbot/src/android/rust-toolchain/out/package/lib/libicu_provider_macros-a3ea0301f47aa9be.so
$ echo "file:/buildbot/src/android/rust-toolchain/out/package/lib/libicu_provider_macros-a3ea0301f47aa9be.so" >> "/buildbot/src/android/rust-toolchain/out/package/lib/rustlib/manifest-rustc"
$ umask 022 && mkdir -p "/buildbot/src/android/rust-toolchain/out/package/lib"
install: copying file /buildbot/src/android/rust-toolchain/out/package/lib/libproc_macro_hack-127f168ea9de18fd.so
$ cp /buildbot/src/android/rust-toolchain/out/rustc/build/tmp/tarball/rustc/x86_64-unknown-linux-musl/rustc-1.71.0-dev-x86_64-unknown-linux-musl/rustc/lib/libproc_macro_hack-127f168ea9de18fd.so /buildbot/src/android/rust-toolchain/out/package/lib/libproc_macro_hack-127f168ea9de18fd.so
$ chmod 644 /buildbot/src/android/rust-toolchain/out/package/lib/libproc_macro_hack-127f168ea9de18fd.so
$ echo "file:/buildbot/src/android/rust-toolchain/out/package/lib/libproc_macro_hack-127f168ea9de18fd.so" >> "/buildbot/src/android/rust-toolchain/out/package/lib/rustlib/manifest-rustc"
$ umask 022 && mkdir -p "/buildbot/src/android/rust-toolchain/out/package/lib"
install: copying file /buildbot/src/android/rust-toolchain/out/package/lib/librustc_driver-2bd72ef29229048d.so
$ cp /buildbot/src/android/rust-toolchain/out/rustc/build/tmp/tarball/rustc/x86_64-unknown-linux-musl/rustc-1.71.0-dev-x86_64-unknown-linux-musl/rustc/lib/librustc_driver-2bd72ef29229048d.so /buildbot/src/android/rust-toolchain/out/package/lib/librustc_driver-2bd72ef29229048d.so
$ chmod 644 /buildbot/src/android/rust-toolchain/out/package/lib/librustc_driver-2bd72ef29229048d.so
$ echo "file:/buildbot/src/android/rust-toolchain/out/package/lib/librustc_driver-2bd72ef29229048d.so" >> "/buildbot/src/android/rust-toolchain/out/package/lib/rustlib/manifest-rustc"
$ umask 022 && mkdir -p "/buildbot/src/android/rust-toolchain/out/package/lib"
install: copying file /buildbot/src/android/rust-toolchain/out/package/lib/librustc_fluent_macro-2b6fe904de8f0f9d.so
$ cp /buildbot/src/android/rust-toolchain/out/rustc/build/tmp/tarball/rustc/x86_64-unknown-linux-musl/rustc-1.71.0-dev-x86_64-unknown-linux-musl/rustc/lib/librustc_fluent_macro-2b6fe904de8f0f9d.so /buildbot/src/android/rust-toolchain/out/package/lib/librustc_fluent_macro-2b6fe904de8f0f9d.so
$ chmod 644 /buildbot/src/android/rust-toolchain/out/package/lib/librustc_fluent_macro-2b6fe904de8f0f9d.so
$ echo "file:/buildbot/src/android/rust-toolchain/out/package/lib/librustc_fluent_macro-2b6fe904de8f0f9d.so" >> "/buildbot/src/android/rust-toolchain/out/package/lib/rustlib/manifest-rustc"
$ umask 022 && mkdir -p "/buildbot/src/android/rust-toolchain/out/package/lib"
install: copying file /buildbot/src/android/rust-toolchain/out/package/lib/librustc_macros-71e59af283b79bc2.so
$ cp /buildbot/src/android/rust-toolchain/out/rustc/build/tmp/tarball/rustc/x86_64-unknown-linux-musl/rustc-1.71.0-dev-x86_64-unknown-linux-musl/rustc/lib/librustc_macros-71e59af283b79bc2.so /buildbot/src/android/rust-toolchain/out/package/lib/librustc_macros-71e59af283b79bc2.so
$ chmod 644 /buildbot/src/android/rust-toolchain/out/package/lib/librustc_macros-71e59af283b79bc2.so
$ echo "file:/buildbot/src/android/rust-toolchain/out/package/lib/librustc_macros-71e59af283b79bc2.so" >> "/buildbot/src/android/rust-toolchain/out/package/lib/rustlib/manifest-rustc"
$ umask 022 && mkdir -p "/buildbot/src/android/rust-toolchain/out/package/lib"
install: copying file /buildbot/src/android/rust-toolchain/out/package/lib/libserde_derive-d772a5f0e87be45b.so
$ cp /buildbot/src/android/rust-toolchain/out/rustc/build/tmp/tarball/rustc/x86_64-unknown-linux-musl/rustc-1.71.0-dev-x86_64-unknown-linux-musl/rustc/lib/libserde_derive-d772a5f0e87be45b.so /buildbot/src/android/rust-toolchain/out/package/lib/libserde_derive-d772a5f0e87be45b.so
$ chmod 644 /buildbot/src/android/rust-toolchain/out/package/lib/libserde_derive-d772a5f0e87be45b.so
$ echo "file:/buildbot/src/android/rust-toolchain/out/package/lib/libserde_derive-d772a5f0e87be45b.so" >> "/buildbot/src/android/rust-toolchain/out/package/lib/rustlib/manifest-rustc"
$ umask 022 && mkdir -p "/buildbot/src/android/rust-toolchain/out/package/lib"
install: copying file /buildbot/src/android/rust-toolchain/out/package/lib/libstd-9deb4ac8cc622c2b.so
$ cp /buildbot/src/android/rust-toolchain/out/rustc/build/tmp/tarball/rustc/x86_64-unknown-linux-musl/rustc-1.71.0-dev-x86_64-unknown-linux-musl/rustc/lib/libstd-9deb4ac8cc622c2b.so /buildbot/src/android/rust-toolchain/out/package/lib/libstd-9deb4ac8cc622c2b.so
$ chmod 644 /buildbot/src/android/rust-toolchain/out/package/lib/libstd-9deb4ac8cc622c2b.so
$ echo "file:/buildbot/src/android/rust-toolchain/out/package/lib/libstd-9deb4ac8cc622c2b.so" >> "/buildbot/src/android/rust-toolchain/out/package/lib/rustlib/manifest-rustc"
$ umask 022 && mkdir -p "/buildbot/src/android/rust-toolchain/out/package/lib"
install: copying file /buildbot/src/android/rust-toolchain/out/package/lib/libtest-8e0a0174b33c5dd6.so
$ cp /buildbot/src/android/rust-toolchain/out/rustc/build/tmp/tarball/rustc/x86_64-unknown-linux-musl/rustc-1.71.0-dev-x86_64-unknown-linux-musl/rustc/lib/libtest-8e0a0174b33c5dd6.so /buildbot/src/android/rust-toolchain/out/package/lib/libtest-8e0a0174b33c5dd6.so
$ chmod 644 /buildbot/src/android/rust-toolchain/out/package/lib/libtest-8e0a0174b33c5dd6.so
$ echo "file:/buildbot/src/android/rust-toolchain/out/package/lib/libtest-8e0a0174b33c5dd6.so" >> "/buildbot/src/android/rust-toolchain/out/package/lib/rustlib/manifest-rustc"
$ umask 022 && mkdir -p "/buildbot/src/android/rust-toolchain/out/package/lib"
install: copying file /buildbot/src/android/rust-toolchain/out/package/lib/libthiserror_impl-a327deebea5619ce.so
$ cp /buildbot/src/android/rust-toolchain/out/rustc/build/tmp/tarball/rustc/x86_64-unknown-linux-musl/rustc-1.71.0-dev-x86_64-unknown-linux-musl/rustc/lib/libthiserror_impl-a327deebea5619ce.so /buildbot/src/android/rust-toolchain/out/package/lib/libthiserror_impl-a327deebea5619ce.so
$ chmod 644 /buildbot/src/android/rust-toolchain/out/package/lib/libthiserror_impl-a327deebea5619ce.so
$ echo "file:/buildbot/src/android/rust-toolchain/out/package/lib/libthiserror_impl-a327deebea5619ce.so" >> "/buildbot/src/android/rust-toolchain/out/package/lib/rustlib/manifest-rustc"
$ umask 022 && mkdir -p "/buildbot/src/android/rust-toolchain/out/package/lib"
install: copying file /buildbot/src/android/rust-toolchain/out/package/lib/libtracing_attributes-bf988eba81717b6b.so
$ cp /buildbot/src/android/rust-toolchain/out/rustc/build/tmp/tarball/rustc/x86_64-unknown-linux-musl/rustc-1.71.0-dev-x86_64-unknown-linux-musl/rustc/lib/libtracing_attributes-bf988eba81717b6b.so /buildbot/src/android/rust-toolchain/out/package/lib/libtracing_attributes-bf988eba81717b6b.so
$ chmod 644 /buildbot/src/android/rust-toolchain/out/package/lib/libtracing_attributes-bf988eba81717b6b.so
$ echo "file:/buildbot/src/android/rust-toolchain/out/package/lib/libtracing_attributes-bf988eba81717b6b.so" >> "/buildbot/src/android/rust-toolchain/out/package/lib/rustlib/manifest-rustc"
$ umask 022 && mkdir -p "/buildbot/src/android/rust-toolchain/out/package/lib"
install: copying file /buildbot/src/android/rust-toolchain/out/package/lib/libunic_langid_macros_impl-35f60497ec609386.so
$ cp /buildbot/src/android/rust-toolchain/out/rustc/build/tmp/tarball/rustc/x86_64-unknown-linux-musl/rustc-1.71.0-dev-x86_64-unknown-linux-musl/rustc/lib/libunic_langid_macros_impl-35f60497ec609386.so /buildbot/src/android/rust-toolchain/out/package/lib/libunic_langid_macros_impl-35f60497ec609386.so
$ chmod 644 /buildbot/src/android/rust-toolchain/out/package/lib/libunic_langid_macros_impl-35f60497ec609386.so
$ echo "file:/buildbot/src/android/rust-toolchain/out/package/lib/libunic_langid_macros_impl-35f60497ec609386.so" >> "/buildbot/src/android/rust-toolchain/out/package/lib/rustlib/manifest-rustc"
$ umask 022 && mkdir -p "/buildbot/src/android/rust-toolchain/out/package/lib"
install: copying file /buildbot/src/android/rust-toolchain/out/package/lib/libyoke_derive-37c2a11b1da4e5fe.so
$ cp /buildbot/src/android/rust-toolchain/out/rustc/build/tmp/tarball/rustc/x86_64-unknown-linux-musl/rustc-1.71.0-dev-x86_64-unknown-linux-musl/rustc/lib/libyoke_derive-37c2a11b1da4e5fe.so /buildbot/src/android/rust-toolchain/out/package/lib/libyoke_derive-37c2a11b1da4e5fe.so
$ chmod 644 /buildbot/src/android/rust-toolchain/out/package/lib/libyoke_derive-37c2a11b1da4e5fe.so
$ echo "file:/buildbot/src/android/rust-toolchain/out/package/lib/libyoke_derive-37c2a11b1da4e5fe.so" >> "/buildbot/src/android/rust-toolchain/out/package/lib/rustlib/manifest-rustc"
$ umask 022 && mkdir -p "/buildbot/src/android/rust-toolchain/out/package/lib"
install: copying file /buildbot/src/android/rust-toolchain/out/package/lib/libzerofrom_derive-bf9dff0bd09e2901.so
$ cp /buildbot/src/android/rust-toolchain/out/rustc/build/tmp/tarball/rustc/x86_64-unknown-linux-musl/rustc-1.71.0-dev-x86_64-unknown-linux-musl/rustc/lib/libzerofrom_derive-bf9dff0bd09e2901.so /buildbot/src/android/rust-toolchain/out/package/lib/libzerofrom_derive-bf9dff0bd09e2901.so
$ chmod 644 /buildbot/src/android/rust-toolchain/out/package/lib/libzerofrom_derive-bf9dff0bd09e2901.so
$ echo "file:/buildbot/src/android/rust-toolchain/out/package/lib/libzerofrom_derive-bf9dff0bd09e2901.so" >> "/buildbot/src/android/rust-toolchain/out/package/lib/rustlib/manifest-rustc"
$ umask 022 && mkdir -p "/buildbot/src/android/rust-toolchain/out/package/lib"
install: copying file /buildbot/src/android/rust-toolchain/out/package/lib/libzerovec_derive-ac5a6846f10e9001.so
$ cp /buildbot/src/android/rust-toolchain/out/rustc/build/tmp/tarball/rustc/x86_64-unknown-linux-musl/rustc-1.71.0-dev-x86_64-unknown-linux-musl/rustc/lib/libzerovec_derive-ac5a6846f10e9001.so /buildbot/src/android/rust-toolchain/out/package/lib/libzerovec_derive-ac5a6846f10e9001.so
$ chmod 644 /buildbot/src/android/rust-toolchain/out/package/lib/libzerovec_derive-ac5a6846f10e9001.so
$ echo "file:/buildbot/src/android/rust-toolchain/out/package/lib/libzerovec_derive-ac5a6846f10e9001.so" >> "/buildbot/src/android/rust-toolchain/out/package/lib/rustlib/manifest-rustc"
$ umask 022 && mkdir -p "/buildbot/src/android/rust-toolchain/out/package/lib/rustlib/etc"
install: copying file /buildbot/src/android/rust-toolchain/out/package/lib/rustlib/etc/gdb_load_rust_pretty_printers.py
$ cp /buildbot/src/android/rust-toolchain/out/rustc/build/tmp/tarball/rustc/x86_64-unknown-linux-musl/rustc-1.71.0-dev-x86_64-unknown-linux-musl/rustc/lib/rustlib/etc/gdb_load_rust_pretty_printers.py /buildbot/src/android/rust-toolchain/out/package/lib/rustlib/etc/gdb_load_rust_pretty_printers.py
$ chmod 644 /buildbot/src/android/rust-toolchain/out/package/lib/rustlib/etc/gdb_load_rust_pretty_printers.py
$ echo "file:/buildbot/src/android/rust-toolchain/out/package/lib/rustlib/etc/gdb_load_rust_pretty_printers.py" >> "/buildbot/src/android/rust-toolchain/out/package/lib/rustlib/manifest-rustc"
$ umask 022 && mkdir -p "/buildbot/src/android/rust-toolchain/out/package/lib/rustlib/etc"
install: copying file /buildbot/src/android/rust-toolchain/out/package/lib/rustlib/etc/gdb_lookup.py
$ cp /buildbot/src/android/rust-toolchain/out/rustc/build/tmp/tarball/rustc/x86_64-unknown-linux-musl/rustc-1.71.0-dev-x86_64-unknown-linux-musl/rustc/lib/rustlib/etc/gdb_lookup.py /buildbot/src/android/rust-toolchain/out/package/lib/rustlib/etc/gdb_lookup.py
$ chmod 644 /buildbot/src/android/rust-toolchain/out/package/lib/rustlib/etc/gdb_lookup.py
$ echo "file:/buildbot/src/android/rust-toolchain/out/package/lib/rustlib/etc/gdb_lookup.py" >> "/buildbot/src/android/rust-toolchain/out/package/lib/rustlib/manifest-rustc"
$ umask 022 && mkdir -p "/buildbot/src/android/rust-toolchain/out/package/lib/rustlib/etc"
install: copying file /buildbot/src/android/rust-toolchain/out/package/lib/rustlib/etc/gdb_providers.py
$ cp /buildbot/src/android/rust-toolchain/out/rustc/build/tmp/tarball/rustc/x86_64-unknown-linux-musl/rustc-1.71.0-dev-x86_64-unknown-linux-musl/rustc/lib/rustlib/etc/gdb_providers.py /buildbot/src/android/rust-toolchain/out/package/lib/rustlib/etc/gdb_providers.py
$ chmod 644 /buildbot/src/android/rust-toolchain/out/package/lib/rustlib/etc/gdb_providers.py
$ echo "file:/buildbot/src/android/rust-toolchain/out/package/lib/rustlib/etc/gdb_providers.py" >> "/buildbot/src/android/rust-toolchain/out/package/lib/rustlib/manifest-rustc"
$ umask 022 && mkdir -p "/buildbot/src/android/rust-toolchain/out/package/lib/rustlib/etc"
install: copying file /buildbot/src/android/rust-toolchain/out/package/lib/rustlib/etc/lldb_commands
$ cp /buildbot/src/android/rust-toolchain/out/rustc/build/tmp/tarball/rustc/x86_64-unknown-linux-musl/rustc-1.71.0-dev-x86_64-unknown-linux-musl/rustc/lib/rustlib/etc/lldb_commands /buildbot/src/android/rust-toolchain/out/package/lib/rustlib/etc/lldb_commands
$ chmod 644 /buildbot/src/android/rust-toolchain/out/package/lib/rustlib/etc/lldb_commands
$ echo "file:/buildbot/src/android/rust-toolchain/out/package/lib/rustlib/etc/lldb_commands" >> "/buildbot/src/android/rust-toolchain/out/package/lib/rustlib/manifest-rustc"
$ umask 022 && mkdir -p "/buildbot/src/android/rust-toolchain/out/package/lib/rustlib/etc"
install: copying file /buildbot/src/android/rust-toolchain/out/package/lib/rustlib/etc/lldb_lookup.py
$ cp /buildbot/src/android/rust-toolchain/out/rustc/build/tmp/tarball/rustc/x86_64-unknown-linux-musl/rustc-1.71.0-dev-x86_64-unknown-linux-musl/rustc/lib/rustlib/etc/lldb_lookup.py /buildbot/src/android/rust-toolchain/out/package/lib/rustlib/etc/lldb_lookup.py
$ chmod 644 /buildbot/src/android/rust-toolchain/out/package/lib/rustlib/etc/lldb_lookup.py
$ echo "file:/buildbot/src/android/rust-toolchain/out/package/lib/rustlib/etc/lldb_lookup.py" >> "/buildbot/src/android/rust-toolchain/out/package/lib/rustlib/manifest-rustc"
$ umask 022 && mkdir -p "/buildbot/src/android/rust-toolchain/out/package/lib/rustlib/etc"
install: copying file /buildbot/src/android/rust-toolchain/out/package/lib/rustlib/etc/lldb_providers.py
$ cp /buildbot/src/android/rust-toolchain/out/rustc/build/tmp/tarball/rustc/x86_64-unknown-linux-musl/rustc-1.71.0-dev-x86_64-unknown-linux-musl/rustc/lib/rustlib/etc/lldb_providers.py /buildbot/src/android/rust-toolchain/out/package/lib/rustlib/etc/lldb_providers.py
$ chmod 644 /buildbot/src/android/rust-toolchain/out/package/lib/rustlib/etc/lldb_providers.py
$ echo "file:/buildbot/src/android/rust-toolchain/out/package/lib/rustlib/etc/lldb_providers.py" >> "/buildbot/src/android/rust-toolchain/out/package/lib/rustlib/manifest-rustc"
$ umask 022 && mkdir -p "/buildbot/src/android/rust-toolchain/out/package/lib/rustlib/etc"
install: copying file /buildbot/src/android/rust-toolchain/out/package/lib/rustlib/etc/rust_types.py
$ cp /buildbot/src/android/rust-toolchain/out/rustc/build/tmp/tarball/rustc/x86_64-unknown-linux-musl/rustc-1.71.0-dev-x86_64-unknown-linux-musl/rustc/lib/rustlib/etc/rust_types.py /buildbot/src/android/rust-toolchain/out/package/lib/rustlib/etc/rust_types.py
$ chmod 644 /buildbot/src/android/rust-toolchain/out/package/lib/rustlib/etc/rust_types.py
$ echo "file:/buildbot/src/android/rust-toolchain/out/package/lib/rustlib/etc/rust_types.py" >> "/buildbot/src/android/rust-toolchain/out/package/lib/rustlib/manifest-rustc"
$ umask 022 && mkdir -p "/buildbot/src/android/rust-toolchain/out/package/libexec"
install: copying file /buildbot/src/android/rust-toolchain/out/package/libexec/rust-analyzer-proc-macro-srv
$ cp /buildbot/src/android/rust-toolchain/out/rustc/build/tmp/tarball/rustc/x86_64-unknown-linux-musl/rustc-1.71.0-dev-x86_64-unknown-linux-musl/rustc/libexec/rust-analyzer-proc-macro-srv /buildbot/src/android/rust-toolchain/out/package/libexec/rust-analyzer-proc-macro-srv
$ chmod 755 /buildbot/src/android/rust-toolchain/out/package/libexec/rust-analyzer-proc-macro-srv
$ echo "file:/buildbot/src/android/rust-toolchain/out/package/libexec/rust-analyzer-proc-macro-srv" >> "/buildbot/src/android/rust-toolchain/out/package/lib/rustlib/manifest-rustc"
$ umask 022 && mkdir -p "/buildbot/src/android/rust-toolchain/out/package/share/doc/rust"
install: copying file /buildbot/src/android/rust-toolchain/out/package/share/doc/rust/COPYRIGHT
$ cp /buildbot/src/android/rust-toolchain/out/rustc/build/tmp/tarball/rustc/x86_64-unknown-linux-musl/rustc-1.71.0-dev-x86_64-unknown-linux-musl/rustc/share/doc/rust/COPYRIGHT /buildbot/src/android/rust-toolchain/out/package/share/doc/rust/COPYRIGHT
$ chmod 644 /buildbot/src/android/rust-toolchain/out/package/share/doc/rust/COPYRIGHT
$ echo "file:/buildbot/src/android/rust-toolchain/out/package/share/doc/rust/COPYRIGHT" >> "/buildbot/src/android/rust-toolchain/out/package/lib/rustlib/manifest-rustc"
$ umask 022 && mkdir -p "/buildbot/src/android/rust-toolchain/out/package/share/doc/rust"
install: copying file /buildbot/src/android/rust-toolchain/out/package/share/doc/rust/LICENSE-APACHE
install: backing up existing file at /buildbot/src/android/rust-toolchain/out/package/share/doc/rust/LICENSE-APACHE
$ mv -f /buildbot/src/android/rust-toolchain/out/package/share/doc/rust/LICENSE-APACHE /buildbot/src/android/rust-toolchain/out/package/share/doc/rust/LICENSE-APACHE.old
$ cp /buildbot/src/android/rust-toolchain/out/rustc/build/tmp/tarball/rustc/x86_64-unknown-linux-musl/rustc-1.71.0-dev-x86_64-unknown-linux-musl/rustc/share/doc/rust/LICENSE-APACHE /buildbot/src/android/rust-toolchain/out/package/share/doc/rust/LICENSE-APACHE
$ chmod 644 /buildbot/src/android/rust-toolchain/out/package/share/doc/rust/LICENSE-APACHE
$ echo "file:/buildbot/src/android/rust-toolchain/out/package/share/doc/rust/LICENSE-APACHE" >> "/buildbot/src/android/rust-toolchain/out/package/lib/rustlib/manifest-rustc"
$ umask 022 && mkdir -p "/buildbot/src/android/rust-toolchain/out/package/share/doc/rust"
install: copying file /buildbot/src/android/rust-toolchain/out/package/share/doc/rust/LICENSE-MIT
install: backing up existing file at /buildbot/src/android/rust-toolchain/out/package/share/doc/rust/LICENSE-MIT
$ mv -f /buildbot/src/android/rust-toolchain/out/package/share/doc/rust/LICENSE-MIT /buildbot/src/android/rust-toolchain/out/package/share/doc/rust/LICENSE-MIT.old
$ cp /buildbot/src/android/rust-toolchain/out/rustc/build/tmp/tarball/rustc/x86_64-unknown-linux-musl/rustc-1.71.0-dev-x86_64-unknown-linux-musl/rustc/share/doc/rust/LICENSE-MIT /buildbot/src/android/rust-toolchain/out/package/share/doc/rust/LICENSE-MIT
$ chmod 644 /buildbot/src/android/rust-toolchain/out/package/share/doc/rust/LICENSE-MIT
$ echo "file:/buildbot/src/android/rust-toolchain/out/package/share/doc/rust/LICENSE-MIT" >> "/buildbot/src/android/rust-toolchain/out/package/lib/rustlib/manifest-rustc"
$ umask 022 && mkdir -p "/buildbot/src/android/rust-toolchain/out/package/share/doc/rust"
install: copying file /buildbot/src/android/rust-toolchain/out/package/share/doc/rust/README.md
install: backing up existing file at /buildbot/src/android/rust-toolchain/out/package/share/doc/rust/README.md
$ mv -f /buildbot/src/android/rust-toolchain/out/package/share/doc/rust/README.md /buildbot/src/android/rust-toolchain/out/package/share/doc/rust/README.md.old
$ cp /buildbot/src/android/rust-toolchain/out/rustc/build/tmp/tarball/rustc/x86_64-unknown-linux-musl/rustc-1.71.0-dev-x86_64-unknown-linux-musl/rustc/share/doc/rust/README.md /buildbot/src/android/rust-toolchain/out/package/share/doc/rust/README.md
$ chmod 644 /buildbot/src/android/rust-toolchain/out/package/share/doc/rust/README.md
$ echo "file:/buildbot/src/android/rust-toolchain/out/package/share/doc/rust/README.md" >> "/buildbot/src/android/rust-toolchain/out/package/lib/rustlib/manifest-rustc"
$ umask 022 && mkdir -p "/buildbot/src/android/rust-toolchain/out/package/share/man/man1"
install: copying file /buildbot/src/android/rust-toolchain/out/package/share/man/man1/rustc.1
$ cp /buildbot/src/android/rust-toolchain/out/rustc/build/tmp/tarball/rustc/x86_64-unknown-linux-musl/rustc-1.71.0-dev-x86_64-unknown-linux-musl/rustc/share/man/man1/rustc.1 /buildbot/src/android/rust-toolchain/out/package/share/man/man1/rustc.1
$ chmod 644 /buildbot/src/android/rust-toolchain/out/package/share/man/man1/rustc.1
$ echo "file:/buildbot/src/android/rust-toolchain/out/package/share/man/man1/rustc.1" >> "/buildbot/src/android/rust-toolchain/out/package/lib/rustlib/manifest-rustc"
$ umask 022 && mkdir -p "/buildbot/src/android/rust-toolchain/out/package/share/man/man1"
install: copying file /buildbot/src/android/rust-toolchain/out/package/share/man/man1/rustdoc.1
$ cp /buildbot/src/android/rust-toolchain/out/rustc/build/tmp/tarball/rustc/x86_64-unknown-linux-musl/rustc-1.71.0-dev-x86_64-unknown-linux-musl/rustc/share/man/man1/rustdoc.1 /buildbot/src/android/rust-toolchain/out/package/share/man/man1/rustdoc.1
$ chmod 644 /buildbot/src/android/rust-toolchain/out/package/share/man/man1/rustdoc.1
$ echo "file:/buildbot/src/android/rust-toolchain/out/package/share/man/man1/rustdoc.1" >> "/buildbot/src/android/rust-toolchain/out/package/lib/rustlib/manifest-rustc"
